#
# There is insufficient memory for the Java Runtime Environment to continue.
# Native memory allocation (malloc) failed to allocate 1602672 bytes for Chunk::new
# Possible reasons:
#   The system is out of physical RAM or swap space
#   The process is running with CompressedOops enabled, and the Java Heap may be blocking the growth of the native heap
# Possible solutions:
#   Reduce memory load on the system
#   Increase physical memory or swap space
#   Check if swap backing store is full
#   Decrease Java heap size (-Xmx/-Xms)
#   Decrease number of Java threads
#   Decrease Java thread stack sizes (-Xss)
#   Set larger code cache with -XX:ReservedCodeCacheSize=
#   JVM is running with Unscaled Compressed Oops mode in which the Java heap is
#     placed in the first 4GB address space. The Java Heap base address is the
#     maximum limit for the native heap growth. Please use -XX:HeapBaseMinAddress
#     to set the Java Heap base and to place the Java Heap above 4GB virtual address.
# This output file may be truncated or incomplete.
#
#  Out of Memory Error (arena.cpp:189), pid=16956, tid=220
#
# JRE version: OpenJDK Runtime Environment Temurin-17.0.8.1+1 (17.0.8.1+1) (build 17.0.8.1+1)
# Java VM: OpenJDK 64-Bit Server VM Temurin-17.0.8.1+1 (17.0.8.1+1, mixed mode, sharing, tiered, compressed oops, compressed class ptrs, g1 gc, windows-amd64)
# No core dump will be written. Minidumps are not enabled by default on client versions of Windows
#

---------------  S U M M A R Y ------------

Command Line: --add-opens=java.base/java.util=ALL-UNNAMED --add-opens=java.base/java.lang=ALL-UNNAMED --add-opens=java.base/java.lang.invoke=ALL-UNNAMED --add-opens=java.base/java.util=ALL-UNNAMED --add-opens=java.prefs/java.util.prefs=ALL-UNNAMED --add-opens=java.prefs/java.util.prefs=ALL-UNNAMED --add-opens=java.base/java.nio.charset=ALL-UNNAMED --add-opens=java.base/java.net=ALL-UNNAMED --add-opens=java.base/java.util.concurrent.atomic=ALL-UNNAMED -Xmx1536M -Dfile.encoding=utf8 -Duser.country=IN -Duser.language=en -Duser.variant org.gradle.launcher.daemon.bootstrap.GradleDaemon 7.5

Host: AMD Ryzen 3 3250U with Radeon Graphics         , 4 cores, 3G,  Windows 11 , 64 bit Build 26100 (10.0.26100.3037)
Time: Sun Feb 23 16:23:46 2025 India Standard Time elapsed time: 118.019358 seconds (0d 0h 1m 58s)

---------------  T H R E A D  ---------------

Current thread (0x000001e2e589ed40):  JavaThread "C2 CompilerThread0" daemon [_thread_in_native, id=220, stack(0x0000003628800000,0x0000003628900000)]


Current CompileTask:
C2: 118019 11100       4       org.gradle.internal.service.DefaultServiceRegistry$ClassInspector$ClassDetails::collectTypes (63 bytes)

Stack: [0x0000003628800000,0x0000003628900000]
Native frames: (J=compiled Java code, j=interpreted, Vv=VM code, C=native code)
V  [jvm.dll+0x678b0a]
V  [jvm.dll+0x835e84]
V  [jvm.dll+0x83762e]
V  [jvm.dll+0x837c93]
V  [jvm.dll+0x24746f]
V  [jvm.dll+0xac20c]
V  [jvm.dll+0xac7dc]
V  [jvm.dll+0x365ca7]
V  [jvm.dll+0x1bd1f8]
V  [jvm.dll+0x219d49]
V  [jvm.dll+0x219011]
V  [jvm.dll+0x1a534d]
V  [jvm.dll+0x228d8a]
V  [jvm.dll+0x226dcc]
V  [jvm.dll+0x7ec09b]
V  [jvm.dll+0x7e64ca]
V  [jvm.dll+0x677955]
C  [ucrtbase.dll+0x37b0]
C  [KERNEL32.DLL+0x2e8d7]
C  [ntdll.dll+0xbbf2c]


---------------  P R O C E S S  ---------------

Threads class SMR info:
_java_thread_list=0x000001e2edc42580, length=86, elements={
0x000001e2c70bb2e0, 0x000001e2e5880180, 0x000001e2e58817c0, 0x000001e2e58983a0,
0x000001e2e589ac80, 0x000001e2e58a1120, 0x000001e2e58a19f0, 0x000001e2e589ed40,
0x000001e2e589fea0, 0x000001e2e58d6ee0, 0x000001e2e5b29950, 0x000001e2e5b30260,
0x000001e2eab39680, 0x000001e2ea901c40, 0x000001e2eb3407b0, 0x000001e2eb6eb600,
0x000001e2eacaaf80, 0x000001e2eacaaa70, 0x000001e2eacad2f0, 0x000001e2eacad800,
0x000001e2eacab490, 0x000001e2eacac3c0, 0x000001e2ed097f00, 0x000001e2ed09b6b0,
0x000001e2ed098410, 0x000001e2ed09ac90, 0x000001e2ed099340, 0x000001e2ed09a270,
0x000001e2ebaa1be0, 0x000001e2ebaa2600, 0x000001e2ebaa0290, 0x000001e2ebaa07a0,
0x000001e2ebaa3020, 0x000001e2ebaa0cb0, 0x000001e2ebaa3530, 0x000001e2eba9fd80,
0x000001e2ebaa20f0, 0x000001e2ebaa16d0, 0x000001e2ebaa3a40, 0x000001e2ebaa3f50,
0x000001e2ebaa4460, 0x000001e2ebaa4970, 0x000001e2ebaa11c0, 0x000001e2ebaa4e80,
0x000001e2ebaa71f0, 0x000001e2ebaa67d0, 0x000001e2ebaa6ce0, 0x000001e2ebaa58a0,
0x000001e2ebaa7700, 0x000001e2ebaa5390, 0x000001e2ebaa5db0, 0x000001e2ebaa62c0,
0x000001e2ed099d60, 0x000001e2ed099850, 0x000001e2ed098920, 0x000001e2ed09c5e0,
0x000001e2ed09df30, 0x000001e2ed09a780, 0x000001e2ed09caf0, 0x000001e2ed09e440,
0x000001e2ed09d000, 0x000001e2ed09d510, 0x000001e2ed09e950, 0x000001e2ed09da20,
0x000001e2ed09b1a0, 0x000001e2ed09ee60, 0x000001e2ed09f370, 0x000001e2ed09f880,
0x000001e2eacacde0, 0x000001e2eacac8d0, 0x000001e2eacaa050, 0x000001e2eacaa560,
0x000001e2eacab9a0, 0x000001e2eacabeb0, 0x000001e2ed722350, 0x000001e2ed721420,
0x000001e2ed723280, 0x000001e2ed721930, 0x000001e2ed722860, 0x000001e2ed721e40,
0x000001e2ed71ffe0, 0x000001e2ed723790, 0x000001e2ed723ca0, 0x000001e2ed720a00,
0x000001e2ed720f10, 0x000001e2ed7204f0
}

Java Threads: ( => current thread )
  0x000001e2c70bb2e0 JavaThread "main" [_thread_blocked, id=8268, stack(0x0000003627b00000,0x0000003627c00000)]
  0x000001e2e5880180 JavaThread "Reference Handler" daemon [_thread_blocked, id=10448, stack(0x0000003628200000,0x0000003628300000)]
  0x000001e2e58817c0 JavaThread "Finalizer" daemon [_thread_blocked, id=13832, stack(0x0000003628300000,0x0000003628400000)]
  0x000001e2e58983a0 JavaThread "Signal Dispatcher" daemon [_thread_blocked, id=20272, stack(0x0000003628400000,0x0000003628500000)]
  0x000001e2e589ac80 JavaThread "Attach Listener" daemon [_thread_blocked, id=7216, stack(0x0000003628500000,0x0000003628600000)]
  0x000001e2e58a1120 JavaThread "Service Thread" daemon [_thread_blocked, id=16364, stack(0x0000003628600000,0x0000003628700000)]
  0x000001e2e58a19f0 JavaThread "Monitor Deflation Thread" daemon [_thread_blocked, id=3028, stack(0x0000003628700000,0x0000003628800000)]
=>0x000001e2e589ed40 JavaThread "C2 CompilerThread0" daemon [_thread_in_native, id=220, stack(0x0000003628800000,0x0000003628900000)]
  0x000001e2e589fea0 JavaThread "C1 CompilerThread0" daemon [_thread_blocked, id=17588, stack(0x0000003628900000,0x0000003628a00000)]
  0x000001e2e58d6ee0 JavaThread "Sweeper thread" daemon [_thread_blocked, id=15536, stack(0x0000003628a00000,0x0000003628b00000)]
  0x000001e2e5b29950 JavaThread "Common-Cleaner" daemon [_thread_blocked, id=3372, stack(0x0000003628b00000,0x0000003628c00000)]
  0x000001e2e5b30260 JavaThread "Notification Thread" daemon [_thread_blocked, id=4356, stack(0x0000003628c00000,0x0000003628d00000)]
  0x000001e2eab39680 JavaThread "Daemon health stats" [_thread_blocked, id=9088, stack(0x0000003629100000,0x0000003629200000)]
  0x000001e2ea901c40 JavaThread "Incoming local TCP Connector on port 60925" [_thread_in_native, id=19208, stack(0x0000003629200000,0x0000003629300000)]
  0x000001e2eb3407b0 JavaThread "Daemon periodic checks" [_thread_blocked, id=9556, stack(0x0000003629300000,0x0000003629400000)]
  0x000001e2eb6eb600 JavaThread "Daemon" [_thread_blocked, id=15576, stack(0x0000003629400000,0x0000003629500000)]
  0x000001e2eacaaf80 JavaThread "Daemon worker" [_thread_in_vm, id=19100, stack(0x0000003629700000,0x0000003629800000)]
  0x000001e2eacaaa70 JavaThread "Cache worker for journal cache (C:\Users\salin\.gradle\caches\journal-1)" [_thread_blocked, id=17416, stack(0x0000003629b00000,0x0000003629c00000)]
  0x000001e2eacad2f0 JavaThread "File lock request listener" [_thread_in_native, id=1604, stack(0x0000003629c00000,0x0000003629d00000)]
  0x000001e2eacad800 JavaThread "Cache worker for file hash cache (C:\Users\salin\.gradle\caches\7.5\fileHashes)" [_thread_blocked, id=6216, stack(0x0000003629e00000,0x0000003629f00000)]
  0x000001e2eacab490 JavaThread "File watcher server" daemon [_thread_in_native, id=14940, stack(0x0000003629f00000,0x000000362a000000)]
  0x000001e2eacac3c0 JavaThread "File watcher consumer" daemon [_thread_blocked, id=12364, stack(0x000000362a000000,0x000000362a100000)]
  0x000001e2ed097f00 JavaThread "Cache worker for file content cache (C:\Users\salin\.gradle\caches\7.5\fileContent)" [_thread_blocked, id=2112, stack(0x000000362a200000,0x000000362a300000)]
  0x000001e2ed09b6b0 JavaThread "Cache worker for execution history cache (C:\Users\salin\.gradle\caches\7.5\executionHistory)" [_thread_blocked, id=11856, stack(0x000000362a500000,0x000000362a600000)]
  0x000001e2ed098410 JavaThread "jar transforms" [_thread_blocked, id=7732, stack(0x000000362a600000,0x000000362a700000)]
  0x000001e2ed09ac90 JavaThread "jar transforms Thread 2" [_thread_blocked, id=5976, stack(0x000000362a700000,0x000000362a800000)]
  0x000001e2ed099340 JavaThread "jar transforms Thread 3" [_thread_blocked, id=6924, stack(0x000000362a800000,0x000000362a900000)]
  0x000001e2ed09a270 JavaThread "jar transforms Thread 4" [_thread_blocked, id=16268, stack(0x000000362a900000,0x000000362aa00000)]
  0x000001e2ebaa1be0 JavaThread "Memory manager" [_thread_blocked, id=14072, stack(0x000000362d600000,0x000000362d700000)]
  0x000001e2ebaa2600 JavaThread "Cache worker for kotlin-dsl (C:\Users\salin\.gradle\caches\7.5\kotlin-dsl)" [_thread_blocked, id=10252, stack(0x000000362d700000,0x000000362d800000)]
  0x000001e2ebaa0290 JavaThread "Handler for socket connection from /127.0.0.1:60925 to /127.0.0.1:60953" [_thread_in_native, id=20276, stack(0x0000003627800000,0x0000003627900000)]
  0x000001e2ebaa07a0 JavaThread "Cancel handler" [_thread_blocked, id=6288, stack(0x0000003627900000,0x0000003627a00000)]
  0x000001e2ebaa3020 JavaThread "Asynchronous log dispatcher for DefaultDaemonConnection: socket connection from /127.0.0.1:60925 to /127.0.0.1:60953" [_thread_blocked, id=14668, stack(0x0000003627a00000,0x0000003627b00000)]
  0x000001e2ebaa0cb0 JavaThread "Stdin handler" [_thread_blocked, id=16248, stack(0x0000003629500000,0x0000003629600000)]
  0x000001e2ebaa3530 JavaThread "Daemon client event forwarder" [_thread_blocked, id=3500, stack(0x0000003629600000,0x0000003629700000)]
  0x000001e2eba9fd80 JavaThread "Cache worker for checksums cache (C:\Users\salin\OneDrive\Desktop\chatbotai\frontend\android\.gradle\7.5\checksums)" [_thread_blocked, id=17888, stack(0x0000003629800000,0x0000003629900000)]
  0x000001e2ebaa20f0 JavaThread "Cache worker for cache directory md-rule (C:\Users\salin\.gradle\caches\7.5\md-rule)" [_thread_blocked, id=10416, stack(0x0000003629900000,0x0000003629a00000)]
  0x000001e2ebaa16d0 JavaThread "Cache worker for file hash cache (C:\Users\salin\OneDrive\Desktop\chatbotai\frontend\android\.gradle\7.5\fileHashes)" [_thread_blocked, id=8696, stack(0x0000003629a00000,0x0000003629b00000)]
  0x000001e2ebaa3a40 JavaThread "Cache worker for cache directory md-supplier (C:\Users\salin\.gradle\caches\7.5\md-supplier)" [_thread_blocked, id=12928, stack(0x0000003629d00000,0x0000003629e00000)]
  0x000001e2ebaa3f50 JavaThread "Cache worker for dependencies-accessors (C:\Users\salin\OneDrive\Desktop\chatbotai\frontend\android\.gradle\7.5\dependencies-accessors)" [_thread_blocked, id=7820, stack(0x000000362a100000,0x000000362a200000)]
  0x000001e2ebaa4460 JavaThread "Cache worker for Build Output Cleanup Cache (C:\Users\salin\OneDrive\Desktop\chatbotai\frontend\android\.gradle\buildOutputCleanup)" [_thread_blocked, id=3192, stack(0x000000362a300000,0x000000362a400000)]
  0x000001e2ebaa4970 JavaThread "Unconstrained build operations" [_thread_blocked, id=15812, stack(0x000000362a400000,0x000000362a500000)]
  0x000001e2ebaa11c0 JavaThread "Unconstrained build operations Thread 2" [_thread_blocked, id=10760, stack(0x000000362aa00000,0x000000362ab00000)]
  0x000001e2ebaa4e80 JavaThread "Unconstrained build operations Thread 3" [_thread_blocked, id=4520, stack(0x000000362ab00000,0x000000362ac00000)]
  0x000001e2ebaa71f0 JavaThread "Unconstrained build operations Thread 4" [_thread_blocked, id=7604, stack(0x000000362ac00000,0x000000362ad00000)]
  0x000001e2ebaa67d0 JavaThread "Unconstrained build operations Thread 5" [_thread_blocked, id=18116, stack(0x000000362ad00000,0x000000362ae00000)]
  0x000001e2ebaa6ce0 JavaThread "Unconstrained build operations Thread 6" [_thread_blocked, id=2268, stack(0x000000362ae00000,0x000000362af00000)]
  0x000001e2ebaa58a0 JavaThread "Unconstrained build operations Thread 7" [_thread_blocked, id=16620, stack(0x000000362af00000,0x000000362b000000)]
  0x000001e2ebaa7700 JavaThread "Unconstrained build operations Thread 8" [_thread_blocked, id=17216, stack(0x000000362b000000,0x000000362b100000)]
  0x000001e2ebaa5390 JavaThread "Unconstrained build operations Thread 9" [_thread_blocked, id=12860, stack(0x000000362b100000,0x000000362b200000)]
  0x000001e2ebaa5db0 JavaThread "Unconstrained build operations Thread 10" [_thread_blocked, id=7444, stack(0x000000362b200000,0x000000362b300000)]
  0x000001e2ebaa62c0 JavaThread "Unconstrained build operations Thread 11" [_thread_blocked, id=11032, stack(0x000000362b300000,0x000000362b400000)]
  0x000001e2ed099d60 JavaThread "Unconstrained build operations Thread 12" [_thread_blocked, id=3464, stack(0x000000362b400000,0x000000362b500000)]
  0x000001e2ed099850 JavaThread "Unconstrained build operations Thread 13" [_thread_blocked, id=8356, stack(0x000000362b500000,0x000000362b600000)]
  0x000001e2ed098920 JavaThread "Unconstrained build operations Thread 14" [_thread_blocked, id=16088, stack(0x000000362b600000,0x000000362b700000)]
  0x000001e2ed09c5e0 JavaThread "Unconstrained build operations Thread 15" [_thread_blocked, id=11372, stack(0x000000362b700000,0x000000362b800000)]
  0x000001e2ed09df30 JavaThread "Unconstrained build operations Thread 16" [_thread_blocked, id=8340, stack(0x000000362b800000,0x000000362b900000)]
  0x000001e2ed09a780 JavaThread "Unconstrained build operations Thread 17" [_thread_blocked, id=8320, stack(0x000000362b900000,0x000000362ba00000)]
  0x000001e2ed09caf0 JavaThread "Unconstrained build operations Thread 18" [_thread_blocked, id=8788, stack(0x000000362ba00000,0x000000362bb00000)]
  0x000001e2ed09e440 JavaThread "Unconstrained build operations Thread 19" [_thread_blocked, id=7836, stack(0x000000362bb00000,0x000000362bc00000)]
  0x000001e2ed09d000 JavaThread "Unconstrained build operations Thread 20" [_thread_blocked, id=10316, stack(0x000000362bc00000,0x000000362bd00000)]
  0x000001e2ed09d510 JavaThread "Unconstrained build operations Thread 21" [_thread_blocked, id=1744, stack(0x000000362bd00000,0x000000362be00000)]
  0x000001e2ed09e950 JavaThread "Unconstrained build operations Thread 22" [_thread_blocked, id=13692, stack(0x000000362be00000,0x000000362bf00000)]
  0x000001e2ed09da20 JavaThread "Unconstrained build operations Thread 23" [_thread_blocked, id=17108, stack(0x000000362bf00000,0x000000362c000000)]
  0x000001e2ed09b1a0 JavaThread "Unconstrained build operations Thread 24" [_thread_blocked, id=17708, stack(0x000000362c000000,0x000000362c100000)]
  0x000001e2ed09ee60 JavaThread "Unconstrained build operations Thread 25" [_thread_blocked, id=10628, stack(0x000000362c100000,0x000000362c200000)]
  0x000001e2ed09f370 JavaThread "Unconstrained build operations Thread 26" [_thread_blocked, id=13184, stack(0x000000362c200000,0x000000362c300000)]
  0x000001e2ed09f880 JavaThread "Unconstrained build operations Thread 27" [_thread_blocked, id=8216, stack(0x000000362c300000,0x000000362c400000)]
  0x000001e2eacacde0 JavaThread "Unconstrained build operations Thread 28" [_thread_blocked, id=17552, stack(0x000000362c400000,0x000000362c500000)]
  0x000001e2eacac8d0 JavaThread "Unconstrained build operations Thread 29" [_thread_blocked, id=11716, stack(0x000000362c500000,0x000000362c600000)]
  0x000001e2eacaa050 JavaThread "Unconstrained build operations Thread 30" [_thread_blocked, id=8000, stack(0x000000362c600000,0x000000362c700000)]
  0x000001e2eacaa560 JavaThread "Unconstrained build operations Thread 31" [_thread_blocked, id=16504, stack(0x000000362c700000,0x000000362c800000)]
  0x000001e2eacab9a0 JavaThread "Unconstrained build operations Thread 32" [_thread_blocked, id=3868, stack(0x000000362c800000,0x000000362c900000)]
  0x000001e2eacabeb0 JavaThread "Unconstrained build operations Thread 33" [_thread_blocked, id=11756, stack(0x000000362c900000,0x000000362ca00000)]
  0x000001e2ed722350 JavaThread "Unconstrained build operations Thread 34" [_thread_blocked, id=6304, stack(0x000000362ca00000,0x000000362cb00000)]
  0x000001e2ed721420 JavaThread "Unconstrained build operations Thread 35" [_thread_blocked, id=16908, stack(0x000000362cb00000,0x000000362cc00000)]
  0x000001e2ed723280 JavaThread "Unconstrained build operations Thread 36" [_thread_blocked, id=18052, stack(0x000000362cc00000,0x000000362cd00000)]
  0x000001e2ed721930 JavaThread "Unconstrained build operations Thread 37" [_thread_blocked, id=16856, stack(0x000000362cd00000,0x000000362ce00000)]
  0x000001e2ed722860 JavaThread "Unconstrained build operations Thread 38" [_thread_blocked, id=5612, stack(0x000000362ce00000,0x000000362cf00000)]
  0x000001e2ed721e40 JavaThread "Unconstrained build operations Thread 39" [_thread_blocked, id=11668, stack(0x000000362cf00000,0x000000362d000000)]
  0x000001e2ed71ffe0 JavaThread "Unconstrained build operations Thread 40" [_thread_blocked, id=17196, stack(0x000000362d000000,0x000000362d100000)]
  0x000001e2ed723790 JavaThread "included builds" [_thread_blocked, id=18620, stack(0x000000362d100000,0x000000362d200000)]
  0x000001e2ed723ca0 JavaThread "Execution worker" [_thread_blocked, id=5444, stack(0x000000362d200000,0x000000362d300000)]
  0x000001e2ed720a00 JavaThread "Execution worker Thread 2" [_thread_blocked, id=19740, stack(0x000000362d300000,0x000000362d400000)]
  0x000001e2ed720f10 JavaThread "Execution worker Thread 3" [_thread_blocked, id=9020, stack(0x000000362d800000,0x000000362d900000)]
  0x000001e2ed7204f0 JavaThread "Cache worker for execution history cache (C:\Users\salin\OneDrive\Desktop\chatbotai\frontend\android\.gradle\7.5\executionHistory)" [_thread_blocked, id=17800, stack(0x000000362d900000,0x000000362da00000)]

Other Threads:
  0x000001e2e587c820 VMThread "VM Thread" [stack: 0x0000003628100000,0x0000003628200000] [id=10600]
  0x000001e2e5b30740 WatcherThread [stack: 0x0000003628d00000,0x0000003628e00000] [id=10332]
  0x000001e2c710a200 GCTaskThread "GC Thread#0" [stack: 0x0000003627c00000,0x0000003627d00000] [id=14852]
  0x000001e2ea311aa0 GCTaskThread "GC Thread#1" [stack: 0x0000003628e00000,0x0000003628f00000] [id=18076]
  0x000001e2e5d74c60 GCTaskThread "GC Thread#2" [stack: 0x0000003628f00000,0x0000003629000000] [id=15080]
  0x000001e2eaab6bb0 GCTaskThread "GC Thread#3" [stack: 0x0000003629000000,0x0000003629100000] [id=11380]
  0x000001e2c7117060 ConcurrentGCThread "G1 Main Marker" [stack: 0x0000003627d00000,0x0000003627e00000] [id=5124]
  0x000001e2c7117980 ConcurrentGCThread "G1 Conc#0" [stack: 0x0000003627e00000,0x0000003627f00000] [id=13000]
  0x000001e2c7157850 ConcurrentGCThread "G1 Refine#0" [stack: 0x0000003627f00000,0x0000003628000000] [id=14020]
  0x000001e2c7158e60 ConcurrentGCThread "G1 Service" [stack: 0x0000003628000000,0x0000003628100000] [id=14972]

Threads with active compile tasks:
C2 CompilerThread0   118104 11100       4       org.gradle.internal.service.DefaultServiceRegistry$ClassInspector$ClassDetails::collectTypes (63 bytes)

VM state: not at safepoint (normal execution)

VM Mutex/Monitor currently owned by a thread: None

Heap address: 0x00000000a0000000, size: 1536 MB, Compressed Oops mode: 32-bit

CDS archive(s) mapped at: [0x000001e280000000-0x000001e280bd0000-0x000001e280bd0000), size 12386304, SharedBaseAddress: 0x000001e280000000, ArchiveRelocationMode: 1.
Compressed class space mapped at: 0x000001e281000000-0x000001e2c1000000, reserved size: 1073741824
Narrow klass base: 0x000001e280000000, Narrow klass shift: 0, Narrow klass range: 0x100000000

GC Precious Log:
 CPUs: 4 total, 4 available
 Memory: 3521M
 Large Page Support: Disabled
 NUMA Support: Disabled
 Compressed Oops: Enabled (32-bit)
 Heap Region Size: 1M
 Heap Min Capacity: 8M
 Heap Initial Capacity: 56M
 Heap Max Capacity: 1536M
 Pre-touch: Disabled
 Parallel Workers: 4
 Concurrent Workers: 1
 Concurrent Refinement Workers: 4
 Periodic GC: Disabled

Heap:
 garbage-first heap   total 174080K, used 106049K [0x00000000a0000000, 0x0000000100000000)
  region size 1024K, 13 young (13312K), 1 survivors (1024K)
 Metaspace       used 75565K, committed 76416K, reserved 1179648K
  class space    used 10464K, committed 10880K, reserved 1048576K

Heap Regions: E=young(eden), S=young(survivor), O=old, HS=humongous(starts), HC=humongous(continues), CS=collection set, F=free, OA=open archive, CA=closed archive, TAMS=top-at-mark-start (previous, next)
|   0|0x00000000a0000000, 0x00000000a0100000, 0x00000000a0100000|100%|HS|  |TAMS 0x00000000a0100000, 0x00000000a0000000| Complete 
|   1|0x00000000a0100000, 0x00000000a0200000, 0x00000000a0200000|100%|HC|  |TAMS 0x00000000a0200000, 0x00000000a0100000| Complete 
|   2|0x00000000a0200000, 0x00000000a0300000, 0x00000000a0300000|100%|HC|  |TAMS 0x00000000a0300000, 0x00000000a0200000| Complete 
|   3|0x00000000a0300000, 0x00000000a0400000, 0x00000000a0400000|100%| O|  |TAMS 0x00000000a0400000, 0x00000000a0300000| Untracked 
|   4|0x00000000a0400000, 0x00000000a0500000, 0x00000000a0500000|100%| O|  |TAMS 0x00000000a0500000, 0x00000000a0400000| Untracked 
|   5|0x00000000a0500000, 0x00000000a0600000, 0x00000000a0600000|100%| O|  |TAMS 0x00000000a0600000, 0x00000000a0500000| Untracked 
|   6|0x00000000a0600000, 0x00000000a0700000, 0x00000000a0700000|100%| O|  |TAMS 0x00000000a0700000, 0x00000000a0600000| Untracked 
|   7|0x00000000a0700000, 0x00000000a0800000, 0x00000000a0800000|100%| O|  |TAMS 0x00000000a0800000, 0x00000000a0700000| Untracked 
|   8|0x00000000a0800000, 0x00000000a0900000, 0x00000000a0900000|100%| O|  |TAMS 0x00000000a0900000, 0x00000000a0800000| Untracked 
|   9|0x00000000a0900000, 0x00000000a0a00000, 0x00000000a0a00000|100%| O|  |TAMS 0x00000000a0a00000, 0x00000000a0900000| Untracked 
|  10|0x00000000a0a00000, 0x00000000a0b00000, 0x00000000a0b00000|100%| O|  |TAMS 0x00000000a0b00000, 0x00000000a0a00000| Untracked 
|  11|0x00000000a0b00000, 0x00000000a0c00000, 0x00000000a0c00000|100%| O|  |TAMS 0x00000000a0c00000, 0x00000000a0b00000| Untracked 
|  12|0x00000000a0c00000, 0x00000000a0d00000, 0x00000000a0d00000|100%| O|  |TAMS 0x00000000a0d00000, 0x00000000a0c00000| Untracked 
|  13|0x00000000a0d00000, 0x00000000a0e00000, 0x00000000a0e00000|100%| O|  |TAMS 0x00000000a0e00000, 0x00000000a0d00000| Untracked 
|  14|0x00000000a0e00000, 0x00000000a0f00000, 0x00000000a0f00000|100%| O|  |TAMS 0x00000000a0f00000, 0x00000000a0e00000| Untracked 
|  15|0x00000000a0f00000, 0x00000000a1000000, 0x00000000a1000000|100%| O|  |TAMS 0x00000000a1000000, 0x00000000a0f00000| Untracked 
|  16|0x00000000a1000000, 0x00000000a1100000, 0x00000000a1100000|100%| O|  |TAMS 0x00000000a1100000, 0x00000000a1000000| Untracked 
|  17|0x00000000a1100000, 0x00000000a1200000, 0x00000000a1200000|100%| O|  |TAMS 0x00000000a1200000, 0x00000000a1100000| Untracked 
|  18|0x00000000a1200000, 0x00000000a1300000, 0x00000000a1300000|100%| O|  |TAMS 0x00000000a1300000, 0x00000000a1200000| Untracked 
|  19|0x00000000a1300000, 0x00000000a1400000, 0x00000000a1400000|100%| O|  |TAMS 0x00000000a1400000, 0x00000000a1300000| Untracked 
|  20|0x00000000a1400000, 0x00000000a1500000, 0x00000000a1500000|100%| O|  |TAMS 0x00000000a1500000, 0x00000000a1400000| Untracked 
|  21|0x00000000a1500000, 0x00000000a1500000, 0x00000000a1600000|  0%| F|  |TAMS 0x00000000a1500000, 0x00000000a1500000| Untracked 
|  22|0x00000000a1600000, 0x00000000a1700000, 0x00000000a1700000|100%| O|  |TAMS 0x00000000a1700000, 0x00000000a1600000| Untracked 
|  23|0x00000000a1700000, 0x00000000a1800000, 0x00000000a1800000|100%| O|  |TAMS 0x00000000a1800000, 0x00000000a1700000| Untracked 
|  24|0x00000000a1800000, 0x00000000a1900000, 0x00000000a1900000|100%| O|  |TAMS 0x00000000a1900000, 0x00000000a1800000| Untracked 
|  25|0x00000000a1900000, 0x00000000a1a00000, 0x00000000a1a00000|100%| O|  |TAMS 0x00000000a1a00000, 0x00000000a1900000| Untracked 
|  26|0x00000000a1a00000, 0x00000000a1b00000, 0x00000000a1b00000|100%| O|  |TAMS 0x00000000a1b00000, 0x00000000a1a00000| Untracked 
|  27|0x00000000a1b00000, 0x00000000a1c00000, 0x00000000a1c00000|100%| O|  |TAMS 0x00000000a1c00000, 0x00000000a1b00000| Untracked 
|  28|0x00000000a1c00000, 0x00000000a1d00000, 0x00000000a1d00000|100%| O|  |TAMS 0x00000000a1d00000, 0x00000000a1c00000| Untracked 
|  29|0x00000000a1d00000, 0x00000000a1e00000, 0x00000000a1e00000|100%| O|  |TAMS 0x00000000a1e00000, 0x00000000a1d00000| Untracked 
|  30|0x00000000a1e00000, 0x00000000a1f00000, 0x00000000a1f00000|100%| O|  |TAMS 0x00000000a1f00000, 0x00000000a1e00000| Untracked 
|  31|0x00000000a1f00000, 0x00000000a2000000, 0x00000000a2000000|100%| O|  |TAMS 0x00000000a2000000, 0x00000000a1f00000| Untracked 
|  32|0x00000000a2000000, 0x00000000a2100000, 0x00000000a2100000|100%| O|  |TAMS 0x00000000a2100000, 0x00000000a2000000| Untracked 
|  33|0x00000000a2100000, 0x00000000a2200000, 0x00000000a2200000|100%| O|  |TAMS 0x00000000a2200000, 0x00000000a2100000| Untracked 
|  34|0x00000000a2200000, 0x00000000a2300000, 0x00000000a2300000|100%|HS|  |TAMS 0x00000000a2300000, 0x00000000a2200000| Complete 
|  35|0x00000000a2300000, 0x00000000a2400000, 0x00000000a2400000|100%|HS|  |TAMS 0x00000000a2400000, 0x00000000a2300000| Complete 
|  36|0x00000000a2400000, 0x00000000a2500000, 0x00000000a2500000|100%|HS|  |TAMS 0x00000000a2500000, 0x00000000a2400000| Complete 
|  37|0x00000000a2500000, 0x00000000a2600000, 0x00000000a2600000|100%| O|  |TAMS 0x00000000a2600000, 0x00000000a2500000| Untracked 
|  38|0x00000000a2600000, 0x00000000a2700000, 0x00000000a2700000|100%|HS|  |TAMS 0x00000000a2700000, 0x00000000a2600000| Complete 
|  39|0x00000000a2700000, 0x00000000a2800000, 0x00000000a2800000|100%|HC|  |TAMS 0x00000000a2800000, 0x00000000a2700000| Complete 
|  40|0x00000000a2800000, 0x00000000a2900000, 0x00000000a2900000|100%|HC|  |TAMS 0x00000000a2900000, 0x00000000a2800000| Complete 
|  41|0x00000000a2900000, 0x00000000a2a00000, 0x00000000a2a00000|100%| O|  |TAMS 0x00000000a2a00000, 0x00000000a2900000| Untracked 
|  42|0x00000000a2a00000, 0x00000000a2b00000, 0x00000000a2b00000|100%| O|  |TAMS 0x00000000a2b00000, 0x00000000a2a00000| Untracked 
|  43|0x00000000a2b00000, 0x00000000a2c00000, 0x00000000a2c00000|100%| O|  |TAMS 0x00000000a2c00000, 0x00000000a2b00000| Untracked 
|  44|0x00000000a2c00000, 0x00000000a2d00000, 0x00000000a2d00000|100%|HS|  |TAMS 0x00000000a2d00000, 0x00000000a2c00000| Complete 
|  45|0x00000000a2d00000, 0x00000000a2e00000, 0x00000000a2e00000|100%|HC|  |TAMS 0x00000000a2e00000, 0x00000000a2d00000| Complete 
|  46|0x00000000a2e00000, 0x00000000a2f00000, 0x00000000a2f00000|100%| O|  |TAMS 0x00000000a2f00000, 0x00000000a2e00000| Untracked 
|  47|0x00000000a2f00000, 0x00000000a3000000, 0x00000000a3000000|100%| O|  |TAMS 0x00000000a3000000, 0x00000000a2f00000| Untracked 
|  48|0x00000000a3000000, 0x00000000a3100000, 0x00000000a3100000|100%| O|  |TAMS 0x00000000a3100000, 0x00000000a3000000| Untracked 
|  49|0x00000000a3100000, 0x00000000a3200000, 0x00000000a3200000|100%| O|  |TAMS 0x00000000a3200000, 0x00000000a3100000| Untracked 
|  50|0x00000000a3200000, 0x00000000a3300000, 0x00000000a3300000|100%|HS|  |TAMS 0x00000000a3300000, 0x00000000a3200000| Complete 
|  51|0x00000000a3300000, 0x00000000a3400000, 0x00000000a3400000|100%| O|  |TAMS 0x00000000a3400000, 0x00000000a3300000| Untracked 
|  52|0x00000000a3400000, 0x00000000a3500000, 0x00000000a3500000|100%| O|  |TAMS 0x00000000a3500000, 0x00000000a3400000| Untracked 
|  53|0x00000000a3500000, 0x00000000a3600000, 0x00000000a3600000|100%| O|  |TAMS 0x00000000a3600000, 0x00000000a3500000| Untracked 
|  54|0x00000000a3600000, 0x00000000a3700000, 0x00000000a3700000|100%| O|  |TAMS 0x00000000a3700000, 0x00000000a3600000| Untracked 
|  55|0x00000000a3700000, 0x00000000a3800000, 0x00000000a3800000|100%| O|  |TAMS 0x00000000a3800000, 0x00000000a3700000| Untracked 
|  56|0x00000000a3800000, 0x00000000a3900000, 0x00000000a3900000|100%| O|  |TAMS 0x00000000a3900000, 0x00000000a3800000| Untracked 
|  57|0x00000000a3900000, 0x00000000a3a00000, 0x00000000a3a00000|100%| O|  |TAMS 0x00000000a3a00000, 0x00000000a3900000| Untracked 
|  58|0x00000000a3a00000, 0x00000000a3b00000, 0x00000000a3b00000|100%| O|  |TAMS 0x00000000a3b00000, 0x00000000a3a00000| Untracked 
|  59|0x00000000a3b00000, 0x00000000a3c00000, 0x00000000a3c00000|100%| O|  |TAMS 0x00000000a3c00000, 0x00000000a3b00000| Untracked 
|  60|0x00000000a3c00000, 0x00000000a3d00000, 0x00000000a3d00000|100%|HS|  |TAMS 0x00000000a3d00000, 0x00000000a3c00000| Complete 
|  61|0x00000000a3d00000, 0x00000000a3e00000, 0x00000000a3e00000|100%| O|  |TAMS 0x00000000a3e00000, 0x00000000a3d00000| Untracked 
|  62|0x00000000a3e00000, 0x00000000a3f00000, 0x00000000a3f00000|100%| O|  |TAMS 0x00000000a3f00000, 0x00000000a3e00000| Untracked 
|  63|0x00000000a3f00000, 0x00000000a4000000, 0x00000000a4000000|100%| O|  |TAMS 0x00000000a4000000, 0x00000000a3f00000| Untracked 
|  64|0x00000000a4000000, 0x00000000a4100000, 0x00000000a4100000|100%| O|  |TAMS 0x00000000a4100000, 0x00000000a4000000| Untracked 
|  65|0x00000000a4100000, 0x00000000a4200000, 0x00000000a4200000|100%| O|  |TAMS 0x00000000a4200000, 0x00000000a4100000| Untracked 
|  66|0x00000000a4200000, 0x00000000a4300000, 0x00000000a4300000|100%| O|  |TAMS 0x00000000a4300000, 0x00000000a4200000| Untracked 
|  67|0x00000000a4300000, 0x00000000a4400000, 0x00000000a4400000|100%| O|  |TAMS 0x00000000a4400000, 0x00000000a4300000| Untracked 
|  68|0x00000000a4400000, 0x00000000a4500000, 0x00000000a4500000|100%| O|  |TAMS 0x00000000a4500000, 0x00000000a4400000| Untracked 
|  69|0x00000000a4500000, 0x00000000a4600000, 0x00000000a4600000|100%| O|  |TAMS 0x00000000a4600000, 0x00000000a4500000| Untracked 
|  70|0x00000000a4600000, 0x00000000a4700000, 0x00000000a4700000|100%| O|  |TAMS 0x00000000a4700000, 0x00000000a4600000| Untracked 
|  71|0x00000000a4700000, 0x00000000a4800000, 0x00000000a4800000|100%| O|  |TAMS 0x00000000a4800000, 0x00000000a4700000| Untracked 
|  72|0x00000000a4800000, 0x00000000a4900000, 0x00000000a4900000|100%| O|  |TAMS 0x00000000a4900000, 0x00000000a4800000| Untracked 
|  73|0x00000000a4900000, 0x00000000a4a00000, 0x00000000a4a00000|100%| O|  |TAMS 0x00000000a4a00000, 0x00000000a4900000| Untracked 
|  74|0x00000000a4a00000, 0x00000000a4b00000, 0x00000000a4b00000|100%| O|  |TAMS 0x00000000a4b00000, 0x00000000a4a00000| Untracked 
|  75|0x00000000a4b00000, 0x00000000a4c00000, 0x00000000a4c00000|100%| O|  |TAMS 0x00000000a4c00000, 0x00000000a4b00000| Untracked 
|  76|0x00000000a4c00000, 0x00000000a4d00000, 0x00000000a4d00000|100%| O|  |TAMS 0x00000000a4d00000, 0x00000000a4c00000| Untracked 
|  77|0x00000000a4d00000, 0x00000000a4e00000, 0x00000000a4e00000|100%| O|  |TAMS 0x00000000a4da6e00, 0x00000000a4d00000| Untracked 
|  78|0x00000000a4e00000, 0x00000000a4f00000, 0x00000000a4f00000|100%| O|  |TAMS 0x00000000a4e00000, 0x00000000a4e00000| Untracked 
|  79|0x00000000a4f00000, 0x00000000a5000000, 0x00000000a5000000|100%| O|  |TAMS 0x00000000a4f00000, 0x00000000a4f00000| Untracked 
|  80|0x00000000a5000000, 0x00000000a5100000, 0x00000000a5100000|100%| O|  |TAMS 0x00000000a5000000, 0x00000000a5000000| Untracked 
|  81|0x00000000a5100000, 0x00000000a5200000, 0x00000000a5200000|100%| O|  |TAMS 0x00000000a5100000, 0x00000000a5100000| Untracked 
|  82|0x00000000a5200000, 0x00000000a5300000, 0x00000000a5300000|100%| O|  |TAMS 0x00000000a5200000, 0x00000000a5200000| Untracked 
|  83|0x00000000a5300000, 0x00000000a5400000, 0x00000000a5400000|100%| O|  |TAMS 0x00000000a5300000, 0x00000000a5300000| Untracked 
|  84|0x00000000a5400000, 0x00000000a5500000, 0x00000000a5500000|100%| O|  |TAMS 0x00000000a5400000, 0x00000000a5400000| Untracked 
|  85|0x00000000a5500000, 0x00000000a5600000, 0x00000000a5600000|100%| O|  |TAMS 0x00000000a5500000, 0x00000000a5500000| Untracked 
|  86|0x00000000a5600000, 0x00000000a5700000, 0x00000000a5700000|100%| O|  |TAMS 0x00000000a5600000, 0x00000000a5600000| Untracked 
|  87|0x00000000a5700000, 0x00000000a5800000, 0x00000000a5800000|100%| O|  |TAMS 0x00000000a5700000, 0x00000000a5700000| Untracked 
|  88|0x00000000a5800000, 0x00000000a5900000, 0x00000000a5900000|100%| O|  |TAMS 0x00000000a5800000, 0x00000000a5800000| Untracked 
|  89|0x00000000a5900000, 0x00000000a5a00000, 0x00000000a5a00000|100%| O|  |TAMS 0x00000000a5900000, 0x00000000a5900000| Untracked 
|  90|0x00000000a5a00000, 0x00000000a5b00000, 0x00000000a5b00000|100%| O|  |TAMS 0x00000000a5a00000, 0x00000000a5a00000| Untracked 
|  91|0x00000000a5b00000, 0x00000000a5c00000, 0x00000000a5c00000|100%| O|  |TAMS 0x00000000a5b00000, 0x00000000a5b00000| Untracked 
|  92|0x00000000a5c00000, 0x00000000a5cd7000, 0x00000000a5d00000| 83%| O|  |TAMS 0x00000000a5c00000, 0x00000000a5c00000| Untracked 
|  93|0x00000000a5d00000, 0x00000000a5d00000, 0x00000000a5e00000|  0%| F|  |TAMS 0x00000000a5d00000, 0x00000000a5d00000| Untracked 
|  94|0x00000000a5e00000, 0x00000000a5e00000, 0x00000000a5f00000|  0%| F|  |TAMS 0x00000000a5e00000, 0x00000000a5e00000| Untracked 
|  95|0x00000000a5f00000, 0x00000000a5f00000, 0x00000000a6000000|  0%| F|  |TAMS 0x00000000a5f00000, 0x00000000a5f00000| Untracked 
|  96|0x00000000a6000000, 0x00000000a6000000, 0x00000000a6100000|  0%| F|  |TAMS 0x00000000a6000000, 0x00000000a6000000| Untracked 
|  97|0x00000000a6100000, 0x00000000a6100000, 0x00000000a6200000|  0%| F|  |TAMS 0x00000000a6100000, 0x00000000a6100000| Untracked 
|  98|0x00000000a6200000, 0x00000000a6200000, 0x00000000a6300000|  0%| F|  |TAMS 0x00000000a6200000, 0x00000000a6200000| Untracked 
|  99|0x00000000a6300000, 0x00000000a6300000, 0x00000000a6400000|  0%| F|  |TAMS 0x00000000a6300000, 0x00000000a6300000| Untracked 
| 100|0x00000000a6400000, 0x00000000a6400000, 0x00000000a6500000|  0%| F|  |TAMS 0x00000000a6400000, 0x00000000a6400000| Untracked 
| 101|0x00000000a6500000, 0x00000000a6500000, 0x00000000a6600000|  0%| F|  |TAMS 0x00000000a6500000, 0x00000000a6500000| Untracked 
| 102|0x00000000a6600000, 0x00000000a6600000, 0x00000000a6700000|  0%| F|  |TAMS 0x00000000a6600000, 0x00000000a6600000| Untracked 
| 103|0x00000000a6700000, 0x00000000a6700000, 0x00000000a6800000|  0%| F|  |TAMS 0x00000000a6700000, 0x00000000a6700000| Untracked 
| 104|0x00000000a6800000, 0x00000000a6800000, 0x00000000a6900000|  0%| F|  |TAMS 0x00000000a6800000, 0x00000000a6800000| Untracked 
| 105|0x00000000a6900000, 0x00000000a6900000, 0x00000000a6a00000|  0%| F|  |TAMS 0x00000000a6900000, 0x00000000a6900000| Untracked 
| 106|0x00000000a6a00000, 0x00000000a6a00000, 0x00000000a6b00000|  0%| F|  |TAMS 0x00000000a6a00000, 0x00000000a6a00000| Untracked 
| 107|0x00000000a6b00000, 0x00000000a6b00000, 0x00000000a6c00000|  0%| F|  |TAMS 0x00000000a6b00000, 0x00000000a6b00000| Untracked 
| 108|0x00000000a6c00000, 0x00000000a6c00000, 0x00000000a6d00000|  0%| F|  |TAMS 0x00000000a6c00000, 0x00000000a6c00000| Untracked 
| 109|0x00000000a6d00000, 0x00000000a6d00000, 0x00000000a6e00000|  0%| F|  |TAMS 0x00000000a6d00000, 0x00000000a6d00000| Untracked 
| 110|0x00000000a6e00000, 0x00000000a6e00000, 0x00000000a6f00000|  0%| F|  |TAMS 0x00000000a6e00000, 0x00000000a6e00000| Untracked 
| 111|0x00000000a6f00000, 0x00000000a6f00000, 0x00000000a7000000|  0%| F|  |TAMS 0x00000000a6f00000, 0x00000000a6f00000| Untracked 
| 112|0x00000000a7000000, 0x00000000a7000000, 0x00000000a7100000|  0%| F|  |TAMS 0x00000000a7000000, 0x00000000a7000000| Untracked 
| 113|0x00000000a7100000, 0x00000000a7100000, 0x00000000a7200000|  0%| F|  |TAMS 0x00000000a7100000, 0x00000000a7100000| Untracked 
| 114|0x00000000a7200000, 0x00000000a7200000, 0x00000000a7300000|  0%| F|  |TAMS 0x00000000a7200000, 0x00000000a7200000| Untracked 
| 115|0x00000000a7300000, 0x00000000a7300000, 0x00000000a7400000|  0%| F|  |TAMS 0x00000000a7300000, 0x00000000a7300000| Untracked 
| 116|0x00000000a7400000, 0x00000000a7400000, 0x00000000a7500000|  0%| F|  |TAMS 0x00000000a7400000, 0x00000000a7400000| Untracked 
| 117|0x00000000a7500000, 0x00000000a7500000, 0x00000000a7600000|  0%| F|  |TAMS 0x00000000a7500000, 0x00000000a7500000| Untracked 
| 118|0x00000000a7600000, 0x00000000a7600000, 0x00000000a7700000|  0%| F|  |TAMS 0x00000000a7600000, 0x00000000a7600000| Untracked 
| 119|0x00000000a7700000, 0x00000000a7700000, 0x00000000a7800000|  0%| F|  |TAMS 0x00000000a7700000, 0x00000000a7700000| Untracked 
| 120|0x00000000a7800000, 0x00000000a7800000, 0x00000000a7900000|  0%| F|  |TAMS 0x00000000a7800000, 0x00000000a7800000| Untracked 
| 121|0x00000000a7900000, 0x00000000a7900000, 0x00000000a7a00000|  0%| F|  |TAMS 0x00000000a7900000, 0x00000000a7900000| Untracked 
| 122|0x00000000a7a00000, 0x00000000a7a00000, 0x00000000a7b00000|  0%| F|  |TAMS 0x00000000a7a00000, 0x00000000a7a00000| Untracked 
| 123|0x00000000a7b00000, 0x00000000a7b00000, 0x00000000a7c00000|  0%| F|  |TAMS 0x00000000a7b00000, 0x00000000a7b00000| Untracked 
| 124|0x00000000a7c00000, 0x00000000a7c00000, 0x00000000a7d00000|  0%| F|  |TAMS 0x00000000a7c00000, 0x00000000a7c00000| Untracked 
| 125|0x00000000a7d00000, 0x00000000a7d00000, 0x00000000a7e00000|  0%| F|  |TAMS 0x00000000a7d00000, 0x00000000a7d00000| Untracked 
| 126|0x00000000a7e00000, 0x00000000a7e00000, 0x00000000a7f00000|  0%| F|  |TAMS 0x00000000a7e00000, 0x00000000a7e00000| Untracked 
| 127|0x00000000a7f00000, 0x00000000a7f00000, 0x00000000a8000000|  0%| F|  |TAMS 0x00000000a7f00000, 0x00000000a7f00000| Untracked 
| 128|0x00000000a8000000, 0x00000000a8000000, 0x00000000a8100000|  0%| F|  |TAMS 0x00000000a8000000, 0x00000000a8000000| Untracked 
| 129|0x00000000a8100000, 0x00000000a8100000, 0x00000000a8200000|  0%| F|  |TAMS 0x00000000a8100000, 0x00000000a8100000| Untracked 
| 130|0x00000000a8200000, 0x00000000a8200000, 0x00000000a8300000|  0%| F|  |TAMS 0x00000000a8200000, 0x00000000a8200000| Untracked 
| 131|0x00000000a8300000, 0x00000000a8300000, 0x00000000a8400000|  0%| F|  |TAMS 0x00000000a8300000, 0x00000000a8300000| Untracked 
| 132|0x00000000a8400000, 0x00000000a8400000, 0x00000000a8500000|  0%| F|  |TAMS 0x00000000a8400000, 0x00000000a8400000| Untracked 
| 133|0x00000000a8500000, 0x00000000a8500000, 0x00000000a8600000|  0%| F|  |TAMS 0x00000000a8500000, 0x00000000a8500000| Untracked 
| 134|0x00000000a8600000, 0x00000000a8600000, 0x00000000a8700000|  0%| F|  |TAMS 0x00000000a8600000, 0x00000000a8600000| Untracked 
| 135|0x00000000a8700000, 0x00000000a8700000, 0x00000000a8800000|  0%| F|  |TAMS 0x00000000a8700000, 0x00000000a8700000| Untracked 
| 136|0x00000000a8800000, 0x00000000a8800000, 0x00000000a8900000|  0%| F|  |TAMS 0x00000000a8800000, 0x00000000a8800000| Untracked 
| 137|0x00000000a8900000, 0x00000000a8900000, 0x00000000a8a00000|  0%| F|  |TAMS 0x00000000a8900000, 0x00000000a8900000| Untracked 
| 138|0x00000000a8a00000, 0x00000000a8a00000, 0x00000000a8b00000|  0%| F|  |TAMS 0x00000000a8a00000, 0x00000000a8a00000| Untracked 
| 139|0x00000000a8b00000, 0x00000000a8b00000, 0x00000000a8c00000|  0%| F|  |TAMS 0x00000000a8b00000, 0x00000000a8b00000| Untracked 
| 140|0x00000000a8c00000, 0x00000000a8c00000, 0x00000000a8d00000|  0%| F|  |TAMS 0x00000000a8c00000, 0x00000000a8c00000| Untracked 
| 141|0x00000000a8d00000, 0x00000000a8d00000, 0x00000000a8e00000|  0%| F|  |TAMS 0x00000000a8d00000, 0x00000000a8d00000| Untracked 
| 142|0x00000000a8e00000, 0x00000000a8e00000, 0x00000000a8f00000|  0%| F|  |TAMS 0x00000000a8e00000, 0x00000000a8e00000| Untracked 
| 143|0x00000000a8f00000, 0x00000000a8f00000, 0x00000000a9000000|  0%| F|  |TAMS 0x00000000a8f00000, 0x00000000a8f00000| Untracked 
| 144|0x00000000a9000000, 0x00000000a9000000, 0x00000000a9100000|  0%| F|  |TAMS 0x00000000a9000000, 0x00000000a9000000| Untracked 
| 145|0x00000000a9100000, 0x00000000a9100000, 0x00000000a9200000|  0%| F|  |TAMS 0x00000000a9100000, 0x00000000a9100000| Untracked 
| 146|0x00000000a9200000, 0x00000000a9200000, 0x00000000a9300000|  0%| F|  |TAMS 0x00000000a9200000, 0x00000000a9200000| Untracked 
| 147|0x00000000a9300000, 0x00000000a9300000, 0x00000000a9400000|  0%| F|  |TAMS 0x00000000a9300000, 0x00000000a9300000| Untracked 
| 148|0x00000000a9400000, 0x00000000a9400000, 0x00000000a9500000|  0%| F|  |TAMS 0x00000000a9400000, 0x00000000a9400000| Untracked 
| 149|0x00000000a9500000, 0x00000000a9500000, 0x00000000a9600000|  0%| F|  |TAMS 0x00000000a9500000, 0x00000000a9500000| Untracked 
| 150|0x00000000a9600000, 0x00000000a9600000, 0x00000000a9700000|  0%| F|  |TAMS 0x00000000a9600000, 0x00000000a9600000| Untracked 
| 151|0x00000000a9700000, 0x00000000a9700000, 0x00000000a9800000|  0%| F|  |TAMS 0x00000000a9700000, 0x00000000a9700000| Untracked 
| 152|0x00000000a9800000, 0x00000000a9800000, 0x00000000a9900000|  0%| F|  |TAMS 0x00000000a9800000, 0x00000000a9800000| Untracked 
| 153|0x00000000a9900000, 0x00000000a9900000, 0x00000000a9a00000|  0%| F|  |TAMS 0x00000000a9900000, 0x00000000a9900000| Untracked 
| 154|0x00000000a9a00000, 0x00000000a9a00000, 0x00000000a9b00000|  0%| F|  |TAMS 0x00000000a9a00000, 0x00000000a9a00000| Untracked 
| 155|0x00000000a9b00000, 0x00000000a9b00000, 0x00000000a9c00000|  0%| F|  |TAMS 0x00000000a9b00000, 0x00000000a9b00000| Untracked 
| 156|0x00000000a9c00000, 0x00000000a9c00000, 0x00000000a9d00000|  0%| F|  |TAMS 0x00000000a9c00000, 0x00000000a9c00000| Untracked 
| 157|0x00000000a9d00000, 0x00000000a9e00000, 0x00000000a9e00000|100%| E|  |TAMS 0x00000000a9d00000, 0x00000000a9d00000| Complete 
| 158|0x00000000a9e00000, 0x00000000a9f00000, 0x00000000a9f00000|100%| E|CS|TAMS 0x00000000a9e00000, 0x00000000a9e00000| Complete 
| 159|0x00000000a9f00000, 0x00000000aa000000, 0x00000000aa000000|100%| E|CS|TAMS 0x00000000a9f00000, 0x00000000a9f00000| Complete 
| 160|0x00000000aa000000, 0x00000000aa100000, 0x00000000aa100000|100%| E|CS|TAMS 0x00000000aa000000, 0x00000000aa000000| Complete 
| 161|0x00000000aa100000, 0x00000000aa200000, 0x00000000aa200000|100%| E|CS|TAMS 0x00000000aa100000, 0x00000000aa100000| Complete 
| 162|0x00000000aa200000, 0x00000000aa300000, 0x00000000aa300000|100%| E|CS|TAMS 0x00000000aa200000, 0x00000000aa200000| Complete 
| 163|0x00000000aa300000, 0x00000000aa400000, 0x00000000aa400000|100%| E|CS|TAMS 0x00000000aa300000, 0x00000000aa300000| Complete 
| 164|0x00000000aa400000, 0x00000000aa500000, 0x00000000aa500000|100%| E|CS|TAMS 0x00000000aa400000, 0x00000000aa400000| Complete 
| 165|0x00000000aa500000, 0x00000000aa5b94c0, 0x00000000aa600000| 72%| S|CS|TAMS 0x00000000aa500000, 0x00000000aa500000| Complete 
| 166|0x00000000aa600000, 0x00000000aa700000, 0x00000000aa700000|100%| E|CS|TAMS 0x00000000aa600000, 0x00000000aa600000| Complete 
| 167|0x00000000aa700000, 0x00000000aa800000, 0x00000000aa800000|100%| E|CS|TAMS 0x00000000aa700000, 0x00000000aa700000| Complete 
| 168|0x00000000aa800000, 0x00000000aa900000, 0x00000000aa900000|100%| E|CS|TAMS 0x00000000aa800000, 0x00000000aa800000| Complete 
| 169|0x00000000aa900000, 0x00000000aaa00000, 0x00000000aaa00000|100%| E|CS|TAMS 0x00000000aa900000, 0x00000000aa900000| Complete 

Card table byte_map: [0x000001e2dfd00000,0x000001e2e0000000] _byte_map_base: 0x000001e2df800000

Marking Bits (Prev, Next): (CMBitMap*) 0x000001e2c710a730, (CMBitMap*) 0x000001e2c710a770
 Prev Bits: [0x000001e2e0300000, 0x000001e2e1b00000)
 Next Bits: [0x000001e2e1b00000, 0x000001e2e3300000)

Polling page: 0x000001e2c6e50000

Metaspace:

Usage:
  Non-class:     63.58 MB used.
      Class:     10.22 MB used.
       Both:     73.80 MB used.

Virtual space:
  Non-class space:      128.00 MB reserved,      64.06 MB ( 50%) committed,  2 nodes.
      Class space:        1.00 GB reserved,      10.62 MB (  1%) committed,  1 nodes.
             Both:        1.12 GB reserved,      74.69 MB (  6%) committed. 

Chunk freelists:
   Non-Class:  15.73 MB
       Class:  5.22 MB
        Both:  20.95 MB

MaxMetaspaceSize: unlimited
CompressedClassSpaceSize: 1.00 GB
Initial GC threshold: 21.00 MB
Current GC threshold: 117.75 MB
CDS: on
MetaspaceReclaimPolicy: balanced
 - commit_granule_bytes: 65536.
 - commit_granule_words: 8192.
 - virtual_space_node_default_size: 8388608.
 - enlarge_chunks_in_place: 1.
 - new_chunks_are_fully_committed: 0.
 - uncommit_free_chunks: 1.
 - use_allocation_guard: 0.
 - handle_deallocations: 1.


Internal statistics:

num_allocs_failed_limit: 3.
num_arena_births: 1058.
num_arena_deaths: 0.
num_vsnodes_births: 3.
num_vsnodes_deaths: 0.
num_space_committed: 1195.
num_space_uncommitted: 0.
num_chunks_returned_to_freelist: 3.
num_chunks_taken_from_freelist: 4317.
num_chunk_merges: 3.
num_chunk_splits: 2734.
num_chunks_enlarged: 1691.
num_inconsistent_stats: 0.

CodeHeap 'non-profiled nmethods': size=120000Kb used=6250Kb max_used=6250Kb free=113749Kb
 bounds [0x000001e2d8090000, 0x000001e2d86b0000, 0x000001e2df5c0000]
CodeHeap 'profiled nmethods': size=120000Kb used=19433Kb max_used=19433Kb free=100566Kb
 bounds [0x000001e2d05c0000, 0x000001e2d18c0000, 0x000001e2d7af0000]
CodeHeap 'non-nmethods': size=5760Kb used=2382Kb max_used=2436Kb free=3377Kb
 bounds [0x000001e2d7af0000, 0x000001e2d7d60000, 0x000001e2d8090000]
 total_blobs=10506 nmethods=9594 adapters=822
 compilation: enabled
              stopped_count=0, restarted_count=0
 full_count=0

Compilation events (20 events):
Event: 117.619 Thread 0x000001e2e589fea0 11121       3       com.android.build.gradle.options.ProjectOptions::get (35 bytes)
Event: 117.620 Thread 0x000001e2e589fea0 nmethod 11121 0x000001e2d18a9410 code [0x000001e2d18a9640, 0x000001e2d18aa038]
Event: 117.620 Thread 0x000001e2e589fea0 11122       3       com.android.build.gradle.options.BooleanOption::getDefaultValue (8 bytes)
Event: 117.620 Thread 0x000001e2e589fea0 nmethod 11122 0x000001e2d18aa310 code [0x000001e2d18aa4c0, 0x000001e2d18aa6b8]
Event: 117.652 Thread 0x000001e2e589fea0 11123       3       org.gradle.api.internal.artifacts.configurations.DefaultConfiguration$ConfigurationResolvableDependencies::artifactView (18 bytes)
Event: 117.652 Thread 0x000001e2e589fea0 nmethod 11123 0x000001e2d18aa790 code [0x000001e2d18aa940, 0x000001e2d18aaba8]
Event: 117.670 Thread 0x000001e2e589fea0 11124       3       org.gradle.api.internal.artifacts.configurations.DefaultConfiguration$ArtifactViewConfiguration_Decorated::<init> (11 bytes)
Event: 117.670 Thread 0x000001e2e589fea0 nmethod 11124 0x000001e2d18aac90 code [0x000001e2d18aaea0, 0x000001e2d18ab6b8]
Event: 117.670 Thread 0x000001e2e589fea0 11125       3       org.gradle.api.internal.artifacts.configurations.DefaultConfiguration$ArtifactViewConfiguration::<init> (15 bytes)
Event: 117.671 Thread 0x000001e2e589fea0 nmethod 11125 0x000001e2d18ab910 code [0x000001e2d18abac0, 0x000001e2d18abcd8]
Event: 117.671 Thread 0x000001e2e589fea0 11126       3       org.gradle.api.internal.artifacts.configurations.DefaultConfiguration$ArtifactViewConfiguration::access$2800 (5 bytes)
Event: 117.671 Thread 0x000001e2e589fea0 nmethod 11126 0x000001e2d18abd90 code [0x000001e2d18abf20, 0x000001e2d18ac048]
Event: 117.718 Thread 0x000001e2e589fea0 11127       3       org.gradle.internal.instantiation.generator.AsmBackedClassGenerator$ClassBuilderImpl::visitAnnotationValues (247 bytes)
Event: 117.728 Thread 0x000001e2e589fea0 nmethod 11127 0x000001e2d18ac110 code [0x000001e2d18ac720, 0x000001e2d18af6c8]
Event: 117.748 Thread 0x000001e2e589fea0 11129       3       java.lang.Class::enumConstantDirectory (119 bytes)
Event: 117.749 Thread 0x000001e2e589fea0 nmethod 11129 0x000001e2d18b0a90 code [0x000001e2d18b0d60, 0x000001e2d18b1958]
Event: 117.749 Thread 0x000001e2e589fea0 11128       3       java.lang.Enum::valueOf (73 bytes)
Event: 117.750 Thread 0x000001e2e589fea0 nmethod 11128 0x000001e2d18b1d90 code [0x000001e2d18b2040, 0x000001e2d18b2b18]
Event: 117.820 Thread 0x000001e2e589fea0 11130       3       com.google.common.collect.ImmutableSet::<init> (5 bytes)
Event: 117.820 Thread 0x000001e2e589fea0 nmethod 11130 0x000001e2d18b2f10 code [0x000001e2d18b30c0, 0x000001e2d18b32f8]

GC Heap History (20 events):
Event: 53.754 GC heap before
{Heap before GC invocations=53 (full 0):
 garbage-first heap   total 109568K, used 66835K [0x00000000a0000000, 0x0000000100000000)
  region size 1024K, 6 young (6144K), 1 survivors (1024K)
 Metaspace       used 58037K, committed 58560K, reserved 1114112K
  class space    used 7732K, committed 8000K, reserved 1048576K
}
Event: 53.758 GC heap after
{Heap after GC invocations=54 (full 0):
 garbage-first heap   total 109568K, used 65822K [0x00000000a0000000, 0x0000000100000000)
  region size 1024K, 4 young (4096K), 4 survivors (4096K)
 Metaspace       used 58037K, committed 58560K, reserved 1114112K
  class space    used 7732K, committed 8000K, reserved 1048576K
}
Event: 54.212 GC heap before
{Heap before GC invocations=55 (full 0):
 garbage-first heap   total 116736K, used 81182K [0x00000000a0000000, 0x0000000100000000)
  region size 1024K, 18 young (18432K), 4 survivors (4096K)
 Metaspace       used 58196K, committed 58752K, reserved 1114112K
  class space    used 7751K, committed 8000K, reserved 1048576K
}
Event: 54.221 GC heap after
{Heap after GC invocations=56 (full 0):
 garbage-first heap   total 116736K, used 67427K [0x00000000a0000000, 0x0000000100000000)
  region size 1024K, 3 young (3072K), 3 survivors (3072K)
 Metaspace       used 58196K, committed 58752K, reserved 1114112K
  class space    used 7751K, committed 8000K, reserved 1048576K
}
Event: 54.528 GC heap before
{Heap before GC invocations=56 (full 0):
 garbage-first heap   total 116736K, used 84835K [0x00000000a0000000, 0x0000000100000000)
  region size 1024K, 20 young (20480K), 3 survivors (3072K)
 Metaspace       used 58390K, committed 58944K, reserved 1114112K
  class space    used 7784K, committed 8064K, reserved 1048576K
}
Event: 54.535 GC heap after
{Heap after GC invocations=57 (full 0):
 garbage-first heap   total 174080K, used 68722K [0x00000000a0000000, 0x0000000100000000)
  region size 1024K, 2 young (2048K), 2 survivors (2048K)
 Metaspace       used 58390K, committed 58944K, reserved 1114112K
  class space    used 7784K, committed 8064K, reserved 1048576K
}
Event: 57.770 GC heap before
{Heap before GC invocations=58 (full 0):
 garbage-first heap   total 174080K, used 114802K [0x00000000a0000000, 0x0000000100000000)
  region size 1024K, 47 young (48128K), 2 survivors (2048K)
 Metaspace       used 59496K, committed 60160K, reserved 1114112K
  class space    used 7988K, committed 8320K, reserved 1048576K
}
Event: 57.783 GC heap after
{Heap after GC invocations=59 (full 0):
 garbage-first heap   total 174080K, used 70782K [0x00000000a0000000, 0x0000000100000000)
  region size 1024K, 4 young (4096K), 4 survivors (4096K)
 Metaspace       used 59496K, committed 60160K, reserved 1114112K
  class space    used 7988K, committed 8320K, reserved 1048576K
}
Event: 66.704 GC heap before
{Heap before GC invocations=59 (full 0):
 garbage-first heap   total 174080K, used 129150K [0x00000000a0000000, 0x0000000100000000)
  region size 1024K, 61 young (62464K), 4 survivors (4096K)
 Metaspace       used 63844K, committed 64576K, reserved 1114112K
  class space    used 8749K, committed 9088K, reserved 1048576K
}
Event: 66.719 GC heap after
{Heap after GC invocations=60 (full 0):
 garbage-first heap   total 174080K, used 74859K [0x00000000a0000000, 0x0000000100000000)
  region size 1024K, 8 young (8192K), 8 survivors (8192K)
 Metaspace       used 63844K, committed 64576K, reserved 1114112K
  class space    used 8749K, committed 9088K, reserved 1048576K
}
Event: 69.366 GC heap before
{Heap before GC invocations=60 (full 0):
 garbage-first heap   total 174080K, used 132203K [0x00000000a0000000, 0x0000000100000000)
  region size 1024K, 64 young (65536K), 8 survivors (8192K)
 Metaspace       used 67116K, committed 67840K, reserved 1114112K
  class space    used 9259K, committed 9600K, reserved 1048576K
}
Event: 69.407 GC heap after
{Heap after GC invocations=61 (full 0):
 garbage-first heap   total 174080K, used 79235K [0x00000000a0000000, 0x0000000100000000)
  region size 1024K, 8 young (8192K), 8 survivors (8192K)
 Metaspace       used 67116K, committed 67840K, reserved 1114112K
  class space    used 9259K, committed 9600K, reserved 1048576K
}
Event: 80.769 GC heap before
{Heap before GC invocations=61 (full 0):
 garbage-first heap   total 174080K, used 134531K [0x00000000a0000000, 0x0000000100000000)
  region size 1024K, 63 young (64512K), 8 survivors (8192K)
 Metaspace       used 70630K, committed 71424K, reserved 1114112K
  class space    used 9792K, committed 10176K, reserved 1048576K
}
Event: 80.830 GC heap after
{Heap after GC invocations=62 (full 0):
 garbage-first heap   total 174080K, used 86040K [0x00000000a0000000, 0x0000000100000000)
  region size 1024K, 7 young (7168K), 7 survivors (7168K)
 Metaspace       used 70630K, committed 71424K, reserved 1114112K
  class space    used 9792K, committed 10176K, reserved 1048576K
}
Event: 86.776 GC heap before
{Heap before GC invocations=62 (full 0):
 garbage-first heap   total 174080K, used 136216K [0x00000000a0000000, 0x0000000100000000)
  region size 1024K, 57 young (58368K), 7 survivors (7168K)
 Metaspace       used 71434K, committed 72320K, reserved 1114112K
  class space    used 9847K, committed 10240K, reserved 1048576K
}
Event: 86.862 GC heap after
{Heap after GC invocations=63 (full 0):
 garbage-first heap   total 174080K, used 90712K [0x00000000a0000000, 0x0000000100000000)
  region size 1024K, 5 young (5120K), 5 survivors (5120K)
 Metaspace       used 71434K, committed 72320K, reserved 1114112K
  class space    used 9847K, committed 10240K, reserved 1048576K
}
Event: 115.985 GC heap before
{Heap before GC invocations=64 (full 0):
 garbage-first heap   total 174080K, used 139864K [0x00000000a0000000, 0x0000000100000000)
  region size 1024K, 53 young (54272K), 5 survivors (5120K)
 Metaspace       used 74579K, committed 75456K, reserved 1114112K
  class space    used 10342K, committed 10752K, reserved 1048576K
}
Event: 116.066 GC heap after
{Heap after GC invocations=65 (full 0):
 garbage-first heap   total 174080K, used 94377K [0x00000000a0000000, 0x0000000100000000)
  region size 1024K, 4 young (4096K), 4 survivors (4096K)
 Metaspace       used 74579K, committed 75456K, reserved 1114112K
  class space    used 10342K, committed 10752K, reserved 1048576K
}
Event: 116.793 GC heap before
{Heap before GC invocations=65 (full 0):
 garbage-first heap   total 174080K, used 98473K [0x00000000a0000000, 0x0000000100000000)
  region size 1024K, 8 young (8192K), 4 survivors (4096K)
 Metaspace       used 74781K, committed 75712K, reserved 1114112K
  class space    used 10369K, committed 10816K, reserved 1048576K
}
Event: 116.841 GC heap after
{Heap after GC invocations=66 (full 0):
 garbage-first heap   total 174080K, used 94785K [0x00000000a0000000, 0x0000000100000000)
  region size 1024K, 1 young (1024K), 1 survivors (1024K)
 Metaspace       used 74781K, committed 75712K, reserved 1114112K
  class space    used 10369K, committed 10816K, reserved 1048576K
}

Dll operation events (12 events):
Event: 0.030 Loaded shared library C:\Program Files\Eclipse Adoptium\jdk-17.0.8.101-hotspot\bin\java.dll
Event: 1.117 Loaded shared library C:\Program Files\Eclipse Adoptium\jdk-17.0.8.101-hotspot\bin\jsvml.dll
Event: 1.296 Loaded shared library C:\Program Files\Eclipse Adoptium\jdk-17.0.8.101-hotspot\bin\net.dll
Event: 1.303 Loaded shared library C:\Program Files\Eclipse Adoptium\jdk-17.0.8.101-hotspot\bin\nio.dll
Event: 1.315 Loaded shared library C:\Program Files\Eclipse Adoptium\jdk-17.0.8.101-hotspot\bin\zip.dll
Event: 2.106 Loaded shared library C:\Program Files\Eclipse Adoptium\jdk-17.0.8.101-hotspot\bin\jimage.dll
Event: 2.346 Loaded shared library C:\Program Files\Eclipse Adoptium\jdk-17.0.8.101-hotspot\bin\verify.dll
Event: 3.227 Loaded shared library C:\Users\salin\.gradle\native\e1d6ef7f7dcc3fd88c89a11ec53ec762bb8ba0a96d01ffa2cd45eb1d1d8dd5c5\windows-amd64\native-platform.dll
Event: 3.327 Loaded shared library C:\Users\salin\.gradle\native\0d407fdbe67a94daf76414ababcb853783967236a71b16ec16e742cd7a986fd3\windows-amd64\native-platform-file-events.dll
Event: 9.069 Loaded shared library C:\Program Files\Eclipse Adoptium\jdk-17.0.8.101-hotspot\bin\management.dll
Event: 9.098 Loaded shared library C:\Program Files\Eclipse Adoptium\jdk-17.0.8.101-hotspot\bin\management_ext.dll
Event: 11.228 Loaded shared library C:\Program Files\Eclipse Adoptium\jdk-17.0.8.101-hotspot\bin\sunmscapi.dll

Deoptimization events (20 events):
Event: 114.315 Thread 0x000001e2eacaaf80 Uncommon trap: trap_request=0xffffffd6 fr.pc=0x000001e2d83b8638 relative=0x0000000000000378
Event: 114.315 Thread 0x000001e2eacaaf80 Uncommon trap: reason=array_check action=maybe_recompile pc=0x000001e2d83b8638 method=java.util.AbstractCollection.toArray([Ljava/lang/Object;)[Ljava/lang/Object; @ 116 c2
Event: 114.315 Thread 0x000001e2eacaaf80 DEOPT PACKING pc=0x000001e2d83b8638 sp=0x00000036297f9bc0
Event: 114.315 Thread 0x000001e2eacaaf80 DEOPT UNPACKING pc=0x000001e2d7b469a3 sp=0x00000036297f9b60 mode 2
Event: 115.075 Thread 0x000001e2eacaaf80 Uncommon trap: trap_request=0xffffffd6 fr.pc=0x000001e2d83b8638 relative=0x0000000000000378
Event: 115.075 Thread 0x000001e2eacaaf80 Uncommon trap: reason=array_check action=maybe_recompile pc=0x000001e2d83b8638 method=java.util.AbstractCollection.toArray([Ljava/lang/Object;)[Ljava/lang/Object; @ 116 c2
Event: 115.075 Thread 0x000001e2eacaaf80 DEOPT PACKING pc=0x000001e2d83b8638 sp=0x00000036297f9ef0
Event: 115.075 Thread 0x000001e2eacaaf80 DEOPT UNPACKING pc=0x000001e2d7b469a3 sp=0x00000036297f9e90 mode 2
Event: 115.075 Thread 0x000001e2eacaaf80 Uncommon trap: trap_request=0xffffffd6 fr.pc=0x000001e2d83b8638 relative=0x0000000000000378
Event: 115.075 Thread 0x000001e2eacaaf80 Uncommon trap: reason=array_check action=maybe_recompile pc=0x000001e2d83b8638 method=java.util.AbstractCollection.toArray([Ljava/lang/Object;)[Ljava/lang/Object; @ 116 c2
Event: 115.075 Thread 0x000001e2eacaaf80 DEOPT PACKING pc=0x000001e2d83b8638 sp=0x00000036297f9ef0
Event: 115.075 Thread 0x000001e2eacaaf80 DEOPT UNPACKING pc=0x000001e2d7b469a3 sp=0x00000036297f9e90 mode 2
Event: 115.904 Thread 0x000001e2eacaaf80 Uncommon trap: trap_request=0xffffffbe fr.pc=0x000001e2d860d540 relative=0x00000000000001a0
Event: 115.904 Thread 0x000001e2eacaaf80 Uncommon trap: reason=profile_predicate action=maybe_recompile pc=0x000001e2d860d540 method=java.util.LinkedHashMap.keysToArray([Ljava/lang/Object;)[Ljava/lang/Object; @ 12 c2
Event: 115.904 Thread 0x000001e2eacaaf80 DEOPT PACKING pc=0x000001e2d860d540 sp=0x00000036297f9280
Event: 115.904 Thread 0x000001e2eacaaf80 DEOPT UNPACKING pc=0x000001e2d7b469a3 sp=0x00000036297f9238 mode 2
Event: 117.505 Thread 0x000001e2eacaaf80 Uncommon trap: trap_request=0xffffff45 fr.pc=0x000001e2d83e7aa0 relative=0x0000000000000200
Event: 117.505 Thread 0x000001e2eacaaf80 Uncommon trap: reason=unstable_if action=reinterpret pc=0x000001e2d83e7aa0 method=org.gradle.internal.instantiation.generator.AbstractClassGenerator.isNameProperty(Lorg/gradle/internal/instantiation/generator/AbstractClassGenerator$PropertyMetadata;)Z @ 2
Event: 117.505 Thread 0x000001e2eacaaf80 DEOPT PACKING pc=0x000001e2d83e7aa0 sp=0x00000036297f9e10
Event: 117.505 Thread 0x000001e2eacaaf80 DEOPT UNPACKING pc=0x000001e2d7b469a3 sp=0x00000036297f9da0 mode 2

Classes unloaded (0 events):
No events

Classes redefined (0 events):
No events

Internal exceptions (20 events):
Event: 80.123 Thread 0x000001e2eacaaf80 Exception <a 'java/lang/ClassNotFoundException'{0x00000000a7872b90}: init_8gakm23dubulghv35v2tf4mepBeanInfo> (0x00000000a7872b90) 
thrown [s\src\hotspot\share\classfile\systemDictionary.cpp, line 256]
Event: 80.123 Thread 0x000001e2eacaaf80 Exception <a 'java/lang/ClassNotFoundException'{0x00000000a78793a8}: init_8gakm23dubulghv35v2tf4mepCustomizer> (0x00000000a78793a8) 
thrown [s\src\hotspot\share\classfile\systemDictionary.cpp, line 256]
Event: 80.177 Thread 0x000001e2eacaaf80 Exception <a 'java/lang/ClassNotFoundException'{0x00000000a771a348}: eclipsePlugin_8mmqqm2kc4bs8ev0b5mhdf0i8BeanInfo> (0x00000000a771a348) 
thrown [s\src\hotspot\share\classfile\systemDictionary.cpp, line 256]
Event: 80.180 Thread 0x000001e2eacaaf80 Exception <a 'java/lang/ClassNotFoundException'{0x00000000a7720bd8}: eclipsePlugin_8mmqqm2kc4bs8ev0b5mhdf0i8Customizer> (0x00000000a7720bd8) 
thrown [s\src\hotspot\share\classfile\systemDictionary.cpp, line 256]
Event: 83.927 Thread 0x000001e2eacaaf80 Exception <a 'sun/nio/fs/WindowsException'{0x00000000a8e9f0b0}> (0x00000000a8e9f0b0) 
thrown [s\src\hotspot\share\prims\jni.cpp, line 516]
Event: 85.959 Thread 0x000001e2eacaaf80 Exception <a 'java/lang/ClassNotFoundException'{0x00000000a7d962b0}: java/util/ArraysBeanInfo> (0x00000000a7d962b0) 
thrown [s\src\hotspot\share\classfile\systemDictionary.cpp, line 256]
Event: 85.960 Thread 0x000001e2eacaaf80 Exception <a 'java/lang/ClassNotFoundException'{0x00000000a7da0ee8}: java/util/ArraysCustomizer> (0x00000000a7da0ee8) 
thrown [s\src\hotspot\share\classfile\systemDictionary.cpp, line 256]
Event: 86.026 Thread 0x000001e2eacaaf80 Exception <a 'java/lang/ClassNotFoundException'{0x00000000a7c4a7f8}: ProtobufPatchPluginBeanInfo> (0x00000000a7c4a7f8) 
thrown [s\src\hotspot\share\classfile\systemDictionary.cpp, line 256]
Event: 86.027 Thread 0x000001e2eacaaf80 Exception <a 'java/lang/ClassNotFoundException'{0x00000000a7c58be8}: ProtobufPatchPluginCustomizer> (0x00000000a7c58be8) 
thrown [s\src\hotspot\share\classfile\systemDictionary.cpp, line 256]
Event: 102.765 Thread 0x000001e2ebaa3530 Exception <a 'java/lang/NoSuchMethodError'{0x00000000a9d11a68}: static Lorg/gradle/tooling/internal/provider/PhasedBuildActionResult;.<clinit>()V> (0x00000000a9d11a68) 
thrown [s\src\hotspot\share\prims\jni.cpp, line 1107]
Event: 103.078 Thread 0x000001e2ebaa3530 Exception <a 'java/lang/NoSuchMethodError'{0x00000000a9d192e0}: static Lorg/gradle/tooling/internal/provider/serialization/SerializedPayload;.<clinit>()V> (0x00000000a9d192e0) 
thrown [s\src\hotspot\share\prims\jni.cpp, line 1107]
Event: 103.321 Thread 0x000001e2eacaaf80 Exception <a 'java/lang/NoSuchMethodError'{0x00000000a9acbbc8}: 'void java.lang.invoke.DirectMethodHandle$Holder.invokeInterface(java.lang.Object, java.lang.Object)'> (0x00000000a9acbbc8) 
thrown [s\src\hotspot\share\interpreter\linkResolver.cpp, line 759]
Event: 104.274 Thread 0x000001e2eacaaf80 Exception <a 'java/lang/NoSuchMethodError'{0x00000000a99ac030}: 'java.lang.Object java.lang.invoke.DirectMethodHandle$Holder.invokeStatic(java.lang.Object, int, java.lang.Object)'> (0x00000000a99ac030) 
thrown [s\src\hotspot\share\interpreter\linkResolver.cpp, line 759]
Event: 106.686 Thread 0x000001e2eacaaf80 Implicit null exception at 0x000001e2d8287e4b to 0x000001e2d8287e70
Event: 110.580 Thread 0x000001e2ebaa3530 Exception <a 'java/lang/NoSuchMethodError'{0x00000000a9917b38}: static Lorg/gradle/internal/build/event/types/DefaultTaskStartedProgressEvent;.<clinit>()V> (0x00000000a9917b38) 
thrown [s\src\hotspot\share\prims\jni.cpp, line 1107]
Event: 110.589 Thread 0x000001e2ebaa3530 Exception <a 'java/lang/NoSuchMethodError'{0x00000000a9524d88}: static Lorg/gradle/internal/build/event/types/DefaultTaskDescriptor;.<clinit>()V> (0x00000000a9524d88) 
thrown [s\src\hotspot\share\prims\jni.cpp, line 1107]
Event: 110.614 Thread 0x000001e2ebaa3530 Exception <a 'java/lang/NoSuchMethodError'{0x00000000a95491c8}: static Lorg/gradle/internal/build/event/types/DefaultTaskFinishedProgressEvent;.<clinit>()V> (0x00000000a95491c8) 
thrown [s\src\hotspot\share\prims\jni.cpp, line 1107]
Event: 110.619 Thread 0x000001e2ebaa3530 Exception <a 'java/lang/NoSuchMethodError'{0x00000000a956ce60}: static Lorg/gradle/internal/build/event/types/DefaultTaskSuccessResult;.<clinit>()V> (0x00000000a956ce60) 
thrown [s\src\hotspot\share\prims\jni.cpp, line 1107]
Event: 110.619 Thread 0x000001e2ebaa3530 Exception <a 'java/lang/NoSuchMethodError'{0x00000000a956e0d0}: static Lorg/gradle/internal/build/event/types/AbstractTaskResult;.<clinit>()V> (0x00000000a956e0d0) 
thrown [s\src\hotspot\share\prims\jni.cpp, line 1107]
Event: 111.148 Thread 0x000001e2ebaa3530 Implicit null exception at 0x000001e2d8164c03 to 0x000001e2d8164dc8

VM Operations (20 events):
Event: 110.311 Executing VM operation: Cleanup
Event: 110.565 Executing VM operation: Cleanup done
Event: 110.565 Executing VM operation: HandshakeAllThreads
Event: 110.573 Executing VM operation: HandshakeAllThreads done
Event: 111.584 Executing VM operation: Cleanup
Event: 111.630 Executing VM operation: Cleanup done
Event: 112.123 Executing VM operation: HandshakeAllThreads
Event: 112.175 Executing VM operation: HandshakeAllThreads done
Event: 113.180 Executing VM operation: Cleanup
Event: 113.180 Executing VM operation: Cleanup done
Event: 114.181 Executing VM operation: Cleanup
Event: 114.196 Executing VM operation: Cleanup done
Event: 115.197 Executing VM operation: Cleanup
Event: 115.200 Executing VM operation: Cleanup done
Event: 115.983 Executing VM operation: G1CollectForAllocation
Event: 116.067 Executing VM operation: G1CollectForAllocation done
Event: 116.793 Executing VM operation: G1CollectForAllocation
Event: 116.841 Executing VM operation: G1CollectForAllocation done
Event: 117.587 Executing VM operation: HandshakeAllThreads
Event: 117.587 Executing VM operation: HandshakeAllThreads done

Events (20 events):
Event: 106.309 loading class java/util/TreeMap$NavigableSubMap$DescendingSubMapKeyIterator
Event: 106.329 loading class java/util/TreeMap$NavigableSubMap$SubMapIterator
Event: 106.333 loading class java/util/TreeMap$NavigableSubMap$SubMapIterator done
Event: 106.339 loading class java/util/TreeMap$NavigableSubMap$DescendingSubMapKeyIterator done
Event: 107.840 Thread 0x000001e2ed723790 Thread added: 0x000001e2ed723790
Event: 108.345 Thread 0x000001e2ed723ca0 Thread added: 0x000001e2ed723ca0
Event: 108.368 Thread 0x000001e2ed720a00 Thread added: 0x000001e2ed720a00
Event: 108.369 Thread 0x000001e2ed720f10 Thread added: 0x000001e2ed720f10
Event: 109.872 Thread 0x000001e2ed7204f0 Thread added: 0x000001e2ed7204f0
Event: 110.272 loading class java/util/TreeMap$KeySpliterator
Event: 110.274 loading class java/util/TreeMap$TreeMapSpliterator
Event: 110.275 loading class java/util/TreeMap$TreeMapSpliterator done
Event: 110.275 loading class java/util/TreeMap$KeySpliterator done
Event: 111.166 Thread 0x000001e2edc8b200 Thread added: 0x000001e2edc8b200
Event: 111.851 Thread 0x000001e2edc8b200 Thread exited: 0x000001e2edc8b200
Event: 112.204 Thread 0x000001e2e58d6ee0 flushing nmethod 0x000001e2d81ec710
Event: 112.237 Thread 0x000001e2e58d6ee0 flushing nmethod 0x000001e2d83b5590
Event: 112.280 Thread 0x000001e2e58d6ee0 flushing nmethod 0x000001e2d0623310
Event: 112.319 Thread 0x000001e2e58d6ee0 flushing nmethod 0x000001e2d08b8190
Event: 112.376 Thread 0x000001e2e58d6ee0 flushing nmethod 0x000001e2d0d52410


Dynamic libraries:
0x00007ff6e8e10000 - 0x00007ff6e8e1e000 	C:\Program Files\Eclipse Adoptium\jdk-17.0.8.101-hotspot\bin\java.exe
0x00007ffb67260000 - 0x00007ffb674c3000 	C:\WINDOWS\SYSTEM32\ntdll.dll
0x00007ffb65bc0000 - 0x00007ffb65c87000 	C:\WINDOWS\System32\KERNEL32.DLL
0x00007ffb64750000 - 0x00007ffb64b17000 	C:\WINDOWS\System32\KERNELBASE.dll
0x00007ffb64d00000 - 0x00007ffb64e4c000 	C:\WINDOWS\System32\ucrtbase.dll
0x00007ffb59440000 - 0x00007ffb59457000 	C:\Program Files\Eclipse Adoptium\jdk-17.0.8.101-hotspot\bin\jli.dll
0x00007ffb659b0000 - 0x00007ffb65b79000 	C:\WINDOWS\System32\USER32.dll
0x00007ffb645d0000 - 0x00007ffb645f7000 	C:\WINDOWS\System32\win32u.dll
0x00007ffb65800000 - 0x00007ffb6582a000 	C:\WINDOWS\System32\GDI32.dll
0x00007ffb64bd0000 - 0x00007ffb64cfb000 	C:\WINDOWS\System32\gdi32full.dll
0x00007ffb64b20000 - 0x00007ffb64bc3000 	C:\WINDOWS\System32\msvcp_win.dll
0x00007ffb55d20000 - 0x00007ffb55d39000 	C:\Program Files\Eclipse Adoptium\jdk-17.0.8.101-hotspot\bin\VCRUNTIME140.dll
0x00007ffb4bd40000 - 0x00007ffb4bfd0000 	C:\WINDOWS\WinSxS\amd64_microsoft.windows.common-controls_6595b64144ccf1df_6.0.26100.3037_none_3e09262ce333c378\COMCTL32.dll
0x00007ffb65900000 - 0x00007ffb659a9000 	C:\WINDOWS\System32\msvcrt.dll
0x00007ffb65b80000 - 0x00007ffb65baf000 	C:\WINDOWS\System32\IMM32.DLL
0x00007ffb59430000 - 0x00007ffb5943c000 	C:\Program Files\Eclipse Adoptium\jdk-17.0.8.101-hotspot\bin\vcruntime140_1.dll
0x00007ffb2ec90000 - 0x00007ffb2ed21000 	C:\Program Files\Eclipse Adoptium\jdk-17.0.8.101-hotspot\bin\msvcp140.dll
0x00007ffb06200000 - 0x00007ffb06e4c000 	C:\Program Files\Eclipse Adoptium\jdk-17.0.8.101-hotspot\bin\server\jvm.dll
0x00007ffb650f0000 - 0x00007ffb651a4000 	C:\WINDOWS\System32\ADVAPI32.dll
0x00007ffb66f60000 - 0x00007ffb67006000 	C:\WINDOWS\System32\sechost.dll
0x00007ffb67070000 - 0x00007ffb67186000 	C:\WINDOWS\System32\RPCRT4.dll
0x00007ffb64460000 - 0x00007ffb644ae000 	C:\WINDOWS\SYSTEM32\POWRPROF.dll
0x00007ffb4b9c0000 - 0x00007ffb4b9ca000 	C:\WINDOWS\SYSTEM32\WSOCK32.dll
0x00007ffb66590000 - 0x00007ffb66604000 	C:\WINDOWS\System32\WS2_32.dll
0x00007ffb5b2c0000 - 0x00007ffb5b2cb000 	C:\WINDOWS\SYSTEM32\VERSION.dll
0x00007ffb586e0000 - 0x00007ffb58716000 	C:\WINDOWS\SYSTEM32\WINMM.dll
0x00007ffb64440000 - 0x00007ffb64454000 	C:\WINDOWS\SYSTEM32\UMPDC.dll
0x00007ffb63400000 - 0x00007ffb6341a000 	C:\WINDOWS\SYSTEM32\kernel.appcore.dll
0x00007ffb555f0000 - 0x00007ffb555fa000 	C:\Program Files\Eclipse Adoptium\jdk-17.0.8.101-hotspot\bin\jimage.dll
0x00007ffb5b440000 - 0x00007ffb5b681000 	C:\WINDOWS\SYSTEM32\DBGHELP.DLL
0x00007ffb66730000 - 0x00007ffb66aae000 	C:\WINDOWS\System32\combase.dll
0x00007ffb664a0000 - 0x00007ffb66576000 	C:\WINDOWS\System32\OLEAUT32.dll
0x00007ffb4f080000 - 0x00007ffb4f0b9000 	C:\WINDOWS\SYSTEM32\dbgcore.DLL
0x00007ffb64fd0000 - 0x00007ffb65069000 	C:\WINDOWS\System32\bcryptPrimitives.dll
0x00007ffb42d50000 - 0x00007ffb42d75000 	C:\Program Files\Eclipse Adoptium\jdk-17.0.8.101-hotspot\bin\java.dll
0x00007ffb2dfe0000 - 0x00007ffb2e0b6000 	C:\Program Files\Eclipse Adoptium\jdk-17.0.8.101-hotspot\bin\jsvml.dll
0x00007ffb65c90000 - 0x00007ffb66394000 	C:\WINDOWS\System32\SHELL32.dll
0x00007ffb62310000 - 0x00007ffb62b47000 	C:\WINDOWS\SYSTEM32\windows.storage.dll
0x00007ffb663a0000 - 0x00007ffb66489000 	C:\WINDOWS\System32\SHCORE.dll
0x00007ffb67010000 - 0x00007ffb6706d000 	C:\WINDOWS\System32\shlwapi.dll
0x00007ffb644e0000 - 0x00007ffb6450e000 	C:\WINDOWS\SYSTEM32\profapi.dll
0x00007ffb42d30000 - 0x00007ffb42d49000 	C:\Program Files\Eclipse Adoptium\jdk-17.0.8.101-hotspot\bin\net.dll
0x00007ffb5c7d0000 - 0x00007ffb5c8ee000 	C:\WINDOWS\SYSTEM32\WINHTTP.dll
0x00007ffb63910000 - 0x00007ffb6397a000 	C:\WINDOWS\system32\mswsock.dll
0x00007ffb42d10000 - 0x00007ffb42d25000 	C:\Program Files\Eclipse Adoptium\jdk-17.0.8.101-hotspot\bin\nio.dll
0x00007ffb40130000 - 0x00007ffb40148000 	C:\Program Files\Eclipse Adoptium\jdk-17.0.8.101-hotspot\bin\zip.dll
0x00007ffb555e0000 - 0x00007ffb555f0000 	C:\Program Files\Eclipse Adoptium\jdk-17.0.8.101-hotspot\bin\verify.dll
0x00007ffb54390000 - 0x00007ffb543b7000 	C:\Users\salin\.gradle\native\e1d6ef7f7dcc3fd88c89a11ec53ec762bb8ba0a96d01ffa2cd45eb1d1d8dd5c5\windows-amd64\native-platform.dll
0x00007ffb2bfa0000 - 0x00007ffb2c0e4000 	C:\Users\salin\.gradle\native\0d407fdbe67a94daf76414ababcb853783967236a71b16ec16e742cd7a986fd3\windows-amd64\native-platform-file-events.dll
0x00007ffb542a0000 - 0x00007ffb542a9000 	C:\Program Files\Eclipse Adoptium\jdk-17.0.8.101-hotspot\bin\management.dll
0x00007ffb431b0000 - 0x00007ffb431bb000 	C:\Program Files\Eclipse Adoptium\jdk-17.0.8.101-hotspot\bin\management_ext.dll
0x00007ffb66490000 - 0x00007ffb66498000 	C:\WINDOWS\System32\PSAPI.DLL
0x00007ffb63bb0000 - 0x00007ffb63bcc000 	C:\WINDOWS\SYSTEM32\CRYPTSP.dll
0x00007ffb63360000 - 0x00007ffb63398000 	C:\WINDOWS\system32\rsaenh.dll
0x00007ffb639b0000 - 0x00007ffb639db000 	C:\WINDOWS\SYSTEM32\USERENV.dll
0x00007ffb63df0000 - 0x00007ffb63e16000 	C:\WINDOWS\SYSTEM32\bcrypt.dll
0x00007ffb63bd0000 - 0x00007ffb63bdc000 	C:\WINDOWS\SYSTEM32\CRYPTBASE.dll
0x00007ffb62e90000 - 0x00007ffb62ec2000 	C:\WINDOWS\SYSTEM32\IPHLPAPI.DLL
0x00007ffb66f50000 - 0x00007ffb66f5a000 	C:\WINDOWS\System32\NSI.dll
0x00007ffb5c7a0000 - 0x00007ffb5c7bf000 	C:\WINDOWS\SYSTEM32\dhcpcsvc6.DLL
0x00007ffb5c770000 - 0x00007ffb5c795000 	C:\WINDOWS\SYSTEM32\dhcpcsvc.DLL
0x00007ffb62f30000 - 0x00007ffb63055000 	C:\WINDOWS\SYSTEM32\DNSAPI.dll
0x00007ffb42b80000 - 0x00007ffb42b8e000 	C:\Program Files\Eclipse Adoptium\jdk-17.0.8.101-hotspot\bin\sunmscapi.dll
0x00007ffb64e50000 - 0x00007ffb64fc6000 	C:\WINDOWS\System32\CRYPT32.dll
0x00007ffb63db0000 - 0x00007ffb63de0000 	C:\WINDOWS\SYSTEM32\ncrypt.dll
0x00007ffb63d60000 - 0x00007ffb63d9f000 	C:\WINDOWS\SYSTEM32\NTASN1.dll
0x00007ffb549d0000 - 0x00007ffb549d8000 	C:\WINDOWS\system32\wshunix.dll

dbghelp: loaded successfully - version: 4.0.5 - missing functions: none
symbol engine: initialized successfully - sym options: 0x614 - pdb path: .;C:\Program Files\Eclipse Adoptium\jdk-17.0.8.101-hotspot\bin;C:\WINDOWS\SYSTEM32;C:\WINDOWS\WinSxS\amd64_microsoft.windows.common-controls_6595b64144ccf1df_6.0.26100.3037_none_3e09262ce333c378;C:\Program Files\Eclipse Adoptium\jdk-17.0.8.101-hotspot\bin\server;C:\Users\salin\.gradle\native\e1d6ef7f7dcc3fd88c89a11ec53ec762bb8ba0a96d01ffa2cd45eb1d1d8dd5c5\windows-amd64;C:\Users\salin\.gradle\native\0d407fdbe67a94daf76414ababcb853783967236a71b16ec16e742cd7a986fd3\windows-amd64

VM Arguments:
jvm_args: --add-opens=java.base/java.util=ALL-UNNAMED --add-opens=java.base/java.lang=ALL-UNNAMED --add-opens=java.base/java.lang.invoke=ALL-UNNAMED --add-opens=java.base/java.util=ALL-UNNAMED --add-opens=java.prefs/java.util.prefs=ALL-UNNAMED --add-opens=java.prefs/java.util.prefs=ALL-UNNAMED --add-opens=java.base/java.nio.charset=ALL-UNNAMED --add-opens=java.base/java.net=ALL-UNNAMED --add-opens=java.base/java.util.concurrent.atomic=ALL-UNNAMED -Xmx1536M -Dfile.encoding=utf8 -Duser.country=IN -Duser.language=en -Duser.variant 
java_command: org.gradle.launcher.daemon.bootstrap.GradleDaemon 7.5
java_class_path (initial): C:\Users\salin\.gradle\wrapper\dists\gradle-7.5-all\6qsw290k5lz422uaf8jf6m7co\gradle-7.5\lib\gradle-launcher-7.5.jar
Launcher Type: SUN_STANDARD

[Global flags]
     intx CICompilerCount                          = 3                                         {product} {ergonomic}
     uint ConcGCThreads                            = 1                                         {product} {ergonomic}
     uint G1ConcRefinementThreads                  = 4                                         {product} {ergonomic}
   size_t G1HeapRegionSize                         = 1048576                                   {product} {ergonomic}
    uintx GCDrainStackTargetSize                   = 64                                        {product} {ergonomic}
   size_t InitialHeapSize                          = 58720256                                  {product} {ergonomic}
   size_t MarkStackSize                            = 4194304                                   {product} {ergonomic}
   size_t MaxHeapSize                              = 1610612736                                {product} {command line}
   size_t MaxNewSize                               = 965738496                                 {product} {ergonomic}
   size_t MinHeapDeltaBytes                        = 1048576                                   {product} {ergonomic}
   size_t MinHeapSize                              = 8388608                                   {product} {ergonomic}
    uintx NonNMethodCodeHeapSize                   = 5832780                                {pd product} {ergonomic}
    uintx NonProfiledCodeHeapSize                  = 122912730                              {pd product} {ergonomic}
    uintx ProfiledCodeHeapSize                     = 122912730                              {pd product} {ergonomic}
    uintx ReservedCodeCacheSize                    = 251658240                              {pd product} {ergonomic}
     bool SegmentedCodeCache                       = true                                      {product} {ergonomic}
   size_t SoftMaxHeapSize                          = 1610612736                             {manageable} {ergonomic}
     bool UseCompressedClassPointers               = true                           {product lp64_product} {ergonomic}
     bool UseCompressedOops                        = true                           {product lp64_product} {ergonomic}
     bool UseG1GC                                  = true                                      {product} {ergonomic}
     bool UseLargePagesIndividualAllocation        = false                                  {pd product} {ergonomic}

Logging:
Log output configuration:
 #0: stdout all=warning uptime,level,tags
 #1: stderr all=off uptime,level,tags

Environment Variables:
PATH=C:\Program Files\Eclipse Adoptium\jdk-17.0.8.101-hotspot\bin;C:\Program Files\Common Files\Oracle\Java\javapath;C:\Program Files (x86)\Common Files\Oracle\Java\javapath;C:\Program Files\Python310\Scripts\;C:\Program Files\Python310\;C:\WINDOWS\system32;C:\WINDOWS;C:\WINDOWS\System32\Wbem;C:\WINDOWS\System32\OpenSSH\;C:\Program Files (x86)\dotnet\;C:\Program Files\Microsoft SQL Server\120\Tools\Binn\;C:\Users\salin\OneDrive\Desktop\c\mingw64\bin;C:\Program Files\Git\cmd;C:\Users\salin\AppData\Local\nvm;C:\nvm4w\nodejs;C:\WINDOWS\System32\WindowsPowerShell\v1.0\;C:\Program Files\dotnet\;C:\Program Files\CMake\bin;C:\Program Files\MySQL\MySQL Shell 8.0\bin\;C:\Users\salin\AppData\Local\Microsoft\WindowsApps;C:\Users\salin\Downloads\MAK's Android With Flutter Installer\Fluttter BootCamp\flutter\bin;C:\Users\salin\AppData\Local\Programs\Microsoft VS Code\bin;C:\Program Files\JetBrains\PyCharm 2023.2.3\bin;;C:\Users\salin\AppData\Roaming\npm;C:\flutter_windows_3.24.5-stable\flutter\bin;C:\Users\salin\AppData\Local\nvm;C:\nvm4w\nodejs;C:\Users\salin\AppData\Local\Microsoft\WindowsApps;C:\Users\salin\.dotnet\tools
USERNAME=salin
OS=Windows_NT
PROCESSOR_IDENTIFIER=AMD64 Family 23 Model 24 Stepping 1, AuthenticAMD
TMP=C:\Users\salin\AppData\Local\Temp
TEMP=C:\Users\salin\AppData\Local\Temp



---------------  S Y S T E M  ---------------

OS:
 Windows 11 , 64 bit Build 26100 (10.0.26100.3037)
OS uptime: 0 days 17:00 hours

CPU: total 4 (initial active 4) (4 cores per cpu, 2 threads per core) family 23 model 24 stepping 1 microcode 0x8108109, cx8, cmov, fxsr, ht, mmx, 3dnowpref, sse, sse2, sse3, ssse3, sse4a, sse4.1, sse4.2, popcnt, lzcnt, tsc, tscinvbit, avx, avx2, aes, clmul, bmi1, bmi2, adx, sha, fma, vzeroupper, clflush, clflushopt
Processor Information for all 4 processors :
  Max Mhz: 2600, Current Mhz: 2600, Mhz Limit: 2600

Memory: 4k page, system-wide physical 3521M (238M free)
TotalPageFile size 14273M (AvailPageFile size 5M)
current process WorkingSet (physical memory assigned to process): 230M, peak: 279M
current process commit charge ("private bytes"): 429M, peak: 434M

vm_info: OpenJDK 64-Bit Server VM (17.0.8.1+1) for windows-amd64 JRE (17.0.8.1+1), built on Aug 23 2023 15:29:17 by "admin" with MS VC++ 16.7 (VS2019)

END.
