#
# There is insufficient memory for the Java Runtime Environment to continue.
# Native memory allocation (malloc) failed to allocate 32744 bytes for ChunkPool::allocate
# Possible reasons:
#   The system is out of physical RAM or swap space
#   The process is running with CompressedOops enabled, and the Java Heap may be blocking the growth of the native heap
# Possible solutions:
#   Reduce memory load on the system
#   Increase physical memory or swap space
#   Check if swap backing store is full
#   Decrease Java heap size (-Xmx/-Xms)
#   Decrease number of Java threads
#   Decrease Java thread stack sizes (-Xss)
#   Set larger code cache with -XX:ReservedCodeCacheSize=
#   JVM is running with Unscaled Compressed Oops mode in which the Java heap is
#     placed in the first 4GB address space. The Java Heap base address is the
#     maximum limit for the native heap growth. Please use -XX:HeapBaseMinAddress
#     to set the Java Heap base and to place the Java Heap above 4GB virtual address.
# This output file may be truncated or incomplete.
#
#  Out of Memory Error (arena.cpp:78), pid=17804, tid=17420
#
# JRE version: OpenJDK Runtime Environment Temurin-17.0.8.1+1 (17.0.8.1+1) (build 17.0.8.1+1)
# Java VM: OpenJDK 64-Bit Server VM Temurin-17.0.8.1+1 (17.0.8.1+1, mixed mode, sharing, tiered, compressed oops, compressed class ptrs, g1 gc, windows-amd64)
# No core dump will be written. Minidumps are not enabled by default on client versions of Windows
#

---------------  S U M M A R Y ------------

Command Line: --add-opens=java.base/java.util=ALL-UNNAMED --add-opens=java.base/java.lang=ALL-UNNAMED --add-opens=java.base/java.lang.invoke=ALL-UNNAMED --add-opens=java.base/java.util=ALL-UNNAMED --add-opens=java.prefs/java.util.prefs=ALL-UNNAMED --add-opens=java.prefs/java.util.prefs=ALL-UNNAMED --add-opens=java.base/java.nio.charset=ALL-UNNAMED --add-opens=java.base/java.net=ALL-UNNAMED --add-opens=java.base/java.util.concurrent.atomic=ALL-UNNAMED -Xmx1536M -Dfile.encoding=utf8 -Duser.country=IN -Duser.language=en -Duser.variant org.gradle.launcher.daemon.bootstrap.GradleDaemon 7.5

Host: AMD Ryzen 3 3250U with Radeon Graphics         , 4 cores, 3G,  Windows 11 , 64 bit Build 26100 (10.0.26100.3037)
Time: Sun Feb 23 15:08:09 2025 India Standard Time elapsed time: 125.096521 seconds (0d 0h 2m 5s)

---------------  T H R E A D  ---------------

Current thread (0x00000267fcfb5540):  JavaThread "C2 CompilerThread0" daemon [_thread_in_native, id=17420, stack(0x000000e033800000,0x000000e033900000)]


Current CompileTask:
C2: 125096 11487       4       javax.management.ObjectName::construct (1135 bytes)

Stack: [0x000000e033800000,0x000000e033900000]
Native frames: (J=compiled Java code, j=interpreted, Vv=VM code, C=native code)
V  [jvm.dll+0x678b0a]
V  [jvm.dll+0x835e84]
V  [jvm.dll+0x83762e]
V  [jvm.dll+0x837c93]
V  [jvm.dll+0x24746f]
V  [jvm.dll+0xac42c]
V  [jvm.dll+0xac7dc]
V  [jvm.dll+0x1e00f4]
V  [jvm.dll+0x1ce450]
V  [jvm.dll+0x12746e]
V  [jvm.dll+0x2abc80]
V  [jvm.dll+0x2ad99a]
V  [jvm.dll+0x690e27]
V  [jvm.dll+0x688f1b]
V  [jvm.dll+0x688557]
V  [jvm.dll+0x686442]
V  [jvm.dll+0x1a859c]
V  [jvm.dll+0x1a9166]
V  [jvm.dll+0x2ada14]
V  [jvm.dll+0x690e27]
V  [jvm.dll+0x688f1b]
V  [jvm.dll+0x688557]
V  [jvm.dll+0x686442]
V  [jvm.dll+0x1a859c]
V  [jvm.dll+0x1a9166]
V  [jvm.dll+0x2ada14]
V  [jvm.dll+0x690e27]
V  [jvm.dll+0x688f1b]
V  [jvm.dll+0x688557]
V  [jvm.dll+0x686442]
V  [jvm.dll+0x1a859c]
V  [jvm.dll+0x218bd8]
V  [jvm.dll+0x1a534d]
V  [jvm.dll+0x228d8a]
V  [jvm.dll+0x226dcc]
V  [jvm.dll+0x7ec09b]
V  [jvm.dll+0x7e64ca]
V  [jvm.dll+0x677955]
C  [ucrtbase.dll+0x37b0]
C  [KERNEL32.DLL+0x2e8d7]
C  [ntdll.dll+0xbbf2c]


---------------  P R O C E S S  ---------------

Threads class SMR info:
_java_thread_list=0x00000267c758a190, length=89, elements={
0x00000267de7ae870, 0x00000267fcf94af0, 0x00000267fcf96130, 0x00000267fcfafab0,
0x00000267fcfb37a0, 0x00000267fcfb4070, 0x00000267fcfb4940, 0x00000267fcfb5540,
0x00000267fcfd29b0, 0x00000267fcfd32c0, 0x00000267fd233730, 0x00000267fd235030,
0x00000267fe727540, 0x00000267fe7fa250, 0x00000267fe9fb6e0, 0x00000267fdfb9d70,
0x00000267fd054d60, 0x00000267fd055c90, 0x00000267fd0561a0, 0x00000267fd055270,
0x00000267fd055780, 0x00000267fd056bc0, 0x00000267ff3d7df0, 0x00000267ff3d8300,
0x00000267ff3d8810, 0x00000267ff3d8d20, 0x00000267ff3d64a0, 0x00000267ff3d9230,
0x00000267ffbfdab0, 0x00000267ffbfc670, 0x00000267ffbf7f90, 0x00000267ffbf89b0,
0x00000267ffbf93d0, 0x00000267ffbf8ec0, 0x00000267ffbf7060, 0x00000267ffbf9df0,
0x00000267ffbf84a0, 0x00000267ffbfa300, 0x00000267ffbf7570, 0x00000267ffbf7a80,
0x00000267ffbfcb80, 0x00000267ffbfc160, 0x00000267ffbfd090, 0x00000267ffbfd5a0,
0x00000267ffbfdfc0, 0x00000267ffbfa810, 0x00000267ffbfb230, 0x00000267ffbfb740,
0x00000267ffbfad20, 0x00000267ffbfe4d0, 0x00000267ffbfbc50, 0x00000267ffbfe9e0,
0x00000267ff3d5060, 0x00000267ff3d5a80, 0x00000267ff3d6ec0, 0x00000267ff3d9740,
0x00000267ff3d73d0, 0x00000267ff3d78e0, 0x00000267ff3d5f90, 0x00000267ff3db5a0,
0x00000267ff3dbab0, 0x00000267ff3d9c50, 0x00000267ff3da160, 0x00000267ff3dc4d0,
0x00000267ff3da670, 0x00000267ff3dbfc0, 0x00000267ff3dc9e0, 0x00000267ff3dab80,
0x00000267ff3db090, 0x00000267fd0570d0, 0x00000267fd0566b0, 0x00000267fd0575e0,
0x00000267fd058510, 0x00000267fd057af0, 0x00000267fd058000, 0x00000267ff7da3d0,
0x00000267ff7da8e0, 0x00000267ff7d8060, 0x00000267ff7d8f90, 0x00000267ff7d8570,
0x00000267ff7d8a80, 0x00000267ff7d99b0, 0x00000267ff7d9ec0, 0x00000267ff7db300,
0x00000267ff7dadf0, 0x00000267c60e38d0, 0x00000267c60e3de0, 0x00000267c60e5730,
0x00000267c60e1f80
}

Java Threads: ( => current thread )
  0x00000267de7ae870 JavaThread "main" [_thread_blocked, id=3276, stack(0x000000e032b00000,0x000000e032c00000)]
  0x00000267fcf94af0 JavaThread "Reference Handler" daemon [_thread_blocked, id=5732, stack(0x000000e033200000,0x000000e033300000)]
  0x00000267fcf96130 JavaThread "Finalizer" daemon [_thread_blocked, id=15072, stack(0x000000e033300000,0x000000e033400000)]
  0x00000267fcfafab0 JavaThread "Signal Dispatcher" daemon [_thread_blocked, id=11828, stack(0x000000e033400000,0x000000e033500000)]
  0x00000267fcfb37a0 JavaThread "Attach Listener" daemon [_thread_blocked, id=8076, stack(0x000000e033500000,0x000000e033600000)]
  0x00000267fcfb4070 JavaThread "Service Thread" daemon [_thread_blocked, id=12140, stack(0x000000e033600000,0x000000e033700000)]
  0x00000267fcfb4940 JavaThread "Monitor Deflation Thread" daemon [_thread_blocked, id=4788, stack(0x000000e033700000,0x000000e033800000)]
=>0x00000267fcfb5540 JavaThread "C2 CompilerThread0" daemon [_thread_in_native, id=17420, stack(0x000000e033800000,0x000000e033900000)]
  0x00000267fcfd29b0 JavaThread "C1 CompilerThread0" daemon [_thread_blocked, id=10644, stack(0x000000e033900000,0x000000e033a00000)]
  0x00000267fcfd32c0 JavaThread "Sweeper thread" daemon [_thread_blocked, id=17824, stack(0x000000e033a00000,0x000000e033b00000)]
  0x00000267fd233730 JavaThread "Common-Cleaner" daemon [_thread_blocked, id=11336, stack(0x000000e033b00000,0x000000e033c00000)]
  0x00000267fd235030 JavaThread "Notification Thread" daemon [_thread_blocked, id=6020, stack(0x000000e033c00000,0x000000e033d00000)]
  0x00000267fe727540 JavaThread "Daemon health stats" [_thread_blocked, id=8220, stack(0x000000e034100000,0x000000e034200000)]
  0x00000267fe7fa250 JavaThread "Incoming local TCP Connector on port 57197" [_thread_in_native, id=3604, stack(0x000000e034200000,0x000000e034300000)]
  0x00000267fe9fb6e0 JavaThread "Daemon periodic checks" [_thread_blocked, id=1744, stack(0x000000e034300000,0x000000e034400000)]
  0x00000267fdfb9d70 JavaThread "Daemon" [_thread_blocked, id=4176, stack(0x000000e034400000,0x000000e034500000)]
  0x00000267fd054d60 JavaThread "Daemon worker" [_thread_blocked, id=12076, stack(0x000000e034700000,0x000000e034800000)]
  0x00000267fd055c90 JavaThread "Cache worker for journal cache (C:\Users\salin\.gradle\caches\journal-1)" [_thread_blocked, id=6192, stack(0x000000e034b00000,0x000000e034c00000)]
  0x00000267fd0561a0 JavaThread "File lock request listener" [_thread_in_native, id=9464, stack(0x000000e034c00000,0x000000e034d00000)]
  0x00000267fd055270 JavaThread "Cache worker for file hash cache (C:\Users\salin\.gradle\caches\7.5\fileHashes)" [_thread_blocked, id=9780, stack(0x000000e034d00000,0x000000e034e00000)]
  0x00000267fd055780 JavaThread "File watcher server" daemon [_thread_in_native, id=17904, stack(0x000000e034f00000,0x000000e035000000)]
  0x00000267fd056bc0 JavaThread "File watcher consumer" daemon [_thread_blocked, id=16360, stack(0x000000e035000000,0x000000e035100000)]
  0x00000267ff3d7df0 JavaThread "Cache worker for file content cache (C:\Users\salin\.gradle\caches\7.5\fileContent)" [_thread_blocked, id=18520, stack(0x000000e035200000,0x000000e035300000)]
  0x00000267ff3d8300 JavaThread "Cache worker for execution history cache (C:\Users\salin\.gradle\caches\7.5\executionHistory)" [_thread_blocked, id=12820, stack(0x000000e035500000,0x000000e035600000)]
  0x00000267ff3d8810 JavaThread "jar transforms" [_thread_blocked, id=17748, stack(0x000000e035600000,0x000000e035700000)]
  0x00000267ff3d8d20 JavaThread "jar transforms Thread 2" [_thread_blocked, id=20068, stack(0x000000e035700000,0x000000e035800000)]
  0x00000267ff3d64a0 JavaThread "jar transforms Thread 3" [_thread_blocked, id=18612, stack(0x000000e035800000,0x000000e035900000)]
  0x00000267ff3d9230 JavaThread "jar transforms Thread 4" [_thread_blocked, id=19812, stack(0x000000e035900000,0x000000e035a00000)]
  0x00000267ffbfdab0 JavaThread "Memory manager" [_thread_blocked, id=10724, stack(0x000000e038600000,0x000000e038700000)]
  0x00000267ffbfc670 JavaThread "Cache worker for kotlin-dsl (C:\Users\salin\.gradle\caches\7.5\kotlin-dsl)" [_thread_blocked, id=19416, stack(0x000000e038500000,0x000000e038600000)]
  0x00000267ffbf7f90 JavaThread "Handler for socket connection from /127.0.0.1:57197 to /127.0.0.1:57280" [_thread_in_native, id=13936, stack(0x000000e032800000,0x000000e032900000)]
  0x00000267ffbf89b0 JavaThread "Cancel handler" [_thread_blocked, id=19156, stack(0x000000e032900000,0x000000e032a00000)]
  0x00000267ffbf93d0 JavaThread "Asynchronous log dispatcher for DefaultDaemonConnection: socket connection from /127.0.0.1:57197 to /127.0.0.1:57280" [_thread_blocked, id=13796, stack(0x000000e032a00000,0x000000e032b00000)]
  0x00000267ffbf8ec0 JavaThread "Stdin handler" [_thread_blocked, id=16648, stack(0x000000e034500000,0x000000e034600000)]
  0x00000267ffbf7060 JavaThread "Daemon client event forwarder" [_thread_blocked, id=3900, stack(0x000000e034600000,0x000000e034700000)]
  0x00000267ffbf9df0 JavaThread "Cache worker for checksums cache (C:\Users\salin\OneDrive\Desktop\chatbotai\frontend\android\.gradle\7.5\checksums)" [_thread_blocked, id=19164, stack(0x000000e034800000,0x000000e034900000)]
  0x00000267ffbf84a0 JavaThread "Cache worker for cache directory md-rule (C:\Users\salin\.gradle\caches\7.5\md-rule)" [_thread_blocked, id=17064, stack(0x000000e034900000,0x000000e034a00000)]
  0x00000267ffbfa300 JavaThread "Cache worker for file hash cache (C:\Users\salin\OneDrive\Desktop\chatbotai\frontend\android\.gradle\7.5\fileHashes)" [_thread_blocked, id=1608, stack(0x000000e034a00000,0x000000e034b00000)]
  0x00000267ffbf7570 JavaThread "Cache worker for cache directory md-supplier (C:\Users\salin\.gradle\caches\7.5\md-supplier)" [_thread_blocked, id=7508, stack(0x000000e034e00000,0x000000e034f00000)]
  0x00000267ffbf7a80 JavaThread "Cache worker for dependencies-accessors (C:\Users\salin\OneDrive\Desktop\chatbotai\frontend\android\.gradle\7.5\dependencies-accessors)" [_thread_blocked, id=12840, stack(0x000000e035100000,0x000000e035200000)]
  0x00000267ffbfcb80 JavaThread "Cache worker for Build Output Cleanup Cache (C:\Users\salin\OneDrive\Desktop\chatbotai\frontend\android\.gradle\buildOutputCleanup)" [_thread_blocked, id=13224, stack(0x000000e035300000,0x000000e035400000)]
  0x00000267ffbfc160 JavaThread "Unconstrained build operations" [_thread_blocked, id=12688, stack(0x000000e035400000,0x000000e035500000)]
  0x00000267ffbfd090 JavaThread "Unconstrained build operations Thread 2" [_thread_blocked, id=14712, stack(0x000000e035a00000,0x000000e035b00000)]
  0x00000267ffbfd5a0 JavaThread "Unconstrained build operations Thread 3" [_thread_blocked, id=13196, stack(0x000000e035b00000,0x000000e035c00000)]
  0x00000267ffbfdfc0 JavaThread "Unconstrained build operations Thread 4" [_thread_blocked, id=20264, stack(0x000000e035c00000,0x000000e035d00000)]
  0x00000267ffbfa810 JavaThread "Unconstrained build operations Thread 5" [_thread_blocked, id=17708, stack(0x000000e035d00000,0x000000e035e00000)]
  0x00000267ffbfb230 JavaThread "Unconstrained build operations Thread 6" [_thread_blocked, id=5512, stack(0x000000e035e00000,0x000000e035f00000)]
  0x00000267ffbfb740 JavaThread "Unconstrained build operations Thread 7" [_thread_blocked, id=5292, stack(0x000000e035f00000,0x000000e036000000)]
  0x00000267ffbfad20 JavaThread "Unconstrained build operations Thread 8" [_thread_blocked, id=8412, stack(0x000000e036000000,0x000000e036100000)]
  0x00000267ffbfe4d0 JavaThread "Unconstrained build operations Thread 9" [_thread_blocked, id=8268, stack(0x000000e036100000,0x000000e036200000)]
  0x00000267ffbfbc50 JavaThread "Unconstrained build operations Thread 10" [_thread_blocked, id=9952, stack(0x000000e036200000,0x000000e036300000)]
  0x00000267ffbfe9e0 JavaThread "Unconstrained build operations Thread 11" [_thread_blocked, id=12868, stack(0x000000e036300000,0x000000e036400000)]
  0x00000267ff3d5060 JavaThread "Unconstrained build operations Thread 12" [_thread_blocked, id=6044, stack(0x000000e036400000,0x000000e036500000)]
  0x00000267ff3d5a80 JavaThread "Unconstrained build operations Thread 13" [_thread_blocked, id=14396, stack(0x000000e036500000,0x000000e036600000)]
  0x00000267ff3d6ec0 JavaThread "Unconstrained build operations Thread 14" [_thread_blocked, id=1480, stack(0x000000e036600000,0x000000e036700000)]
  0x00000267ff3d9740 JavaThread "Unconstrained build operations Thread 15" [_thread_blocked, id=15212, stack(0x000000e036700000,0x000000e036800000)]
  0x00000267ff3d73d0 JavaThread "Unconstrained build operations Thread 16" [_thread_blocked, id=4700, stack(0x000000e036800000,0x000000e036900000)]
  0x00000267ff3d78e0 JavaThread "Unconstrained build operations Thread 17" [_thread_blocked, id=16680, stack(0x000000e036900000,0x000000e036a00000)]
  0x00000267ff3d5f90 JavaThread "Unconstrained build operations Thread 18" [_thread_blocked, id=3452, stack(0x000000e036a00000,0x000000e036b00000)]
  0x00000267ff3db5a0 JavaThread "Unconstrained build operations Thread 19" [_thread_blocked, id=5052, stack(0x000000e036b00000,0x000000e036c00000)]
  0x00000267ff3dbab0 JavaThread "Unconstrained build operations Thread 20" [_thread_blocked, id=11768, stack(0x000000e036c00000,0x000000e036d00000)]
  0x00000267ff3d9c50 JavaThread "Unconstrained build operations Thread 21" [_thread_blocked, id=20392, stack(0x000000e036d00000,0x000000e036e00000)]
  0x00000267ff3da160 JavaThread "Unconstrained build operations Thread 22" [_thread_blocked, id=9940, stack(0x000000e036e00000,0x000000e036f00000)]
  0x00000267ff3dc4d0 JavaThread "Unconstrained build operations Thread 23" [_thread_blocked, id=11688, stack(0x000000e036f00000,0x000000e037000000)]
  0x00000267ff3da670 JavaThread "Unconstrained build operations Thread 24" [_thread_blocked, id=19196, stack(0x000000e037000000,0x000000e037100000)]
  0x00000267ff3dbfc0 JavaThread "Unconstrained build operations Thread 25" [_thread_blocked, id=11472, stack(0x000000e037100000,0x000000e037200000)]
  0x00000267ff3dc9e0 JavaThread "Unconstrained build operations Thread 26" [_thread_blocked, id=2736, stack(0x000000e037200000,0x000000e037300000)]
  0x00000267ff3dab80 JavaThread "Unconstrained build operations Thread 27" [_thread_blocked, id=11656, stack(0x000000e037300000,0x000000e037400000)]
  0x00000267ff3db090 JavaThread "Unconstrained build operations Thread 28" [_thread_blocked, id=15896, stack(0x000000e037400000,0x000000e037500000)]
  0x00000267fd0570d0 JavaThread "Unconstrained build operations Thread 29" [_thread_blocked, id=3048, stack(0x000000e037500000,0x000000e037600000)]
  0x00000267fd0566b0 JavaThread "Unconstrained build operations Thread 30" [_thread_blocked, id=5708, stack(0x000000e037600000,0x000000e037700000)]
  0x00000267fd0575e0 JavaThread "Unconstrained build operations Thread 31" [_thread_blocked, id=8560, stack(0x000000e037700000,0x000000e037800000)]
  0x00000267fd058510 JavaThread "Unconstrained build operations Thread 32" [_thread_blocked, id=11000, stack(0x000000e037800000,0x000000e037900000)]
  0x00000267fd057af0 JavaThread "Unconstrained build operations Thread 33" [_thread_blocked, id=16048, stack(0x000000e037900000,0x000000e037a00000)]
  0x00000267fd058000 JavaThread "Unconstrained build operations Thread 34" [_thread_blocked, id=11596, stack(0x000000e037a00000,0x000000e037b00000)]
  0x00000267ff7da3d0 JavaThread "Unconstrained build operations Thread 35" [_thread_blocked, id=11124, stack(0x000000e037b00000,0x000000e037c00000)]
  0x00000267ff7da8e0 JavaThread "Unconstrained build operations Thread 36" [_thread_blocked, id=17084, stack(0x000000e037c00000,0x000000e037d00000)]
  0x00000267ff7d8060 JavaThread "Unconstrained build operations Thread 37" [_thread_blocked, id=8996, stack(0x000000e037d00000,0x000000e037e00000)]
  0x00000267ff7d8f90 JavaThread "Unconstrained build operations Thread 38" [_thread_blocked, id=5672, stack(0x000000e037e00000,0x000000e037f00000)]
  0x00000267ff7d8570 JavaThread "Unconstrained build operations Thread 39" [_thread_blocked, id=18708, stack(0x000000e037f00000,0x000000e038000000)]
  0x00000267ff7d8a80 JavaThread "Unconstrained build operations Thread 40" [_thread_blocked, id=13908, stack(0x000000e038000000,0x000000e038100000)]
  0x00000267ff7d99b0 JavaThread "included builds" [_thread_blocked, id=11384, stack(0x000000e038100000,0x000000e038200000)]
  0x00000267ff7d9ec0 JavaThread "Execution worker" [_thread_blocked, id=12100, stack(0x000000e038200000,0x000000e038300000)]
  0x00000267ff7db300 JavaThread "Execution worker Thread 2" [_thread_blocked, id=19500, stack(0x000000e038700000,0x000000e038800000)]
  0x00000267ff7dadf0 JavaThread "Execution worker Thread 3" [_thread_blocked, id=16064, stack(0x000000e038800000,0x000000e038900000)]
  0x00000267c60e38d0 JavaThread "Cache worker for execution history cache (C:\Users\salin\OneDrive\Desktop\chatbotai\frontend\android\.gradle\7.5\executionHistory)" [_thread_blocked, id=12952, stack(0x000000e038900000,0x000000e038a00000)]
  0x00000267c60e3de0 JavaThread "Exec process" [_thread_in_native, id=19940, stack(0x000000e038a00000,0x000000e038b00000)]
  0x00000267c60e5730 JavaThread "Exec process Thread 2" [_thread_in_native, id=17500, stack(0x000000e038b00000,0x000000e038c00000)]
  0x00000267c60e1f80 JavaThread "Exec process Thread 3" [_thread_in_native, id=11892, stack(0x000000e038c00000,0x000000e038d00000)]

Other Threads:
  0x00000267fcf91530 VMThread "VM Thread" [stack: 0x000000e033100000,0x000000e033200000] [id=10284]
  0x00000267de813110 WatcherThread [stack: 0x000000e033d00000,0x000000e033e00000] [id=8632]
  0x00000267de7faa10 GCTaskThread "GC Thread#0" [stack: 0x000000e032c00000,0x000000e032d00000] [id=11164]
  0x00000267fd28d580 GCTaskThread "GC Thread#1" [stack: 0x000000e033e00000,0x000000e033f00000] [id=11224]
  0x00000267fd28db00 GCTaskThread "GC Thread#2" [stack: 0x000000e033f00000,0x000000e034000000] [id=19392]
  0x00000267fd28e080 GCTaskThread "GC Thread#3" [stack: 0x000000e034000000,0x000000e034100000] [id=7956]
  0x00000267de807870 ConcurrentGCThread "G1 Main Marker" [stack: 0x000000e032d00000,0x000000e032e00000] [id=1568]
  0x00000267de809600 ConcurrentGCThread "G1 Conc#0" [stack: 0x000000e032e00000,0x000000e032f00000] [id=20404]
  0x00000267de849cc0 ConcurrentGCThread "G1 Refine#0" [stack: 0x000000e032f00000,0x000000e033000000] [id=14404]
  0x00000267de84b4b0 ConcurrentGCThread "G1 Service" [stack: 0x000000e033000000,0x000000e033100000] [id=18440]

Threads with active compile tasks:
C2 CompilerThread0   125183 11487       4       javax.management.ObjectName::construct (1135 bytes)

VM state: not at safepoint (normal execution)

VM Mutex/Monitor currently owned by a thread: None

Heap address: 0x00000000a0000000, size: 1536 MB, Compressed Oops mode: 32-bit

CDS archive(s) mapped at: [0x0000026780000000-0x0000026780bd0000-0x0000026780bd0000), size 12386304, SharedBaseAddress: 0x0000026780000000, ArchiveRelocationMode: 1.
Compressed class space mapped at: 0x0000026781000000-0x00000267c1000000, reserved size: 1073741824
Narrow klass base: 0x0000026780000000, Narrow klass shift: 0, Narrow klass range: 0x100000000

GC Precious Log:
 CPUs: 4 total, 4 available
 Memory: 3521M
 Large Page Support: Disabled
 NUMA Support: Disabled
 Compressed Oops: Enabled (32-bit)
 Heap Region Size: 1M
 Heap Min Capacity: 8M
 Heap Initial Capacity: 56M
 Heap Max Capacity: 1536M
 Pre-touch: Disabled
 Parallel Workers: 4
 Concurrent Workers: 1
 Concurrent Refinement Workers: 4
 Periodic GC: Disabled

Heap:
 garbage-first heap   total 126976K, used 107933K [0x00000000a0000000, 0x0000000100000000)
  region size 1024K, 12 young (12288K), 2 survivors (2048K)
 Metaspace       used 78765K, committed 79616K, reserved 1179648K
  class space    used 10923K, committed 11328K, reserved 1048576K

Heap Regions: E=young(eden), S=young(survivor), O=old, HS=humongous(starts), HC=humongous(continues), CS=collection set, F=free, OA=open archive, CA=closed archive, TAMS=top-at-mark-start (previous, next)
|   0|0x00000000a0000000, 0x00000000a0100000, 0x00000000a0100000|100%|HS|  |TAMS 0x00000000a0100000, 0x00000000a0000000| Complete 
|   1|0x00000000a0100000, 0x00000000a0200000, 0x00000000a0200000|100%|HC|  |TAMS 0x00000000a0200000, 0x00000000a0100000| Complete 
|   2|0x00000000a0200000, 0x00000000a0300000, 0x00000000a0300000|100%|HC|  |TAMS 0x00000000a0300000, 0x00000000a0200000| Complete 
|   3|0x00000000a0300000, 0x00000000a0400000, 0x00000000a0400000|100%| O|  |TAMS 0x00000000a0400000, 0x00000000a0300000| Untracked 
|   4|0x00000000a0400000, 0x00000000a0500000, 0x00000000a0500000|100%| O|  |TAMS 0x00000000a0500000, 0x00000000a0400000| Untracked 
|   5|0x00000000a0500000, 0x00000000a0600000, 0x00000000a0600000|100%| O|  |TAMS 0x00000000a0600000, 0x00000000a0500000| Untracked 
|   6|0x00000000a0600000, 0x00000000a0700000, 0x00000000a0700000|100%| O|  |TAMS 0x00000000a0700000, 0x00000000a0600000| Untracked 
|   7|0x00000000a0700000, 0x00000000a0800000, 0x00000000a0800000|100%| O|  |TAMS 0x00000000a0800000, 0x00000000a0700000| Untracked 
|   8|0x00000000a0800000, 0x00000000a0900000, 0x00000000a0900000|100%| O|  |TAMS 0x00000000a0900000, 0x00000000a0800000| Untracked 
|   9|0x00000000a0900000, 0x00000000a0a00000, 0x00000000a0a00000|100%| O|  |TAMS 0x00000000a0a00000, 0x00000000a0900000| Untracked 
|  10|0x00000000a0a00000, 0x00000000a0b00000, 0x00000000a0b00000|100%| O|  |TAMS 0x00000000a0b00000, 0x00000000a0a00000| Untracked 
|  11|0x00000000a0b00000, 0x00000000a0c00000, 0x00000000a0c00000|100%| O|  |TAMS 0x00000000a0c00000, 0x00000000a0b00000| Untracked 
|  12|0x00000000a0c00000, 0x00000000a0d00000, 0x00000000a0d00000|100%| O|  |TAMS 0x00000000a0d00000, 0x00000000a0c00000| Untracked 
|  13|0x00000000a0d00000, 0x00000000a0e00000, 0x00000000a0e00000|100%| O|  |TAMS 0x00000000a0e00000, 0x00000000a0d00000| Untracked 
|  14|0x00000000a0e00000, 0x00000000a0f00000, 0x00000000a0f00000|100%| O|  |TAMS 0x00000000a0f00000, 0x00000000a0e00000| Untracked 
|  15|0x00000000a0f00000, 0x00000000a1000000, 0x00000000a1000000|100%| O|  |TAMS 0x00000000a1000000, 0x00000000a0f00000| Untracked 
|  16|0x00000000a1000000, 0x00000000a1100000, 0x00000000a1100000|100%| O|  |TAMS 0x00000000a1100000, 0x00000000a1000000| Untracked 
|  17|0x00000000a1100000, 0x00000000a1200000, 0x00000000a1200000|100%| O|  |TAMS 0x00000000a1200000, 0x00000000a1100000| Untracked 
|  18|0x00000000a1200000, 0x00000000a1300000, 0x00000000a1300000|100%| O|  |TAMS 0x00000000a1300000, 0x00000000a1200000| Untracked 
|  19|0x00000000a1300000, 0x00000000a1400000, 0x00000000a1400000|100%| O|  |TAMS 0x00000000a1400000, 0x00000000a1300000| Untracked 
|  20|0x00000000a1400000, 0x00000000a1500000, 0x00000000a1500000|100%| O|  |TAMS 0x00000000a1500000, 0x00000000a1400000| Untracked 
|  21|0x00000000a1500000, 0x00000000a1600000, 0x00000000a1600000|100%| O|  |TAMS 0x00000000a1600000, 0x00000000a1500000| Untracked 
|  22|0x00000000a1600000, 0x00000000a1700000, 0x00000000a1700000|100%| O|  |TAMS 0x00000000a1700000, 0x00000000a1600000| Untracked 
|  23|0x00000000a1700000, 0x00000000a1800000, 0x00000000a1800000|100%| O|  |TAMS 0x00000000a1800000, 0x00000000a1700000| Untracked 
|  24|0x00000000a1800000, 0x00000000a1900000, 0x00000000a1900000|100%| O|  |TAMS 0x00000000a1900000, 0x00000000a1800000| Untracked 
|  25|0x00000000a1900000, 0x00000000a1a00000, 0x00000000a1a00000|100%| O|  |TAMS 0x00000000a1a00000, 0x00000000a1900000| Untracked 
|  26|0x00000000a1a00000, 0x00000000a1b00000, 0x00000000a1b00000|100%| O|  |TAMS 0x00000000a1b00000, 0x00000000a1a00000| Untracked 
|  27|0x00000000a1b00000, 0x00000000a1c00000, 0x00000000a1c00000|100%| O|  |TAMS 0x00000000a1c00000, 0x00000000a1b00000| Untracked 
|  28|0x00000000a1c00000, 0x00000000a1d00000, 0x00000000a1d00000|100%| O|  |TAMS 0x00000000a1d00000, 0x00000000a1c00000| Untracked 
|  29|0x00000000a1d00000, 0x00000000a1e00000, 0x00000000a1e00000|100%| O|  |TAMS 0x00000000a1e00000, 0x00000000a1d00000| Untracked 
|  30|0x00000000a1e00000, 0x00000000a1f00000, 0x00000000a1f00000|100%| O|  |TAMS 0x00000000a1f00000, 0x00000000a1e00000| Untracked 
|  31|0x00000000a1f00000, 0x00000000a2000000, 0x00000000a2000000|100%| O|  |TAMS 0x00000000a2000000, 0x00000000a1f00000| Untracked 
|  32|0x00000000a2000000, 0x00000000a2100000, 0x00000000a2100000|100%| O|  |TAMS 0x00000000a2100000, 0x00000000a2000000| Untracked 
|  33|0x00000000a2100000, 0x00000000a2200000, 0x00000000a2200000|100%| O|  |TAMS 0x00000000a2200000, 0x00000000a2100000| Untracked 
|  34|0x00000000a2200000, 0x00000000a2300000, 0x00000000a2300000|100%| O|  |TAMS 0x00000000a2300000, 0x00000000a2200000| Untracked 
|  35|0x00000000a2300000, 0x00000000a2400000, 0x00000000a2400000|100%|HS|  |TAMS 0x00000000a2400000, 0x00000000a2300000| Complete 
|  36|0x00000000a2400000, 0x00000000a2500000, 0x00000000a2500000|100%|HS|  |TAMS 0x00000000a2500000, 0x00000000a2400000| Complete 
|  37|0x00000000a2500000, 0x00000000a2600000, 0x00000000a2600000|100%|HS|  |TAMS 0x00000000a2600000, 0x00000000a2500000| Complete 
|  38|0x00000000a2600000, 0x00000000a2700000, 0x00000000a2700000|100%| O|  |TAMS 0x00000000a2700000, 0x00000000a2600000| Untracked 
|  39|0x00000000a2700000, 0x00000000a2800000, 0x00000000a2800000|100%| O|  |TAMS 0x00000000a2800000, 0x00000000a2700000| Untracked 
|  40|0x00000000a2800000, 0x00000000a2900000, 0x00000000a2900000|100%|HS|  |TAMS 0x00000000a2900000, 0x00000000a2800000| Complete 
|  41|0x00000000a2900000, 0x00000000a2a00000, 0x00000000a2a00000|100%|HC|  |TAMS 0x00000000a2a00000, 0x00000000a2900000| Complete 
|  42|0x00000000a2a00000, 0x00000000a2b00000, 0x00000000a2b00000|100%|HC|  |TAMS 0x00000000a2b00000, 0x00000000a2a00000| Complete 
|  43|0x00000000a2b00000, 0x00000000a2c00000, 0x00000000a2c00000|100%| O|  |TAMS 0x00000000a2c00000, 0x00000000a2b00000| Untracked 
|  44|0x00000000a2c00000, 0x00000000a2d00000, 0x00000000a2d00000|100%| O|  |TAMS 0x00000000a2d00000, 0x00000000a2c00000| Untracked 
|  45|0x00000000a2d00000, 0x00000000a2e00000, 0x00000000a2e00000|100%|HS|  |TAMS 0x00000000a2e00000, 0x00000000a2d00000| Complete 
|  46|0x00000000a2e00000, 0x00000000a2f00000, 0x00000000a2f00000|100%|HC|  |TAMS 0x00000000a2f00000, 0x00000000a2e00000| Complete 
|  47|0x00000000a2f00000, 0x00000000a3000000, 0x00000000a3000000|100%| O|  |TAMS 0x00000000a3000000, 0x00000000a2f00000| Untracked 
|  48|0x00000000a3000000, 0x00000000a3100000, 0x00000000a3100000|100%| O|  |TAMS 0x00000000a3100000, 0x00000000a3000000| Untracked 
|  49|0x00000000a3100000, 0x00000000a3200000, 0x00000000a3200000|100%| O|  |TAMS 0x00000000a3200000, 0x00000000a3100000| Untracked 
|  50|0x00000000a3200000, 0x00000000a3300000, 0x00000000a3300000|100%| O|  |TAMS 0x00000000a3300000, 0x00000000a3200000| Untracked 
|  51|0x00000000a3300000, 0x00000000a3400000, 0x00000000a3400000|100%| O|  |TAMS 0x00000000a3400000, 0x00000000a3300000| Untracked 
|  52|0x00000000a3400000, 0x00000000a3500000, 0x00000000a3500000|100%| O|  |TAMS 0x00000000a3500000, 0x00000000a3400000| Untracked 
|  53|0x00000000a3500000, 0x00000000a3600000, 0x00000000a3600000|100%| O|  |TAMS 0x00000000a3600000, 0x00000000a3500000| Untracked 
|  54|0x00000000a3600000, 0x00000000a3700000, 0x00000000a3700000|100%| O|  |TAMS 0x00000000a3700000, 0x00000000a3600000| Untracked 
|  55|0x00000000a3700000, 0x00000000a3800000, 0x00000000a3800000|100%| O|  |TAMS 0x00000000a3800000, 0x00000000a3700000| Untracked 
|  56|0x00000000a3800000, 0x00000000a3900000, 0x00000000a3900000|100%| O|  |TAMS 0x00000000a3900000, 0x00000000a3800000| Untracked 
|  57|0x00000000a3900000, 0x00000000a3a00000, 0x00000000a3a00000|100%|HS|  |TAMS 0x00000000a3a00000, 0x00000000a3900000| Complete 
|  58|0x00000000a3a00000, 0x00000000a3b00000, 0x00000000a3b00000|100%| O|  |TAMS 0x00000000a3b00000, 0x00000000a3a00000| Untracked 
|  59|0x00000000a3b00000, 0x00000000a3c00000, 0x00000000a3c00000|100%| O|  |TAMS 0x00000000a3c00000, 0x00000000a3b00000| Untracked 
|  60|0x00000000a3c00000, 0x00000000a3d00000, 0x00000000a3d00000|100%|HS|  |TAMS 0x00000000a3d00000, 0x00000000a3c00000| Complete 
|  61|0x00000000a3d00000, 0x00000000a3e00000, 0x00000000a3e00000|100%| O|  |TAMS 0x00000000a3d00000, 0x00000000a3d00000| Untracked 
|  62|0x00000000a3e00000, 0x00000000a3f00000, 0x00000000a3f00000|100%| O|  |TAMS 0x00000000a3f00000, 0x00000000a3e00000| Untracked 
|  63|0x00000000a3f00000, 0x00000000a4000000, 0x00000000a4000000|100%| O|  |TAMS 0x00000000a4000000, 0x00000000a3f00000| Untracked 
|  64|0x00000000a4000000, 0x00000000a4100000, 0x00000000a4100000|100%| O|  |TAMS 0x00000000a4100000, 0x00000000a4000000| Untracked 
|  65|0x00000000a4100000, 0x00000000a4200000, 0x00000000a4200000|100%| O|  |TAMS 0x00000000a4200000, 0x00000000a4100000| Untracked 
|  66|0x00000000a4200000, 0x00000000a4300000, 0x00000000a4300000|100%| O|  |TAMS 0x00000000a4300000, 0x00000000a4200000| Untracked 
|  67|0x00000000a4300000, 0x00000000a4400000, 0x00000000a4400000|100%| O|  |TAMS 0x00000000a4400000, 0x00000000a4300000| Untracked 
|  68|0x00000000a4400000, 0x00000000a4500000, 0x00000000a4500000|100%| O|  |TAMS 0x00000000a4412c00, 0x00000000a4400000| Untracked 
|  69|0x00000000a4500000, 0x00000000a4600000, 0x00000000a4600000|100%| O|  |TAMS 0x00000000a4500000, 0x00000000a4500000| Untracked 
|  70|0x00000000a4600000, 0x00000000a4700000, 0x00000000a4700000|100%| O|  |TAMS 0x00000000a4600000, 0x00000000a4600000| Untracked 
|  71|0x00000000a4700000, 0x00000000a4800000, 0x00000000a4800000|100%| O|  |TAMS 0x00000000a4700000, 0x00000000a4700000| Untracked 
|  72|0x00000000a4800000, 0x00000000a4900000, 0x00000000a4900000|100%| O|  |TAMS 0x00000000a4800000, 0x00000000a4800000| Untracked 
|  73|0x00000000a4900000, 0x00000000a4a00000, 0x00000000a4a00000|100%| O|  |TAMS 0x00000000a4900000, 0x00000000a4900000| Untracked 
|  74|0x00000000a4a00000, 0x00000000a4b00000, 0x00000000a4b00000|100%| O|  |TAMS 0x00000000a4a00000, 0x00000000a4a00000| Untracked 
|  75|0x00000000a4b00000, 0x00000000a4c00000, 0x00000000a4c00000|100%| O|  |TAMS 0x00000000a4b00000, 0x00000000a4b00000| Untracked 
|  76|0x00000000a4c00000, 0x00000000a4d00000, 0x00000000a4d00000|100%| O|  |TAMS 0x00000000a4c00000, 0x00000000a4c00000| Untracked 
|  77|0x00000000a4d00000, 0x00000000a4e00000, 0x00000000a4e00000|100%| O|  |TAMS 0x00000000a4d00000, 0x00000000a4d00000| Untracked 
|  78|0x00000000a4e00000, 0x00000000a4f00000, 0x00000000a4f00000|100%| O|  |TAMS 0x00000000a4e00000, 0x00000000a4e00000| Untracked 
|  79|0x00000000a4f00000, 0x00000000a5000000, 0x00000000a5000000|100%| O|  |TAMS 0x00000000a4f00000, 0x00000000a4f00000| Untracked 
|  80|0x00000000a5000000, 0x00000000a5100000, 0x00000000a5100000|100%| O|  |TAMS 0x00000000a5000000, 0x00000000a5000000| Untracked 
|  81|0x00000000a5100000, 0x00000000a5200000, 0x00000000a5200000|100%| O|  |TAMS 0x00000000a5100000, 0x00000000a5100000| Untracked 
|  82|0x00000000a5200000, 0x00000000a5300000, 0x00000000a5300000|100%| O|  |TAMS 0x00000000a5200000, 0x00000000a5200000| Untracked 
|  83|0x00000000a5300000, 0x00000000a5400000, 0x00000000a5400000|100%| O|  |TAMS 0x00000000a5300000, 0x00000000a5300000| Untracked 
|  84|0x00000000a5400000, 0x00000000a5500000, 0x00000000a5500000|100%| O|  |TAMS 0x00000000a5400000, 0x00000000a5400000| Untracked 
|  85|0x00000000a5500000, 0x00000000a5600000, 0x00000000a5600000|100%| O|  |TAMS 0x00000000a5500000, 0x00000000a5500000| Untracked 
|  86|0x00000000a5600000, 0x00000000a5700000, 0x00000000a5700000|100%| O|  |TAMS 0x00000000a5600000, 0x00000000a5600000| Untracked 
|  87|0x00000000a5700000, 0x00000000a5800000, 0x00000000a5800000|100%| O|  |TAMS 0x00000000a5700000, 0x00000000a5700000| Untracked 
|  88|0x00000000a5800000, 0x00000000a5900000, 0x00000000a5900000|100%| O|  |TAMS 0x00000000a5800000, 0x00000000a5800000| Untracked 
|  89|0x00000000a5900000, 0x00000000a5a00000, 0x00000000a5a00000|100%| O|  |TAMS 0x00000000a5900000, 0x00000000a5900000| Untracked 
|  90|0x00000000a5a00000, 0x00000000a5b00000, 0x00000000a5b00000|100%| O|  |TAMS 0x00000000a5a00000, 0x00000000a5a00000| Untracked 
|  91|0x00000000a5b00000, 0x00000000a5c00000, 0x00000000a5c00000|100%| O|  |TAMS 0x00000000a5b00000, 0x00000000a5b00000| Untracked 
|  92|0x00000000a5c00000, 0x00000000a5d00000, 0x00000000a5d00000|100%| O|  |TAMS 0x00000000a5c00000, 0x00000000a5c00000| Untracked 
|  93|0x00000000a5d00000, 0x00000000a5e00000, 0x00000000a5e00000|100%| O|  |TAMS 0x00000000a5d00000, 0x00000000a5d00000| Untracked 
|  94|0x00000000a5e00000, 0x00000000a5f00000, 0x00000000a5f00000|100%| O|  |TAMS 0x00000000a5e00000, 0x00000000a5e00000| Untracked 
|  95|0x00000000a5f00000, 0x00000000a5f22400, 0x00000000a6000000| 13%| O|  |TAMS 0x00000000a5f00000, 0x00000000a5f00000| Untracked 
|  96|0x00000000a6000000, 0x00000000a6000000, 0x00000000a6100000|  0%| F|  |TAMS 0x00000000a6000000, 0x00000000a6000000| Untracked 
|  97|0x00000000a6100000, 0x00000000a6100000, 0x00000000a6200000|  0%| F|  |TAMS 0x00000000a6100000, 0x00000000a6100000| Untracked 
|  98|0x00000000a6200000, 0x00000000a6200000, 0x00000000a6300000|  0%| F|  |TAMS 0x00000000a6200000, 0x00000000a6200000| Untracked 
|  99|0x00000000a6300000, 0x00000000a6300000, 0x00000000a6400000|  0%| F|  |TAMS 0x00000000a6300000, 0x00000000a6300000| Untracked 
| 100|0x00000000a6400000, 0x00000000a6400000, 0x00000000a6500000|  0%| F|  |TAMS 0x00000000a6400000, 0x00000000a6400000| Untracked 
| 101|0x00000000a6500000, 0x00000000a6500000, 0x00000000a6600000|  0%| F|  |TAMS 0x00000000a6500000, 0x00000000a6500000| Untracked 
| 102|0x00000000a6600000, 0x00000000a6600000, 0x00000000a6700000|  0%| F|  |TAMS 0x00000000a6600000, 0x00000000a6600000| Untracked 
| 103|0x00000000a6700000, 0x00000000a6700000, 0x00000000a6800000|  0%| F|  |TAMS 0x00000000a6700000, 0x00000000a6700000| Untracked 
| 104|0x00000000a6800000, 0x00000000a6800000, 0x00000000a6900000|  0%| F|  |TAMS 0x00000000a6800000, 0x00000000a6800000| Untracked 
| 105|0x00000000a6900000, 0x00000000a6900000, 0x00000000a6a00000|  0%| F|  |TAMS 0x00000000a6900000, 0x00000000a6900000| Untracked 
| 106|0x00000000a6a00000, 0x00000000a6a00000, 0x00000000a6b00000|  0%| F|  |TAMS 0x00000000a6a00000, 0x00000000a6a00000| Untracked 
| 107|0x00000000a6b00000, 0x00000000a6b00000, 0x00000000a6c00000|  0%| F|  |TAMS 0x00000000a6b00000, 0x00000000a6b00000| Untracked 
| 108|0x00000000a6c00000, 0x00000000a6c00000, 0x00000000a6d00000|  0%| F|  |TAMS 0x00000000a6c00000, 0x00000000a6c00000| Untracked 
| 109|0x00000000a6d00000, 0x00000000a6d45140, 0x00000000a6e00000| 26%| S|CS|TAMS 0x00000000a6d00000, 0x00000000a6d00000| Complete 
| 110|0x00000000a6e00000, 0x00000000a6e00000, 0x00000000a6f00000|  0%| F|  |TAMS 0x00000000a6e00000, 0x00000000a6e00000| Untracked 
| 111|0x00000000a6f00000, 0x00000000a7000000, 0x00000000a7000000|100%| S|CS|TAMS 0x00000000a6f00000, 0x00000000a6f00000| Complete 
| 112|0x00000000a7000000, 0x00000000a7000000, 0x00000000a7100000|  0%| F|  |TAMS 0x00000000a7000000, 0x00000000a7000000| Untracked 
| 113|0x00000000a7100000, 0x00000000a7100000, 0x00000000a7200000|  0%| F|  |TAMS 0x00000000a7100000, 0x00000000a7100000| Untracked 
| 114|0x00000000a7200000, 0x00000000a722abc0, 0x00000000a7300000| 16%| E|  |TAMS 0x00000000a7200000, 0x00000000a7200000| Complete 
| 115|0x00000000a7300000, 0x00000000a7400000, 0x00000000a7400000|100%| E|CS|TAMS 0x00000000a7300000, 0x00000000a7300000| Complete 
| 116|0x00000000a7400000, 0x00000000a7500000, 0x00000000a7500000|100%| E|CS|TAMS 0x00000000a7400000, 0x00000000a7400000| Complete 
| 117|0x00000000a7500000, 0x00000000a7600000, 0x00000000a7600000|100%| E|CS|TAMS 0x00000000a7500000, 0x00000000a7500000| Complete 
| 118|0x00000000a7600000, 0x00000000a7700000, 0x00000000a7700000|100%| E|CS|TAMS 0x00000000a7600000, 0x00000000a7600000| Complete 
| 119|0x00000000a7700000, 0x00000000a7800000, 0x00000000a7800000|100%| E|CS|TAMS 0x00000000a7700000, 0x00000000a7700000| Complete 
| 120|0x00000000a7800000, 0x00000000a7900000, 0x00000000a7900000|100%| E|CS|TAMS 0x00000000a7800000, 0x00000000a7800000| Complete 
| 121|0x00000000a7900000, 0x00000000a7a00000, 0x00000000a7a00000|100%| E|CS|TAMS 0x00000000a7900000, 0x00000000a7900000| Complete 
| 122|0x00000000a7a00000, 0x00000000a7b00000, 0x00000000a7b00000|100%| E|CS|TAMS 0x00000000a7a00000, 0x00000000a7a00000| Complete 
| 123|0x00000000a7b00000, 0x00000000a7c00000, 0x00000000a7c00000|100%| E|CS|TAMS 0x00000000a7b00000, 0x00000000a7b00000| Complete 

Card table byte_map: [0x00000267f73b0000,0x00000267f76b0000] _byte_map_base: 0x00000267f6eb0000

Marking Bits (Prev, Next): (CMBitMap*) 0x00000267de7faf40, (CMBitMap*) 0x00000267de7faf80
 Prev Bits: [0x00000267f79b0000, 0x00000267f91b0000)
 Next Bits: [0x00000267f91b0000, 0x00000267fa9b0000)

Polling page: 0x00000267e7a50000

Metaspace:

Usage:
  Non-class:     66.25 MB used.
      Class:     10.67 MB used.
       Both:     76.92 MB used.

Virtual space:
  Non-class space:      128.00 MB reserved,      66.69 MB ( 52%) committed,  2 nodes.
      Class space:        1.00 GB reserved,      11.06 MB (  1%) committed,  1 nodes.
             Both:        1.12 GB reserved,      77.75 MB (  7%) committed. 

Chunk freelists:
   Non-Class:  13.08 MB
       Class:  4.76 MB
        Both:  17.84 MB

MaxMetaspaceSize: unlimited
CompressedClassSpaceSize: 1.00 GB
Initial GC threshold: 21.00 MB
Current GC threshold: 97.81 MB
CDS: on
MetaspaceReclaimPolicy: balanced
 - commit_granule_bytes: 65536.
 - commit_granule_words: 8192.
 - virtual_space_node_default_size: 8388608.
 - enlarge_chunks_in_place: 1.
 - new_chunks_are_fully_committed: 0.
 - uncommit_free_chunks: 1.
 - use_allocation_guard: 0.
 - handle_deallocations: 1.


Internal statistics:

num_allocs_failed_limit: 3.
num_arena_births: 1088.
num_arena_deaths: 0.
num_vsnodes_births: 3.
num_vsnodes_deaths: 0.
num_space_committed: 1244.
num_space_uncommitted: 0.
num_chunks_returned_to_freelist: 3.
num_chunks_taken_from_freelist: 4527.
num_chunk_merges: 3.
num_chunk_splits: 2850.
num_chunks_enlarged: 1755.
num_inconsistent_stats: 0.

CodeHeap 'non-profiled nmethods': size=120000Kb used=6564Kb max_used=6564Kb free=113435Kb
 bounds [0x00000267ef540000, 0x00000267efbb0000, 0x00000267f6a70000]
CodeHeap 'profiled nmethods': size=120000Kb used=20148Kb max_used=20148Kb free=99851Kb
 bounds [0x00000267e7a70000, 0x00000267e8e20000, 0x00000267eefa0000]
CodeHeap 'non-nmethods': size=5760Kb used=2384Kb max_used=2433Kb free=3376Kb
 bounds [0x00000267eefa0000, 0x00000267ef220000, 0x00000267ef540000]
 total_blobs=10886 nmethods=9971 adapters=826
 compilation: enabled
              stopped_count=0, restarted_count=0
 full_count=0

Compilation events (20 events):
Event: 119.532 Thread 0x00000267fcfd29b0 nmethod 11477 0x00000267e8e1a590 code [0x00000267e8e1a820, 0x00000267e8e1b7b8]
Event: 119.554 Thread 0x00000267fcfd29b0 11478       3       java.util.concurrent.LinkedBlockingDeque$Itr::nextNode (5 bytes)
Event: 119.554 Thread 0x00000267fcfd29b0 nmethod 11478 0x00000267e8e1bc90 code [0x00000267e8e1be20, 0x00000267e8e1bf38]
Event: 119.600 Thread 0x00000267fcfd29b0 11479   !   3       sun.nio.ch.NativeThreadSet::add (155 bytes)
Event: 119.601 Thread 0x00000267fcfd29b0 nmethod 11479 0x00000267e8e1c010 code [0x00000267e8e1c1e0, 0x00000267e8e1c7e8]
Event: 119.601 Thread 0x00000267fcfd29b0 11480   !   3       sun.nio.ch.NativeThreadSet::remove (50 bytes)
Event: 119.601 Thread 0x00000267fcfd29b0 nmethod 11480 0x00000267e8e1ca90 code [0x00000267e8e1cc40, 0x00000267e8e1cf28]
Event: 121.965 Thread 0x00000267fcfd29b0 11481       1       java.lang.management.DefaultPlatformMBeanProvider$3::mbeanInterfaceNames (5 bytes)
Event: 121.966 Thread 0x00000267fcfd29b0 nmethod 11481 0x00000267efba7f10 code [0x00000267efba80a0, 0x00000267efba8178]
Event: 121.970 Thread 0x00000267fcfd29b0 11482       1       java.lang.management.DefaultPlatformMBeanProvider$1::mbeanInterfaceNames (5 bytes)
Event: 121.970 Thread 0x00000267fcfd29b0 nmethod 11482 0x00000267efba8210 code [0x00000267efba83a0, 0x00000267efba8478]
Event: 122.923 Thread 0x00000267fcfd29b0 11483       1       java.lang.management.DefaultPlatformMBeanProvider$2::mbeanInterfaceNames (5 bytes)
Event: 122.924 Thread 0x00000267fcfd29b0 nmethod 11483 0x00000267efba8510 code [0x00000267efba86a0, 0x00000267efba8778]
Event: 122.924 Thread 0x00000267fcfd29b0 11484       1       java.lang.management.DefaultPlatformMBeanProvider$9::mbeanInterfaceNames (5 bytes)
Event: 122.924 Thread 0x00000267fcfd29b0 nmethod 11484 0x00000267efba8810 code [0x00000267efba89a0, 0x00000267efba8a78]
Event: 122.924 Thread 0x00000267fcfd29b0 11485       1       com.sun.management.internal.PlatformMBeanProviderImpl$5::mbeanInterfaceNames (5 bytes)
Event: 122.924 Thread 0x00000267fcfd29b0 nmethod 11485 0x00000267efba8b10 code [0x00000267efba8ca0, 0x00000267efba8d78]
Event: 122.924 Thread 0x00000267fcfd29b0 11486       1       com.sun.management.internal.PlatformMBeanProviderImpl$1::mbeanInterfaceNames (5 bytes)
Event: 122.924 Thread 0x00000267fcfd29b0 nmethod 11486 0x00000267efba8e10 code [0x00000267efba8fa0, 0x00000267efba9078]
Event: 124.933 Thread 0x00000267fcfb5540 11487       4       javax.management.ObjectName::construct (1135 bytes)

GC Heap History (20 events):
Event: 92.020 GC heap before
{Heap before GC invocations=72 (full 0):
 garbage-first heap   total 126976K, used 106018K [0x00000000a0000000, 0x0000000100000000)
  region size 1024K, 21 young (21504K), 2 survivors (2048K)
 Metaspace       used 71255K, committed 72000K, reserved 1114112K
  class space    used 9848K, committed 10176K, reserved 1048576K
}
Event: 92.028 GC heap after
{Heap after GC invocations=73 (full 0):
 garbage-first heap   total 126976K, used 89088K [0x00000000a0000000, 0x0000000100000000)
  region size 1024K, 3 young (3072K), 3 survivors (3072K)
 Metaspace       used 71255K, committed 72000K, reserved 1114112K
  class space    used 9848K, committed 10176K, reserved 1048576K
}
Event: 95.580 GC heap before
{Heap before GC invocations=73 (full 0):
 garbage-first heap   total 126976K, used 106496K [0x00000000a0000000, 0x0000000100000000)
  region size 1024K, 21 young (21504K), 3 survivors (3072K)
 Metaspace       used 71429K, committed 72256K, reserved 1114112K
  class space    used 9858K, committed 10240K, reserved 1048576K
}
Event: 95.602 GC heap after
{Heap after GC invocations=74 (full 0):
 garbage-first heap   total 126976K, used 90879K [0x00000000a0000000, 0x0000000100000000)
  region size 1024K, 3 young (3072K), 3 survivors (3072K)
 Metaspace       used 71429K, committed 72256K, reserved 1114112K
  class space    used 9858K, committed 10240K, reserved 1048576K
}
Event: 99.007 GC heap before
{Heap before GC invocations=74 (full 0):
 garbage-first heap   total 126976K, used 106239K [0x00000000a0000000, 0x0000000100000000)
  region size 1024K, 18 young (18432K), 3 survivors (3072K)
 Metaspace       used 72542K, committed 73408K, reserved 1114112K
  class space    used 10009K, committed 10432K, reserved 1048576K
}
Event: 99.023 GC heap after
{Heap after GC invocations=75 (full 0):
 garbage-first heap   total 126976K, used 91947K [0x00000000a0000000, 0x0000000100000000)
  region size 1024K, 2 young (2048K), 2 survivors (2048K)
 Metaspace       used 72542K, committed 73408K, reserved 1114112K
  class space    used 10009K, committed 10432K, reserved 1048576K
}
Event: 100.599 GC heap before
{Heap before GC invocations=75 (full 0):
 garbage-first heap   total 126976K, used 106283K [0x00000000a0000000, 0x0000000100000000)
  region size 1024K, 17 young (17408K), 2 survivors (2048K)
 Metaspace       used 73685K, committed 74560K, reserved 1114112K
  class space    used 10199K, committed 10624K, reserved 1048576K
}
Event: 100.606 GC heap after
{Heap after GC invocations=76 (full 0):
 garbage-first heap   total 126976K, used 93064K [0x00000000a0000000, 0x0000000100000000)
  region size 1024K, 3 young (3072K), 3 survivors (3072K)
 Metaspace       used 73685K, committed 74560K, reserved 1114112K
  class space    used 10199K, committed 10624K, reserved 1048576K
}
Event: 102.099 GC heap before
{Heap before GC invocations=76 (full 0):
 garbage-first heap   total 126976K, used 106376K [0x00000000a0000000, 0x0000000100000000)
  region size 1024K, 17 young (17408K), 3 survivors (3072K)
 Metaspace       used 74602K, committed 75456K, reserved 1114112K
  class space    used 10342K, committed 10752K, reserved 1048576K
}
Event: 102.112 GC heap after
{Heap after GC invocations=77 (full 0):
 garbage-first heap   total 126976K, used 94153K [0x00000000a0000000, 0x0000000100000000)
  region size 1024K, 3 young (3072K), 3 survivors (3072K)
 Metaspace       used 74602K, committed 75456K, reserved 1114112K
  class space    used 10342K, committed 10752K, reserved 1048576K
}
Event: 103.424 GC heap before
{Heap before GC invocations=77 (full 0):
 garbage-first heap   total 126976K, used 108489K [0x00000000a0000000, 0x0000000100000000)
  region size 1024K, 17 young (17408K), 3 survivors (3072K)
 Metaspace       used 75400K, committed 76288K, reserved 1179648K
  class space    used 10444K, committed 10880K, reserved 1048576K
}
Event: 103.433 GC heap after
{Heap after GC invocations=78 (full 0):
 garbage-first heap   total 126976K, used 94875K [0x00000000a0000000, 0x0000000100000000)
  region size 1024K, 2 young (2048K), 2 survivors (2048K)
 Metaspace       used 75400K, committed 76288K, reserved 1179648K
  class space    used 10444K, committed 10880K, reserved 1048576K
}
Event: 104.642 GC heap before
{Heap before GC invocations=78 (full 0):
 garbage-first heap   total 126976K, used 109211K [0x00000000a0000000, 0x0000000100000000)
  region size 1024K, 16 young (16384K), 2 survivors (2048K)
 Metaspace       used 76096K, committed 76992K, reserved 1179648K
  class space    used 10527K, committed 10944K, reserved 1048576K
}
Event: 104.663 GC heap after
{Heap after GC invocations=79 (full 0):
 garbage-first heap   total 126976K, used 96402K [0x00000000a0000000, 0x0000000100000000)
  region size 1024K, 2 young (2048K), 2 survivors (2048K)
 Metaspace       used 76096K, committed 76992K, reserved 1179648K
  class space    used 10527K, committed 10944K, reserved 1048576K
}
Event: 105.123 GC heap before
{Heap before GC invocations=79 (full 0):
 garbage-first heap   total 126976K, used 108690K [0x00000000a0000000, 0x0000000100000000)
  region size 1024K, 14 young (14336K), 2 survivors (2048K)
 Metaspace       used 76868K, committed 77760K, reserved 1179648K
  class space    used 10640K, committed 11072K, reserved 1048576K
}
Event: 105.136 GC heap after
{Heap after GC invocations=80 (full 0):
 garbage-first heap   total 126976K, used 97544K [0x00000000a0000000, 0x0000000100000000)
  region size 1024K, 1 young (1024K), 1 survivors (1024K)
 Metaspace       used 76868K, committed 77760K, reserved 1179648K
  class space    used 10640K, committed 11072K, reserved 1048576K
}
Event: 105.689 GC heap before
{Heap before GC invocations=80 (full 0):
 garbage-first heap   total 126976K, used 108808K [0x00000000a0000000, 0x0000000100000000)
  region size 1024K, 12 young (12288K), 1 survivors (1024K)
 Metaspace       used 77318K, committed 78208K, reserved 1179648K
  class space    used 10710K, committed 11136K, reserved 1048576K
}
Event: 105.693 GC heap after
{Heap after GC invocations=81 (full 0):
 garbage-first heap   total 126976K, used 98178K [0x00000000a0000000, 0x0000000100000000)
  region size 1024K, 2 young (2048K), 2 survivors (2048K)
 Metaspace       used 77318K, committed 78208K, reserved 1179648K
  class space    used 10710K, committed 11136K, reserved 1048576K
}
Event: 106.096 GC heap before
{Heap before GC invocations=81 (full 0):
 garbage-first heap   total 126976K, used 109442K [0x00000000a0000000, 0x0000000100000000)
  region size 1024K, 13 young (13312K), 2 survivors (2048K)
 Metaspace       used 78201K, committed 79040K, reserved 1179648K
  class space    used 10837K, committed 11264K, reserved 1048576K
}
Event: 106.106 GC heap after
{Heap after GC invocations=82 (full 0):
 garbage-first heap   total 126976K, used 98717K [0x00000000a0000000, 0x0000000100000000)
  region size 1024K, 2 young (2048K), 2 survivors (2048K)
 Metaspace       used 78201K, committed 79040K, reserved 1179648K
  class space    used 10837K, committed 11264K, reserved 1048576K
}

Dll operation events (12 events):
Event: 0.023 Loaded shared library C:\Program Files\Eclipse Adoptium\jdk-17.0.8.101-hotspot\bin\java.dll
Event: 0.064 Loaded shared library C:\Program Files\Eclipse Adoptium\jdk-17.0.8.101-hotspot\bin\jsvml.dll
Event: 0.243 Loaded shared library C:\Program Files\Eclipse Adoptium\jdk-17.0.8.101-hotspot\bin\net.dll
Event: 0.252 Loaded shared library C:\Program Files\Eclipse Adoptium\jdk-17.0.8.101-hotspot\bin\nio.dll
Event: 0.305 Loaded shared library C:\Program Files\Eclipse Adoptium\jdk-17.0.8.101-hotspot\bin\zip.dll
Event: 1.544 Loaded shared library C:\Program Files\Eclipse Adoptium\jdk-17.0.8.101-hotspot\bin\jimage.dll
Event: 1.877 Loaded shared library C:\Program Files\Eclipse Adoptium\jdk-17.0.8.101-hotspot\bin\verify.dll
Event: 2.578 Loaded shared library C:\Users\salin\.gradle\native\e1d6ef7f7dcc3fd88c89a11ec53ec762bb8ba0a96d01ffa2cd45eb1d1d8dd5c5\windows-amd64\native-platform.dll
Event: 2.610 Loaded shared library C:\Users\salin\.gradle\native\0d407fdbe67a94daf76414ababcb853783967236a71b16ec16e742cd7a986fd3\windows-amd64\native-platform-file-events.dll
Event: 6.740 Loaded shared library C:\Program Files\Eclipse Adoptium\jdk-17.0.8.101-hotspot\bin\management.dll
Event: 6.760 Loaded shared library C:\Program Files\Eclipse Adoptium\jdk-17.0.8.101-hotspot\bin\management_ext.dll
Event: 9.630 Loaded shared library C:\Program Files\Eclipse Adoptium\jdk-17.0.8.101-hotspot\bin\sunmscapi.dll

Deoptimization events (20 events):
Event: 106.022 Thread 0x00000267fd054d60 DEOPT PACKING pc=0x00000267ef88072c sp=0x000000e0347f9a10
Event: 106.022 Thread 0x00000267fd054d60 DEOPT UNPACKING pc=0x00000267eeff69a3 sp=0x000000e0347f9990 mode 2
Event: 106.023 Thread 0x00000267fd054d60 Uncommon trap: trap_request=0xffffff45 fr.pc=0x00000267efb3e2a4 relative=0x0000000000000104
Event: 106.023 Thread 0x00000267fd054d60 Uncommon trap: reason=unstable_if action=reinterpret pc=0x00000267efb3e2a4 method=org.objectweb.asm.Type.getOpcode(I)I @ 136 c2
Event: 106.023 Thread 0x00000267fd054d60 DEOPT PACKING pc=0x00000267efb3e2a4 sp=0x000000e0347f9d90
Event: 106.023 Thread 0x00000267fd054d60 DEOPT UNPACKING pc=0x00000267eeff69a3 sp=0x000000e0347f9d20 mode 2
Event: 107.520 Thread 0x00000267fd054d60 DEOPT PACKING pc=0x00000267e7b65150 sp=0x000000e0347f67b0
Event: 107.520 Thread 0x00000267fd054d60 DEOPT UNPACKING pc=0x00000267eeff7143 sp=0x000000e0347f5c10 mode 0
Event: 108.783 Thread 0x00000267c60e1f80 Uncommon trap: trap_request=0xffffffc6 fr.pc=0x00000267ef9036bc relative=0x000000000000093c
Event: 108.783 Thread 0x00000267c60e1f80 Uncommon trap: reason=bimorphic_or_optimized_type_check action=maybe_recompile pc=0x00000267ef9036bc method=java.io.BufferedInputStream.read1([BII)I @ 39 c2
Event: 108.783 Thread 0x00000267c60e1f80 DEOPT PACKING pc=0x00000267ef9036bc sp=0x000000e038cfedb0
Event: 108.783 Thread 0x00000267c60e1f80 DEOPT UNPACKING pc=0x00000267eeff69a3 sp=0x000000e038cfecc8 mode 2
Event: 120.963 Thread 0x00000267c60e1f80 Uncommon trap: trap_request=0xffffffc6 fr.pc=0x00000267ef9036bc relative=0x000000000000093c
Event: 120.963 Thread 0x00000267c60e1f80 Uncommon trap: reason=bimorphic_or_optimized_type_check action=maybe_recompile pc=0x00000267ef9036bc method=java.io.BufferedInputStream.read1([BII)I @ 39 c2
Event: 120.963 Thread 0x00000267c60e1f80 DEOPT PACKING pc=0x00000267ef9036bc sp=0x000000e038cfedb0
Event: 120.964 Thread 0x00000267c60e1f80 DEOPT UNPACKING pc=0x00000267eeff69a3 sp=0x000000e038cfecc8 mode 2
Event: 120.965 Thread 0x00000267c60e1f80 Uncommon trap: trap_request=0xffffffc6 fr.pc=0x00000267ef9036bc relative=0x000000000000093c
Event: 120.965 Thread 0x00000267c60e1f80 Uncommon trap: reason=bimorphic_or_optimized_type_check action=maybe_recompile pc=0x00000267ef9036bc method=java.io.BufferedInputStream.read1([BII)I @ 39 c2
Event: 120.965 Thread 0x00000267c60e1f80 DEOPT PACKING pc=0x00000267ef9036bc sp=0x000000e038cfedb0
Event: 120.965 Thread 0x00000267c60e1f80 DEOPT UNPACKING pc=0x00000267eeff69a3 sp=0x000000e038cfecc8 mode 2

Classes unloaded (0 events):
No events

Classes redefined (0 events):
No events

Internal exceptions (20 events):
Event: 104.986 Thread 0x00000267fd054d60 Implicit null exception at 0x00000267efb6ea6a to 0x00000267efb6f460
Event: 105.252 Thread 0x00000267fd054d60 Implicit null exception at 0x00000267efb78ec3 to 0x00000267efb78f77
Event: 107.100 Thread 0x00000267fd054d60 Exception <a 'java/lang/ClassNotFoundException'{0x00000000a76fedf0}: org/gradle/internal/os/OperatingSystemBeanInfo> (0x00000000a76fedf0) 
thrown [s\src\hotspot\share\classfile\systemDictionary.cpp, line 256]
Event: 107.101 Thread 0x00000267fd054d60 Exception <a 'java/lang/ClassNotFoundException'{0x00000000a7509758}: org/gradle/internal/os/OperatingSystemCustomizer> (0x00000000a7509758) 
thrown [s\src\hotspot\share\classfile\systemDictionary.cpp, line 256]
Event: 107.122 Thread 0x00000267fd054d60 Exception <a 'java/lang/ClassNotFoundException'{0x00000000a753a6e0}: org/gradle/internal/os/OperatingSystem$WindowsBeanInfo> (0x00000000a753a6e0) 
thrown [s\src\hotspot\share\classfile\systemDictionary.cpp, line 256]
Event: 107.176 Thread 0x00000267fd054d60 Exception <a 'java/lang/ClassNotFoundException'{0x00000000a7544ba8}: org/gradle/internal/os/OperatingSystem$WindowsCustomizer> (0x00000000a7544ba8) 
thrown [s\src\hotspot\share\classfile\systemDictionary.cpp, line 256]
Event: 107.522 Thread 0x00000267fd054d60 Exception <a 'java/lang/ClassNotFoundException'{0x00000000a744cdc0}: org/gradle/process/internal/DefaultExecAction_DecoratedBeanInfo> (0x00000000a744cdc0) 
thrown [s\src\hotspot\share\classfile\systemDictionary.cpp, line 256]
Event: 107.523 Thread 0x00000267fd054d60 Exception <a 'java/lang/ClassNotFoundException'{0x00000000a7458688}: org/gradle/process/internal/DefaultExecActionBeanInfo> (0x00000000a7458688) 
thrown [s\src\hotspot\share\classfile\systemDictionary.cpp, line 256]
Event: 107.524 Thread 0x00000267fd054d60 Exception <a 'java/lang/ClassNotFoundException'{0x00000000a7464288}: org/gradle/process/internal/DefaultExecHandleBuilderBeanInfo> (0x00000000a7464288) 
thrown [s\src\hotspot\share\classfile\systemDictionary.cpp, line 256]
Event: 107.534 Thread 0x00000267fd054d60 Exception <a 'java/lang/ClassNotFoundException'{0x00000000a746fbf8}: org/gradle/process/internal/AbstractExecHandleBuilderBeanInfo> (0x00000000a746fbf8) 
thrown [s\src\hotspot\share\classfile\systemDictionary.cpp, line 256]
Event: 107.542 Thread 0x00000267fd054d60 Exception <a 'java/lang/ClassNotFoundException'{0x00000000a747c2b8}: org/gradle/process/internal/DefaultProcessForkOptionsBeanInfo> (0x00000000a747c2b8) 
thrown [s\src\hotspot\share\classfile\systemDictionary.cpp, line 256]
Event: 107.551 Thread 0x00000267fd054d60 Exception <a 'java/lang/ClassNotFoundException'{0x00000000a7487c40}: org/gradle/process/internal/DefaultProcessForkOptionsCustomizer> (0x00000000a7487c40) 
thrown [s\src\hotspot\share\classfile\systemDictionary.cpp, line 256]
Event: 107.568 Thread 0x00000267fd054d60 Exception <a 'java/lang/ClassNotFoundException'{0x00000000a74a11a8}: org/gradle/process/internal/AbstractExecHandleBuilderCustomizer> (0x00000000a74a11a8) 
thrown [s\src\hotspot\share\classfile\systemDictionary.cpp, line 256]
Event: 107.571 Thread 0x00000267fd054d60 Exception <a 'java/lang/ClassNotFoundException'{0x00000000a74bf5a8}: org/gradle/process/internal/DefaultExecHandleBuilderCustomizer> (0x00000000a74bf5a8) 
thrown [s\src\hotspot\share\classfile\systemDictionary.cpp, line 256]
Event: 107.574 Thread 0x00000267fd054d60 Exception <a 'java/lang/ClassNotFoundException'{0x00000000a74f9408}: org/gradle/process/internal/DefaultExecActionCustomizer> (0x00000000a74f9408) 
thrown [s\src\hotspot\share\classfile\systemDictionary.cpp, line 256]
Event: 107.580 Thread 0x00000267fd054d60 Exception <a 'java/lang/ClassNotFoundException'{0x00000000a730f288}: org/gradle/process/internal/DefaultExecAction_DecoratedCustomizer> (0x00000000a730f288) 
thrown [s\src\hotspot\share\classfile\systemDictionary.cpp, line 256]
Event: 108.706 Thread 0x00000267c60e3de0 Exception <a 'java/lang/NoSuchMethodError'{0x00000000a739b298}: 'void java.lang.invoke.DirectMethodHandle$Holder.invokeStatic(java.lang.Object, long)'> (0x00000000a739b298) 
thrown [s\src\hotspot\share\interpreter\linkResolver.cpp, line 759]
Event: 108.707 Thread 0x00000267c60e3de0 Exception <a 'java/lang/NoSuchMethodError'{0x00000000a73a0750}: 'java.lang.Object java.lang.invoke.DirectMethodHandle$Holder.newInvokeSpecial(java.lang.Object, long)'> (0x00000000a73a0750) 
thrown [s\src\hotspot\share\interpreter\linkResolver.cpp, line 759]
Event: 108.715 Thread 0x00000267c60e3de0 Exception <a 'java/lang/NoSuchMethodError'{0x00000000a73a7450}: 'java.lang.Object java.lang.invoke.DirectMethodHandle$Holder.invokeStatic(java.lang.Object, java.lang.Object, long, java.lang.Object)'> (0x00000000a73a7450) 
thrown [s\src\hotspot\share\interpreter\linkResolver.cpp, line 759]
Event: 108.716 Thread 0x00000267c60e3de0 Exception <a 'java/lang/NoSuchMethodError'{0x00000000a73aaea0}: 'java.lang.Object java.lang.invoke.DirectMethodHandle$Holder.invokeStaticInit(java.lang.Object, java.lang.Object, long, java.lang.Object)'> (0x00000000a73aaea0) 
thrown [s\src\hotspot\share\interpreter\linkResolver.cpp, line 759]

VM Operations (20 events):
Event: 105.123 Executing VM operation: G1CollectForAllocation
Event: 105.137 Executing VM operation: G1CollectForAllocation done
Event: 105.689 Executing VM operation: G1CollectForAllocation
Event: 105.693 Executing VM operation: G1CollectForAllocation done
Event: 105.750 Executing VM operation: HandshakeAllThreads
Event: 105.750 Executing VM operation: HandshakeAllThreads done
Event: 106.095 Executing VM operation: G1CollectForAllocation
Event: 106.106 Executing VM operation: G1CollectForAllocation done
Event: 107.120 Executing VM operation: Cleanup
Event: 107.121 Executing VM operation: Cleanup done
Event: 108.129 Executing VM operation: Cleanup
Event: 108.164 Executing VM operation: Cleanup done
Event: 108.737 Executing VM operation: HandshakeAllThreads
Event: 108.737 Executing VM operation: HandshakeAllThreads done
Event: 109.745 Executing VM operation: Cleanup
Event: 109.746 Executing VM operation: Cleanup done
Event: 120.301 Executing VM operation: HandshakeAllThreads
Event: 120.301 Executing VM operation: HandshakeAllThreads done
Event: 121.309 Executing VM operation: Cleanup
Event: 121.309 Executing VM operation: Cleanup done

Events (20 events):
Event: 99.237 loading class java/util/TreeMap$KeySpliterator done
Event: 105.056 loading class java/util/zip/ZipOutputStream
Event: 105.058 loading class java/util/zip/ZipOutputStream done
Event: 105.711 loading class java/lang/ExceptionInInitializerError
Event: 105.712 loading class java/lang/ExceptionInInitializerError done
Event: 105.917 loading class java/security/cert/CertificateEncodingException
Event: 105.919 loading class java/security/cert/CertificateEncodingException done
Event: 108.032 Thread 0x00000267c60e3de0 Thread added: 0x00000267c60e3de0
Event: 108.204 loading class java/lang/ProcessImpl
Event: 108.215 loading class java/lang/ProcessImpl done
Event: 108.709 loading class java/lang/ProcessHandleImpl
Event: 108.712 loading class java/lang/ProcessHandleImpl done
Event: 108.733 loading class java/lang/ProcessImpl$2
Event: 108.734 loading class java/lang/ProcessImpl$2 done
Event: 108.734 loading class java/lang/Process$PipeInputStream
Event: 108.735 loading class java/lang/Process$PipeInputStream done
Event: 108.738 loading class jdk/internal/event/ProcessStartEvent
Event: 108.745 loading class jdk/internal/event/ProcessStartEvent done
Event: 108.747 Thread 0x00000267c60e5730 Thread added: 0x00000267c60e5730
Event: 108.747 Thread 0x00000267c60e1f80 Thread added: 0x00000267c60e1f80


Dynamic libraries:
0x00007ff748be0000 - 0x00007ff748bee000 	C:\Program Files\Eclipse Adoptium\jdk-17.0.8.101-hotspot\bin\java.exe
0x00007ffb67260000 - 0x00007ffb674c3000 	C:\WINDOWS\SYSTEM32\ntdll.dll
0x00007ffb65bc0000 - 0x00007ffb65c87000 	C:\WINDOWS\System32\KERNEL32.DLL
0x00007ffb64750000 - 0x00007ffb64b17000 	C:\WINDOWS\System32\KERNELBASE.dll
0x00007ffb64d00000 - 0x00007ffb64e4c000 	C:\WINDOWS\System32\ucrtbase.dll
0x00007ffb54990000 - 0x00007ffb549a9000 	C:\Program Files\Eclipse Adoptium\jdk-17.0.8.101-hotspot\bin\VCRUNTIME140.dll
0x00007ffb55d20000 - 0x00007ffb55d37000 	C:\Program Files\Eclipse Adoptium\jdk-17.0.8.101-hotspot\bin\jli.dll
0x00007ffb659b0000 - 0x00007ffb65b79000 	C:\WINDOWS\System32\USER32.dll
0x00007ffb4bd40000 - 0x00007ffb4bfd0000 	C:\WINDOWS\WinSxS\amd64_microsoft.windows.common-controls_6595b64144ccf1df_6.0.26100.3037_none_3e09262ce333c378\COMCTL32.dll
0x00007ffb65900000 - 0x00007ffb659a9000 	C:\WINDOWS\System32\msvcrt.dll
0x00007ffb645d0000 - 0x00007ffb645f7000 	C:\WINDOWS\System32\win32u.dll
0x00007ffb65800000 - 0x00007ffb6582a000 	C:\WINDOWS\System32\GDI32.dll
0x00007ffb64bd0000 - 0x00007ffb64cfb000 	C:\WINDOWS\System32\gdi32full.dll
0x00007ffb64b20000 - 0x00007ffb64bc3000 	C:\WINDOWS\System32\msvcp_win.dll
0x00007ffb65b80000 - 0x00007ffb65baf000 	C:\WINDOWS\System32\IMM32.DLL
0x00007ffb54310000 - 0x00007ffb5431c000 	C:\Program Files\Eclipse Adoptium\jdk-17.0.8.101-hotspot\bin\vcruntime140_1.dll
0x00007ffb2e6a0000 - 0x00007ffb2e731000 	C:\Program Files\Eclipse Adoptium\jdk-17.0.8.101-hotspot\bin\msvcp140.dll
0x00007ffb06200000 - 0x00007ffb06e4c000 	C:\Program Files\Eclipse Adoptium\jdk-17.0.8.101-hotspot\bin\server\jvm.dll
0x00007ffb650f0000 - 0x00007ffb651a4000 	C:\WINDOWS\System32\ADVAPI32.dll
0x00007ffb66f60000 - 0x00007ffb67006000 	C:\WINDOWS\System32\sechost.dll
0x00007ffb67070000 - 0x00007ffb67186000 	C:\WINDOWS\System32\RPCRT4.dll
0x00007ffb4b9c0000 - 0x00007ffb4b9ca000 	C:\WINDOWS\SYSTEM32\WSOCK32.dll
0x00007ffb586e0000 - 0x00007ffb58716000 	C:\WINDOWS\SYSTEM32\WINMM.dll
0x00007ffb64460000 - 0x00007ffb644ae000 	C:\WINDOWS\SYSTEM32\POWRPROF.dll
0x00007ffb66590000 - 0x00007ffb66604000 	C:\WINDOWS\System32\WS2_32.dll
0x00007ffb5b2c0000 - 0x00007ffb5b2cb000 	C:\WINDOWS\SYSTEM32\VERSION.dll
0x00007ffb64440000 - 0x00007ffb64454000 	C:\WINDOWS\SYSTEM32\UMPDC.dll
0x00007ffb63400000 - 0x00007ffb6341a000 	C:\WINDOWS\SYSTEM32\kernel.appcore.dll
0x00007ffb54300000 - 0x00007ffb5430a000 	C:\Program Files\Eclipse Adoptium\jdk-17.0.8.101-hotspot\bin\jimage.dll
0x00007ffb5b440000 - 0x00007ffb5b681000 	C:\WINDOWS\SYSTEM32\DBGHELP.DLL
0x00007ffb66730000 - 0x00007ffb66aae000 	C:\WINDOWS\System32\combase.dll
0x00007ffb664a0000 - 0x00007ffb66576000 	C:\WINDOWS\System32\OLEAUT32.dll
0x00007ffb4f080000 - 0x00007ffb4f0b9000 	C:\WINDOWS\SYSTEM32\dbgcore.DLL
0x00007ffb64fd0000 - 0x00007ffb65069000 	C:\WINDOWS\System32\bcryptPrimitives.dll
0x00007ffb451e0000 - 0x00007ffb45205000 	C:\Program Files\Eclipse Adoptium\jdk-17.0.8.101-hotspot\bin\java.dll
0x00007ffb2cc70000 - 0x00007ffb2cd46000 	C:\Program Files\Eclipse Adoptium\jdk-17.0.8.101-hotspot\bin\jsvml.dll
0x00007ffb65c90000 - 0x00007ffb66394000 	C:\WINDOWS\System32\SHELL32.dll
0x00007ffb62310000 - 0x00007ffb62b47000 	C:\WINDOWS\SYSTEM32\windows.storage.dll
0x00007ffb663a0000 - 0x00007ffb66489000 	C:\WINDOWS\System32\SHCORE.dll
0x00007ffb67010000 - 0x00007ffb6706d000 	C:\WINDOWS\System32\shlwapi.dll
0x00007ffb644e0000 - 0x00007ffb6450e000 	C:\WINDOWS\SYSTEM32\profapi.dll
0x00007ffb54220000 - 0x00007ffb54239000 	C:\Program Files\Eclipse Adoptium\jdk-17.0.8.101-hotspot\bin\net.dll
0x00007ffb5c7d0000 - 0x00007ffb5c8ee000 	C:\WINDOWS\SYSTEM32\WINHTTP.dll
0x00007ffb63910000 - 0x00007ffb6397a000 	C:\WINDOWS\system32\mswsock.dll
0x00007ffb484e0000 - 0x00007ffb484f5000 	C:\Program Files\Eclipse Adoptium\jdk-17.0.8.101-hotspot\bin\nio.dll
0x00007ffb45010000 - 0x00007ffb45028000 	C:\Program Files\Eclipse Adoptium\jdk-17.0.8.101-hotspot\bin\zip.dll
0x00007ffb5d070000 - 0x00007ffb5d080000 	C:\Program Files\Eclipse Adoptium\jdk-17.0.8.101-hotspot\bin\verify.dll
0x00007ffb543a0000 - 0x00007ffb543c7000 	C:\Users\salin\.gradle\native\e1d6ef7f7dcc3fd88c89a11ec53ec762bb8ba0a96d01ffa2cd45eb1d1d8dd5c5\windows-amd64\native-platform.dll
0x00007ffb2bfa0000 - 0x00007ffb2c0e4000 	C:\Users\salin\.gradle\native\0d407fdbe67a94daf76414ababcb853783967236a71b16ec16e742cd7a986fd3\windows-amd64\native-platform-file-events.dll
0x00007ffb542f0000 - 0x00007ffb542f9000 	C:\Program Files\Eclipse Adoptium\jdk-17.0.8.101-hotspot\bin\management.dll
0x00007ffb46c20000 - 0x00007ffb46c2b000 	C:\Program Files\Eclipse Adoptium\jdk-17.0.8.101-hotspot\bin\management_ext.dll
0x00007ffb66490000 - 0x00007ffb66498000 	C:\WINDOWS\System32\PSAPI.DLL
0x00007ffb63bb0000 - 0x00007ffb63bcc000 	C:\WINDOWS\SYSTEM32\CRYPTSP.dll
0x00007ffb63360000 - 0x00007ffb63398000 	C:\WINDOWS\system32\rsaenh.dll
0x00007ffb639b0000 - 0x00007ffb639db000 	C:\WINDOWS\SYSTEM32\USERENV.dll
0x00007ffb63df0000 - 0x00007ffb63e16000 	C:\WINDOWS\SYSTEM32\bcrypt.dll
0x00007ffb63bd0000 - 0x00007ffb63bdc000 	C:\WINDOWS\SYSTEM32\CRYPTBASE.dll
0x00007ffb62e90000 - 0x00007ffb62ec2000 	C:\WINDOWS\SYSTEM32\IPHLPAPI.DLL
0x00007ffb66f50000 - 0x00007ffb66f5a000 	C:\WINDOWS\System32\NSI.dll
0x00007ffb5c7a0000 - 0x00007ffb5c7bf000 	C:\WINDOWS\SYSTEM32\dhcpcsvc6.DLL
0x00007ffb5c770000 - 0x00007ffb5c795000 	C:\WINDOWS\SYSTEM32\dhcpcsvc.DLL
0x00007ffb62f30000 - 0x00007ffb63055000 	C:\WINDOWS\SYSTEM32\DNSAPI.dll
0x00007ffb46990000 - 0x00007ffb4699e000 	C:\Program Files\Eclipse Adoptium\jdk-17.0.8.101-hotspot\bin\sunmscapi.dll
0x00007ffb64e50000 - 0x00007ffb64fc6000 	C:\WINDOWS\System32\CRYPT32.dll
0x00007ffb63db0000 - 0x00007ffb63de0000 	C:\WINDOWS\SYSTEM32\ncrypt.dll
0x00007ffb63d60000 - 0x00007ffb63d9f000 	C:\WINDOWS\SYSTEM32\NTASN1.dll
0x00007ffb549d0000 - 0x00007ffb549d8000 	C:\WINDOWS\system32\wshunix.dll

dbghelp: loaded successfully - version: 4.0.5 - missing functions: none
symbol engine: initialized successfully - sym options: 0x614 - pdb path: .;C:\Program Files\Eclipse Adoptium\jdk-17.0.8.101-hotspot\bin;C:\WINDOWS\SYSTEM32;C:\WINDOWS\WinSxS\amd64_microsoft.windows.common-controls_6595b64144ccf1df_6.0.26100.3037_none_3e09262ce333c378;C:\Program Files\Eclipse Adoptium\jdk-17.0.8.101-hotspot\bin\server;C:\Users\salin\.gradle\native\e1d6ef7f7dcc3fd88c89a11ec53ec762bb8ba0a96d01ffa2cd45eb1d1d8dd5c5\windows-amd64;C:\Users\salin\.gradle\native\0d407fdbe67a94daf76414ababcb853783967236a71b16ec16e742cd7a986fd3\windows-amd64

VM Arguments:
jvm_args: --add-opens=java.base/java.util=ALL-UNNAMED --add-opens=java.base/java.lang=ALL-UNNAMED --add-opens=java.base/java.lang.invoke=ALL-UNNAMED --add-opens=java.base/java.util=ALL-UNNAMED --add-opens=java.prefs/java.util.prefs=ALL-UNNAMED --add-opens=java.prefs/java.util.prefs=ALL-UNNAMED --add-opens=java.base/java.nio.charset=ALL-UNNAMED --add-opens=java.base/java.net=ALL-UNNAMED --add-opens=java.base/java.util.concurrent.atomic=ALL-UNNAMED -Xmx1536M -Dfile.encoding=utf8 -Duser.country=IN -Duser.language=en -Duser.variant 
java_command: org.gradle.launcher.daemon.bootstrap.GradleDaemon 7.5
java_class_path (initial): C:\Users\salin\.gradle\wrapper\dists\gradle-7.5-all\6qsw290k5lz422uaf8jf6m7co\gradle-7.5\lib\gradle-launcher-7.5.jar
Launcher Type: SUN_STANDARD

[Global flags]
     intx CICompilerCount                          = 3                                         {product} {ergonomic}
     uint ConcGCThreads                            = 1                                         {product} {ergonomic}
     uint G1ConcRefinementThreads                  = 4                                         {product} {ergonomic}
   size_t G1HeapRegionSize                         = 1048576                                   {product} {ergonomic}
    uintx GCDrainStackTargetSize                   = 64                                        {product} {ergonomic}
   size_t InitialHeapSize                          = 58720256                                  {product} {ergonomic}
   size_t MarkStackSize                            = 4194304                                   {product} {ergonomic}
   size_t MaxHeapSize                              = 1610612736                                {product} {command line}
   size_t MaxNewSize                               = 965738496                                 {product} {ergonomic}
   size_t MinHeapDeltaBytes                        = 1048576                                   {product} {ergonomic}
   size_t MinHeapSize                              = 8388608                                   {product} {ergonomic}
    uintx NonNMethodCodeHeapSize                   = 5832780                                {pd product} {ergonomic}
    uintx NonProfiledCodeHeapSize                  = 122912730                              {pd product} {ergonomic}
    uintx ProfiledCodeHeapSize                     = 122912730                              {pd product} {ergonomic}
    uintx ReservedCodeCacheSize                    = 251658240                              {pd product} {ergonomic}
     bool SegmentedCodeCache                       = true                                      {product} {ergonomic}
   size_t SoftMaxHeapSize                          = 1610612736                             {manageable} {ergonomic}
     bool UseCompressedClassPointers               = true                           {product lp64_product} {ergonomic}
     bool UseCompressedOops                        = true                           {product lp64_product} {ergonomic}
     bool UseG1GC                                  = true                                      {product} {ergonomic}
     bool UseLargePagesIndividualAllocation        = false                                  {pd product} {ergonomic}

Logging:
Log output configuration:
 #0: stdout all=warning uptime,level,tags
 #1: stderr all=off uptime,level,tags

Environment Variables:
PATH=C:\Program Files\Eclipse Adoptium\jdk-17.0.8.101-hotspot\bin;C:\Program Files\Common Files\Oracle\Java\javapath;C:\Program Files (x86)\Common Files\Oracle\Java\javapath;C:\Program Files\Python310\Scripts\;C:\Program Files\Python310\;C:\WINDOWS\system32;C:\WINDOWS;C:\WINDOWS\System32\Wbem;C:\WINDOWS\System32\OpenSSH\;C:\Program Files (x86)\dotnet\;C:\Program Files\Microsoft SQL Server\120\Tools\Binn\;C:\Users\salin\OneDrive\Desktop\c\mingw64\bin;C:\Program Files\Git\cmd;C:\Users\salin\AppData\Local\nvm;C:\nvm4w\nodejs;C:\WINDOWS\System32\WindowsPowerShell\v1.0\;C:\Program Files\dotnet\;C:\Program Files\CMake\bin;C:\Program Files\MySQL\MySQL Shell 8.0\bin\;C:\Users\salin\AppData\Local\Microsoft\WindowsApps;C:\Users\salin\Downloads\MAK's Android With Flutter Installer\Fluttter BootCamp\flutter\bin;C:\Users\salin\AppData\Local\Programs\Microsoft VS Code\bin;C:\Program Files\JetBrains\PyCharm 2023.2.3\bin;;C:\Users\salin\AppData\Roaming\npm;C:\flutter_windows_3.24.5-stable\flutter\bin;C:\Users\salin\AppData\Local\nvm;C:\nvm4w\nodejs;C:\Users\salin\AppData\Local\Microsoft\WindowsApps;C:\Users\salin\.dotnet\tools
USERNAME=salin
OS=Windows_NT
PROCESSOR_IDENTIFIER=AMD64 Family 23 Model 24 Stepping 1, AuthenticAMD
TMP=C:\Users\salin\AppData\Local\Temp
TEMP=C:\Users\salin\AppData\Local\Temp



---------------  S Y S T E M  ---------------

OS:
 Windows 11 , 64 bit Build 26100 (10.0.26100.3037)
OS uptime: 0 days 15:45 hours

CPU: total 4 (initial active 4) (4 cores per cpu, 2 threads per core) family 23 model 24 stepping 1 microcode 0x8108109, cx8, cmov, fxsr, ht, mmx, 3dnowpref, sse, sse2, sse3, ssse3, sse4a, sse4.1, sse4.2, popcnt, lzcnt, tsc, tscinvbit, avx, avx2, aes, clmul, bmi1, bmi2, adx, sha, fma, vzeroupper, clflush, clflushopt
Processor Information for all 4 processors :
  Max Mhz: 2600, Current Mhz: 2600, Mhz Limit: 2600

Memory: 4k page, system-wide physical 3521M (304M free)
TotalPageFile size 14273M (AvailPageFile size 133M)
current process WorkingSet (physical memory assigned to process): 26M, peak: 240M
current process commit charge ("private bytes"): 375M, peak: 391M

vm_info: OpenJDK 64-Bit Server VM (17.0.8.1+1) for windows-amd64 JRE (17.0.8.1+1), built on Aug 23 2023 15:29:17 by "admin" with MS VC++ 16.7 (VS2019)

END.
