#
# There is insufficient memory for the Java Runtime Environment to continue.
# Native memory allocation (malloc) failed to allocate 167056 bytes for Chunk::new
# Possible reasons:
#   The system is out of physical RAM or swap space
#   The process is running with CompressedOops enabled, and the Java Heap may be blocking the growth of the native heap
# Possible solutions:
#   Reduce memory load on the system
#   Increase physical memory or swap space
#   Check if swap backing store is full
#   Decrease Java heap size (-Xmx/-Xms)
#   Decrease number of Java threads
#   Decrease Java thread stack sizes (-Xss)
#   Set larger code cache with -XX:ReservedCodeCacheSize=
#   JVM is running with Unscaled Compressed Oops mode in which the Java heap is
#     placed in the first 4GB address space. The Java Heap base address is the
#     maximum limit for the native heap growth. Please use -XX:HeapBaseMinAddress
#     to set the Java Heap base and to place the Java Heap above 4GB virtual address.
# This output file may be truncated or incomplete.
#
#  Out of Memory Error (arena.cpp:189), pid=19664, tid=20056
#
# JRE version: OpenJDK Runtime Environment Temurin-17.0.8.1+1 (17.0.8.1+1) (build 17.0.8.1+1)
# Java VM: OpenJDK 64-Bit Server VM Temurin-17.0.8.1+1 (17.0.8.1+1, mixed mode, sharing, tiered, compressed oops, compressed class ptrs, g1 gc, windows-amd64)
# No core dump will be written. Minidumps are not enabled by default on client versions of Windows
#

---------------  S U M M A R Y ------------

Command Line: --add-opens=java.base/java.util=ALL-UNNAMED --add-opens=java.base/java.lang=ALL-UNNAMED --add-opens=java.base/java.lang.invoke=ALL-UNNAMED --add-opens=java.base/java.util=ALL-UNNAMED --add-opens=java.prefs/java.util.prefs=ALL-UNNAMED --add-opens=java.prefs/java.util.prefs=ALL-UNNAMED --add-opens=java.base/java.nio.charset=ALL-UNNAMED --add-opens=java.base/java.net=ALL-UNNAMED --add-opens=java.base/java.util.concurrent.atomic=ALL-UNNAMED -Xmx1536M -Dfile.encoding=utf8 -Duser.country=IN -Duser.language=en -Duser.variant org.gradle.launcher.daemon.bootstrap.GradleDaemon 7.5

Host: AMD Ryzen 3 3250U with Radeon Graphics         , 4 cores, 3G,  Windows 11 , 64 bit Build 26100 (10.0.26100.3037)
Time: Sun Feb 23 16:21:39 2025 India Standard Time elapsed time: 69.142872 seconds (0d 0h 1m 9s)

---------------  T H R E A D  ---------------

Current thread (0x000002bd6bff12c0):  JavaThread "C2 CompilerThread0" daemon [_thread_in_native, id=20056, stack(0x000000e420d00000,0x000000e420e00000)]


Current CompileTask:
C2:  69143 4373       4       jdk.internal.org.objectweb.asm.SymbolTable::addType (81 bytes)

Stack: [0x000000e420d00000,0x000000e420e00000]
Native frames: (J=compiled Java code, j=interpreted, Vv=VM code, C=native code)
V  [jvm.dll+0x678b0a]
V  [jvm.dll+0x835e84]
V  [jvm.dll+0x83762e]
V  [jvm.dll+0x837c93]
V  [jvm.dll+0x24746f]
V  [jvm.dll+0xac20c]
V  [jvm.dll+0xac7dc]
V  [jvm.dll+0x365c52]
V  [jvm.dll+0x1bd012]
V  [jvm.dll+0x219d49]
V  [jvm.dll+0x219011]
V  [jvm.dll+0x1a534d]
V  [jvm.dll+0x228d8a]
V  [jvm.dll+0x226dcc]
V  [jvm.dll+0x7ec09b]
V  [jvm.dll+0x7e64ca]
V  [jvm.dll+0x677955]
C  [ucrtbase.dll+0x37b0]
C  [KERNEL32.DLL+0x2e8d7]
C  [ntdll.dll+0xbbf2c]


---------------  P R O C E S S  ---------------

Threads class SMR info:
_java_thread_list=0x000002bd7385f600, length=38, elements={
0x000002bd4d6ce100, 0x000002bd6bfd0e90, 0x000002bd6bfd24d0, 0x000002bd6bfe90b0,
0x000002bd6bfeb990, 0x000002bd6bfef280, 0x000002bd6bfefb50, 0x000002bd6bff12c0,
0x000002bd6bff8db0, 0x000002bd6bffb170, 0x000002bd6c243060, 0x000002bd6c2561a0,
0x000002bd7191d820, 0x000002bd71d40a50, 0x000002bd6cc6ba20, 0x000002bd6cda0250,
0x000002bd71a48110, 0x000002bd6c3424e0, 0x000002bd6c341ac0, 0x000002bd6c33fc60,
0x000002bd6c33f750, 0x000002bd6c340680, 0x000002bd6c340170, 0x000002bd6c341fd0,
0x000002bd6c3410a0, 0x000002bd6c3415b0, 0x000002bd6c340b90, 0x000002bd6c3429f0,
0x000002bd72e37940, 0x000002bd72e39290, 0x000002bd72e38360, 0x000002bd72e3b600,
0x000002bd72e37e50, 0x000002bd72e3a1c0, 0x000002bd72e3abe0, 0x000002bd72e3b0f0,
0x000002bd72e397a0, 0x000002bd72e39cb0
}

Java Threads: ( => current thread )
  0x000002bd4d6ce100 JavaThread "main" [_thread_blocked, id=20068, stack(0x000000e420000000,0x000000e420100000)]
  0x000002bd6bfd0e90 JavaThread "Reference Handler" daemon [_thread_blocked, id=19556, stack(0x000000e420700000,0x000000e420800000)]
  0x000002bd6bfd24d0 JavaThread "Finalizer" daemon [_thread_blocked, id=15688, stack(0x000000e420800000,0x000000e420900000)]
  0x000002bd6bfe90b0 JavaThread "Signal Dispatcher" daemon [_thread_blocked, id=10560, stack(0x000000e420900000,0x000000e420a00000)]
  0x000002bd6bfeb990 JavaThread "Attach Listener" daemon [_thread_blocked, id=17284, stack(0x000000e420a00000,0x000000e420b00000)]
  0x000002bd6bfef280 JavaThread "Service Thread" daemon [_thread_blocked, id=19092, stack(0x000000e420b00000,0x000000e420c00000)]
  0x000002bd6bfefb50 JavaThread "Monitor Deflation Thread" daemon [_thread_blocked, id=18012, stack(0x000000e420c00000,0x000000e420d00000)]
=>0x000002bd6bff12c0 JavaThread "C2 CompilerThread0" daemon [_thread_in_native, id=20056, stack(0x000000e420d00000,0x000000e420e00000)]
  0x000002bd6bff8db0 JavaThread "C1 CompilerThread0" daemon [_thread_blocked, id=15484, stack(0x000000e420e00000,0x000000e420f00000)]
  0x000002bd6bffb170 JavaThread "Sweeper thread" daemon [_thread_blocked, id=14524, stack(0x000000e420f00000,0x000000e421000000)]
  0x000002bd6c243060 JavaThread "Common-Cleaner" daemon [_thread_blocked, id=18292, stack(0x000000e421000000,0x000000e421100000)]
  0x000002bd6c2561a0 JavaThread "Notification Thread" daemon [_thread_blocked, id=8040, stack(0x000000e421100000,0x000000e421200000)]
  0x000002bd7191d820 JavaThread "Daemon health stats" [_thread_blocked, id=1076, stack(0x000000e421600000,0x000000e421700000)]
  0x000002bd71d40a50 JavaThread "Incoming local TCP Connector on port 60797" [_thread_in_native, id=1200, stack(0x000000e421700000,0x000000e421800000)]
  0x000002bd6cc6ba20 JavaThread "Daemon periodic checks" [_thread_blocked, id=10436, stack(0x000000e421800000,0x000000e421900000)]
  0x000002bd6cda0250 JavaThread "Daemon" [_thread_blocked, id=16892, stack(0x000000e421900000,0x000000e421a00000)]
  0x000002bd71a48110 JavaThread "Handler for socket connection from /127.0.0.1:60797 to /127.0.0.1:60801" [_thread_in_native, id=8644, stack(0x000000e421a00000,0x000000e421b00000)]
  0x000002bd6c3424e0 JavaThread "Cancel handler" [_thread_blocked, id=8676, stack(0x000000e41fe00000,0x000000e41ff00000)]
  0x000002bd6c341ac0 JavaThread "Daemon worker" [_thread_in_vm, id=11600, stack(0x000000e421b00000,0x000000e421c00000)]
  0x000002bd6c33fc60 JavaThread "Asynchronous log dispatcher for DefaultDaemonConnection: socket connection from /127.0.0.1:60797 to /127.0.0.1:60801" [_thread_blocked, id=1228, stack(0x000000e421c00000,0x000000e421d00000)]
  0x000002bd6c33f750 JavaThread "Stdin handler" [_thread_blocked, id=3820, stack(0x000000e421d00000,0x000000e421e00000)]
  0x000002bd6c340680 JavaThread "Daemon client event forwarder" [_thread_blocked, id=6148, stack(0x000000e421e00000,0x000000e421f00000)]
  0x000002bd6c340170 JavaThread "Cache worker for journal cache (C:\Users\salin\.gradle\caches\journal-1)" [_thread_blocked, id=18328, stack(0x000000e421f00000,0x000000e422000000)]
  0x000002bd6c341fd0 JavaThread "File lock request listener" [_thread_in_native, id=12992, stack(0x000000e422000000,0x000000e422100000)]
  0x000002bd6c3410a0 JavaThread "Cache worker for file hash cache (C:\Users\salin\.gradle\caches\7.5\fileHashes)" [_thread_blocked, id=7956, stack(0x000000e422100000,0x000000e422200000)]
  0x000002bd6c3415b0 JavaThread "File watcher server" daemon [_thread_in_native, id=6388, stack(0x000000e422200000,0x000000e422300000)]
  0x000002bd6c340b90 JavaThread "File watcher consumer" daemon [_thread_blocked, id=12960, stack(0x000000e422300000,0x000000e422400000)]
  0x000002bd6c3429f0 JavaThread "jar transforms" [_thread_blocked, id=9120, stack(0x000000e422400000,0x000000e422500000)]
  0x000002bd72e37940 JavaThread "jar transforms Thread 2" [_thread_blocked, id=7260, stack(0x000000e422500000,0x000000e422600000)]
  0x000002bd72e39290 JavaThread "jar transforms Thread 3" [_thread_blocked, id=3436, stack(0x000000e422600000,0x000000e422700000)]
  0x000002bd72e38360 JavaThread "Cache worker for checksums cache (C:\Users\salin\OneDrive\Desktop\chatbotai\frontend\android\.gradle\7.5\checksums)" [_thread_blocked, id=7488, stack(0x000000e422700000,0x000000e422800000)]
  0x000002bd72e3b600 JavaThread "Cache worker for cache directory md-rule (C:\Users\salin\.gradle\caches\7.5\md-rule)" [_thread_blocked, id=19412, stack(0x000000e422800000,0x000000e422900000)]
  0x000002bd72e37e50 JavaThread "Cache worker for file content cache (C:\Users\salin\.gradle\caches\7.5\fileContent)" [_thread_blocked, id=11916, stack(0x000000e422900000,0x000000e422a00000)]
  0x000002bd72e3a1c0 JavaThread "Cache worker for file hash cache (C:\Users\salin\OneDrive\Desktop\chatbotai\frontend\android\.gradle\7.5\fileHashes)" [_thread_blocked, id=13200, stack(0x000000e422a00000,0x000000e422b00000)]
  0x000002bd72e3abe0 JavaThread "Cache worker for cache directory md-supplier (C:\Users\salin\.gradle\caches\7.5\md-supplier)" [_thread_blocked, id=7060, stack(0x000000e422b00000,0x000000e422c00000)]
  0x000002bd72e3b0f0 JavaThread "Cache worker for execution history cache (C:\Users\salin\.gradle\caches\7.5\executionHistory)" [_thread_blocked, id=10464, stack(0x000000e422c00000,0x000000e422d00000)]
  0x000002bd72e397a0 JavaThread "jar transforms Thread 4" [_thread_blocked, id=19976, stack(0x000000e422f00000,0x000000e423000000)]
  0x000002bd72e39cb0 JavaThread "Cache worker for dependencies-accessors (C:\Users\salin\OneDrive\Desktop\chatbotai\frontend\android\.gradle\7.5\dependencies-accessors)" [_thread_blocked, id=1280, stack(0x000000e41fd00000,0x000000e41fe00000)]

Other Threads:
  0x000002bd6bfcd630 VMThread "VM Thread" [stack: 0x000000e420600000,0x000000e420700000] [id=11736]
  0x000002bd6c256680 WatcherThread [stack: 0x000000e421200000,0x000000e421300000] [id=9348]
  0x000002bd4f7db9c0 GCTaskThread "GC Thread#0" [stack: 0x000000e420100000,0x000000e420200000] [id=19256]
  0x000002bd6c3e9210 GCTaskThread "GC Thread#1" [stack: 0x000000e421300000,0x000000e421400000] [id=1740]
  0x000002bd6c497350 GCTaskThread "GC Thread#2" [stack: 0x000000e421400000,0x000000e421500000] [id=18124]
  0x000002bd6c35c510 GCTaskThread "GC Thread#3" [stack: 0x000000e421500000,0x000000e421600000] [id=13780]
  0x000002bd4f7e8820 ConcurrentGCThread "G1 Main Marker" [stack: 0x000000e420200000,0x000000e420300000] [id=18420]
  0x000002bd4f7e9140 ConcurrentGCThread "G1 Conc#0" [stack: 0x000000e420300000,0x000000e420400000] [id=9316]
  0x000002bd4f825d40 ConcurrentGCThread "G1 Refine#0" [stack: 0x000000e420400000,0x000000e420500000] [id=14800]
  0x000002bd4f827350 ConcurrentGCThread "G1 Service" [stack: 0x000000e420500000,0x000000e420600000] [id=13904]

Threads with active compile tasks:
C2 CompilerThread0    69228 4373       4       jdk.internal.org.objectweb.asm.SymbolTable::addType (81 bytes)

VM state: not at safepoint (normal execution)

VM Mutex/Monitor currently owned by a thread: None

Heap address: 0x00000000a0000000, size: 1536 MB, Compressed Oops mode: 32-bit

CDS archive(s) mapped at: [0x000002bd00000000-0x000002bd00bd0000-0x000002bd00bd0000), size 12386304, SharedBaseAddress: 0x000002bd00000000, ArchiveRelocationMode: 1.
Compressed class space mapped at: 0x000002bd01000000-0x000002bd41000000, reserved size: 1073741824
Narrow klass base: 0x000002bd00000000, Narrow klass shift: 0, Narrow klass range: 0x100000000

GC Precious Log:
 CPUs: 4 total, 4 available
 Memory: 3521M
 Large Page Support: Disabled
 NUMA Support: Disabled
 Compressed Oops: Enabled (32-bit)
 Heap Region Size: 1M
 Heap Min Capacity: 8M
 Heap Initial Capacity: 56M
 Heap Max Capacity: 1536M
 Pre-touch: Disabled
 Parallel Workers: 4
 Concurrent Workers: 1
 Concurrent Refinement Workers: 4
 Periodic GC: Disabled

Heap:
 garbage-first heap   total 60416K, used 46190K [0x00000000a0000000, 0x0000000100000000)
  region size 1024K, 15 young (15360K), 1 survivors (1024K)
 Metaspace       used 35758K, committed 36224K, reserved 1114112K
  class space    used 4950K, committed 5184K, reserved 1048576K

Heap Regions: E=young(eden), S=young(survivor), O=old, HS=humongous(starts), HC=humongous(continues), CS=collection set, F=free, OA=open archive, CA=closed archive, TAMS=top-at-mark-start (previous, next)
|   0|0x00000000a0000000, 0x00000000a0100000, 0x00000000a0100000|100%|HS|  |TAMS 0x00000000a0100000, 0x00000000a0000000| Complete 
|   1|0x00000000a0100000, 0x00000000a0200000, 0x00000000a0200000|100%|HC|  |TAMS 0x00000000a0200000, 0x00000000a0100000| Complete 
|   2|0x00000000a0200000, 0x00000000a0300000, 0x00000000a0300000|100%|HC|  |TAMS 0x00000000a0300000, 0x00000000a0200000| Complete 
|   3|0x00000000a0300000, 0x00000000a0400000, 0x00000000a0400000|100%| O|  |TAMS 0x00000000a0400000, 0x00000000a0300000| Untracked 
|   4|0x00000000a0400000, 0x00000000a0500000, 0x00000000a0500000|100%| O|  |TAMS 0x00000000a0500000, 0x00000000a0400000| Untracked 
|   5|0x00000000a0500000, 0x00000000a0600000, 0x00000000a0600000|100%| O|  |TAMS 0x00000000a0600000, 0x00000000a0500000| Untracked 
|   6|0x00000000a0600000, 0x00000000a0700000, 0x00000000a0700000|100%| O|  |TAMS 0x00000000a0700000, 0x00000000a0600000| Untracked 
|   7|0x00000000a0700000, 0x00000000a0800000, 0x00000000a0800000|100%| O|  |TAMS 0x00000000a0800000, 0x00000000a0700000| Untracked 
|   8|0x00000000a0800000, 0x00000000a0900000, 0x00000000a0900000|100%| O|  |TAMS 0x00000000a0900000, 0x00000000a0800000| Untracked 
|   9|0x00000000a0900000, 0x00000000a0a00000, 0x00000000a0a00000|100%| O|  |TAMS 0x00000000a0a00000, 0x00000000a0900000| Untracked 
|  10|0x00000000a0a00000, 0x00000000a0b00000, 0x00000000a0b00000|100%| O|  |TAMS 0x00000000a0b00000, 0x00000000a0a00000| Untracked 
|  11|0x00000000a0b00000, 0x00000000a0c00000, 0x00000000a0c00000|100%| O|  |TAMS 0x00000000a0c00000, 0x00000000a0b00000| Untracked 
|  12|0x00000000a0c00000, 0x00000000a0d00000, 0x00000000a0d00000|100%| O|  |TAMS 0x00000000a0d00000, 0x00000000a0c00000| Untracked 
|  13|0x00000000a0d00000, 0x00000000a0e00000, 0x00000000a0e00000|100%| O|  |TAMS 0x00000000a0e00000, 0x00000000a0d00000| Untracked 
|  14|0x00000000a0e00000, 0x00000000a0f00000, 0x00000000a0f00000|100%| O|  |TAMS 0x00000000a0f00000, 0x00000000a0e00000| Untracked 
|  15|0x00000000a0f00000, 0x00000000a1000000, 0x00000000a1000000|100%| O|  |TAMS 0x00000000a1000000, 0x00000000a0f00000| Untracked 
|  16|0x00000000a1000000, 0x00000000a1100000, 0x00000000a1100000|100%| O|  |TAMS 0x00000000a1100000, 0x00000000a1000000| Untracked 
|  17|0x00000000a1100000, 0x00000000a1200000, 0x00000000a1200000|100%| O|  |TAMS 0x00000000a1200000, 0x00000000a1100000| Untracked 
|  18|0x00000000a1200000, 0x00000000a1300000, 0x00000000a1300000|100%| O|  |TAMS 0x00000000a1300000, 0x00000000a1200000| Untracked 
|  19|0x00000000a1300000, 0x00000000a1400000, 0x00000000a1400000|100%| O|  |TAMS 0x00000000a1400000, 0x00000000a1300000| Untracked 
|  20|0x00000000a1400000, 0x00000000a1500000, 0x00000000a1500000|100%| O|  |TAMS 0x00000000a1500000, 0x00000000a1400000| Untracked 
|  21|0x00000000a1500000, 0x00000000a1600000, 0x00000000a1600000|100%| O|  |TAMS 0x00000000a1600000, 0x00000000a1500000| Untracked 
|  22|0x00000000a1600000, 0x00000000a1700000, 0x00000000a1700000|100%| O|  |TAMS 0x00000000a1700000, 0x00000000a1600000| Untracked 
|  23|0x00000000a1700000, 0x00000000a1800000, 0x00000000a1800000|100%| O|  |TAMS 0x00000000a1800000, 0x00000000a1700000| Untracked 
|  24|0x00000000a1800000, 0x00000000a1900000, 0x00000000a1900000|100%| O|  |TAMS 0x00000000a1900000, 0x00000000a1800000| Untracked 
|  25|0x00000000a1900000, 0x00000000a1a00000, 0x00000000a1a00000|100%| O|  |TAMS 0x00000000a1a00000, 0x00000000a1900000| Untracked 
|  26|0x00000000a1a00000, 0x00000000a1b00000, 0x00000000a1b00000|100%| O|  |TAMS 0x00000000a1b00000, 0x00000000a1a00000| Untracked 
|  27|0x00000000a1b00000, 0x00000000a1c00000, 0x00000000a1c00000|100%| O|  |TAMS 0x00000000a1c00000, 0x00000000a1b00000| Untracked 
|  28|0x00000000a1c00000, 0x00000000a1d00000, 0x00000000a1d00000|100%| O|  |TAMS 0x00000000a1d00000, 0x00000000a1c00000| Untracked 
|  29|0x00000000a1d00000, 0x00000000a1e00000, 0x00000000a1e00000|100%| O|  |TAMS 0x00000000a1d00000, 0x00000000a1d00000| Untracked 
|  30|0x00000000a1e00000, 0x00000000a1e42800, 0x00000000a1f00000| 25%| O|  |TAMS 0x00000000a1e00000, 0x00000000a1e00000| Untracked 
|  31|0x00000000a1f00000, 0x00000000a1f00000, 0x00000000a2000000|  0%| F|  |TAMS 0x00000000a1f00000, 0x00000000a1f00000| Untracked 
|  32|0x00000000a2000000, 0x00000000a2100000, 0x00000000a2100000|100%| O|  |TAMS 0x00000000a2043e00, 0x00000000a2000000| Untracked 
|  33|0x00000000a2100000, 0x00000000a2100000, 0x00000000a2200000|  0%| F|  |TAMS 0x00000000a2100000, 0x00000000a2100000| Untracked 
|  34|0x00000000a2200000, 0x00000000a2200000, 0x00000000a2300000|  0%| F|  |TAMS 0x00000000a2200000, 0x00000000a2200000| Untracked 
|  35|0x00000000a2300000, 0x00000000a2300000, 0x00000000a2400000|  0%| F|  |TAMS 0x00000000a2300000, 0x00000000a2300000| Untracked 
|  36|0x00000000a2400000, 0x00000000a2400000, 0x00000000a2500000|  0%| F|  |TAMS 0x00000000a2400000, 0x00000000a2400000| Untracked 
|  37|0x00000000a2500000, 0x00000000a2500000, 0x00000000a2600000|  0%| F|  |TAMS 0x00000000a2500000, 0x00000000a2500000| Untracked 
|  38|0x00000000a2600000, 0x00000000a2600000, 0x00000000a2700000|  0%| F|  |TAMS 0x00000000a2600000, 0x00000000a2600000| Untracked 
|  39|0x00000000a2700000, 0x00000000a2700000, 0x00000000a2800000|  0%| F|  |TAMS 0x00000000a2700000, 0x00000000a2700000| Untracked 
|  40|0x00000000a2800000, 0x00000000a2800000, 0x00000000a2900000|  0%| F|  |TAMS 0x00000000a2800000, 0x00000000a2800000| Untracked 
|  41|0x00000000a2900000, 0x00000000a2900000, 0x00000000a2a00000|  0%| F|  |TAMS 0x00000000a2900000, 0x00000000a2900000| Untracked 
|  42|0x00000000a2a00000, 0x00000000a2a00000, 0x00000000a2b00000|  0%| F|  |TAMS 0x00000000a2a00000, 0x00000000a2a00000| Untracked 
|  43|0x00000000a2b00000, 0x00000000a2b00000, 0x00000000a2c00000|  0%| F|  |TAMS 0x00000000a2b00000, 0x00000000a2b00000| Untracked 
|  44|0x00000000a2c00000, 0x00000000a2cd91c0, 0x00000000a2d00000| 84%| S|CS|TAMS 0x00000000a2c00000, 0x00000000a2c00000| Complete 
|  45|0x00000000a2d00000, 0x00000000a2d02588, 0x00000000a2e00000|  0%| E|  |TAMS 0x00000000a2d00000, 0x00000000a2d00000| Complete 
|  46|0x00000000a2e00000, 0x00000000a2f00000, 0x00000000a2f00000|100%| E|CS|TAMS 0x00000000a2e00000, 0x00000000a2e00000| Complete 
|  47|0x00000000a2f00000, 0x00000000a3000000, 0x00000000a3000000|100%| E|CS|TAMS 0x00000000a2f00000, 0x00000000a2f00000| Complete 
|  48|0x00000000a3000000, 0x00000000a3100000, 0x00000000a3100000|100%| E|CS|TAMS 0x00000000a3000000, 0x00000000a3000000| Complete 
|  49|0x00000000a3100000, 0x00000000a3200000, 0x00000000a3200000|100%| E|CS|TAMS 0x00000000a3100000, 0x00000000a3100000| Complete 
|  50|0x00000000a3200000, 0x00000000a3300000, 0x00000000a3300000|100%| E|CS|TAMS 0x00000000a3200000, 0x00000000a3200000| Complete 
|  51|0x00000000a3300000, 0x00000000a3400000, 0x00000000a3400000|100%| E|CS|TAMS 0x00000000a3300000, 0x00000000a3300000| Complete 
|  52|0x00000000a3400000, 0x00000000a3500000, 0x00000000a3500000|100%| E|CS|TAMS 0x00000000a3400000, 0x00000000a3400000| Complete 
|  53|0x00000000a3500000, 0x00000000a3600000, 0x00000000a3600000|100%| E|CS|TAMS 0x00000000a3500000, 0x00000000a3500000| Complete 
|  54|0x00000000a3600000, 0x00000000a3700000, 0x00000000a3700000|100%| E|CS|TAMS 0x00000000a3600000, 0x00000000a3600000| Complete 
|  55|0x00000000a3700000, 0x00000000a3800000, 0x00000000a3800000|100%| E|CS|TAMS 0x00000000a3700000, 0x00000000a3700000| Complete 
|  56|0x00000000a3800000, 0x00000000a3900000, 0x00000000a3900000|100%| E|CS|TAMS 0x00000000a3800000, 0x00000000a3800000| Complete 
|  57|0x00000000a3900000, 0x00000000a3a00000, 0x00000000a3a00000|100%| E|CS|TAMS 0x00000000a3900000, 0x00000000a3900000| Complete 
|  58|0x00000000a3a00000, 0x00000000a3b00000, 0x00000000a3b00000|100%| E|CS|TAMS 0x00000000a3a00000, 0x00000000a3a00000| Complete 

Card table byte_map: [0x000002bd66570000,0x000002bd66870000] _byte_map_base: 0x000002bd66070000

Marking Bits (Prev, Next): (CMBitMap*) 0x000002bd4f7dbf30, (CMBitMap*) 0x000002bd4f7dbef0
 Prev Bits: [0x000002bd68370000, 0x000002bd69b70000)
 Next Bits: [0x000002bd66b70000, 0x000002bd68370000)

Polling page: 0x000002bd4d5c0000

Metaspace:

Usage:
  Non-class:     30.09 MB used.
      Class:      4.84 MB used.
       Both:     34.92 MB used.

Virtual space:
  Non-class space:       64.00 MB reserved,      30.31 MB ( 47%) committed,  1 nodes.
      Class space:        1.00 GB reserved,       5.06 MB ( <1%) committed,  1 nodes.
             Both:        1.06 GB reserved,      35.38 MB (  3%) committed. 

Chunk freelists:
   Non-Class:  1.26 MB
       Class:  10.97 MB
        Both:  12.23 MB

MaxMetaspaceSize: unlimited
CompressedClassSpaceSize: 1.00 GB
Initial GC threshold: 21.00 MB
Current GC threshold: 57.44 MB
CDS: on
MetaspaceReclaimPolicy: balanced
 - commit_granule_bytes: 65536.
 - commit_granule_words: 8192.
 - virtual_space_node_default_size: 8388608.
 - enlarge_chunks_in_place: 1.
 - new_chunks_are_fully_committed: 0.
 - uncommit_free_chunks: 1.
 - use_allocation_guard: 0.
 - handle_deallocations: 1.


Internal statistics:

num_allocs_failed_limit: 3.
num_arena_births: 398.
num_arena_deaths: 0.
num_vsnodes_births: 2.
num_vsnodes_deaths: 0.
num_space_committed: 566.
num_space_uncommitted: 0.
num_chunks_returned_to_freelist: 3.
num_chunks_taken_from_freelist: 1681.
num_chunk_merges: 3.
num_chunk_splits: 1096.
num_chunks_enlarged: 747.
num_inconsistent_stats: 0.

CodeHeap 'non-profiled nmethods': size=120000Kb used=2671Kb max_used=2671Kb free=117328Kb
 bounds [0x000002bd5ed40000, 0x000002bd5efe0000, 0x000002bd66270000]
CodeHeap 'profiled nmethods': size=120000Kb used=9497Kb max_used=9497Kb free=110502Kb
 bounds [0x000002bd57270000, 0x000002bd57bc0000, 0x000002bd5e7a0000]
CodeHeap 'non-nmethods': size=5760Kb used=2291Kb max_used=2334Kb free=3468Kb
 bounds [0x000002bd5e7a0000, 0x000002bd5ea10000, 0x000002bd5ed40000]
 total_blobs=5186 nmethods=4384 adapters=714
 compilation: enabled
              stopped_count=0, restarted_count=0
 full_count=0

Compilation events (20 events):
Event: 68.902 Thread 0x000002bd6bff8db0 nmethod 4367 0x000002bd57ba4810 code [0x000002bd57ba49c0, 0x000002bd57ba4c18]
Event: 68.938 Thread 0x000002bd6bff8db0 4368       3       org.codehaus.groovy.reflection.CachedClass$1$$Lambda$421/0x000002bd01459668::apply (12 bytes)
Event: 68.938 Thread 0x000002bd6bff8db0 nmethod 4368 0x000002bd57ba4d10 code [0x000002bd57ba4ee0, 0x000002bd57ba53b8]
Event: 68.982 Thread 0x000002bd6bff8db0 4369       3       java.lang.reflect.ProxyGenerator::typeNames (61 bytes)
Event: 68.983 Thread 0x000002bd6bff8db0 nmethod 4369 0x000002bd57ba5510 code [0x000002bd57ba5740, 0x000002bd57ba60c8]
Event: 69.029 Thread 0x000002bd6bff8db0 4370       3       java.lang.reflect.Proxy$ProxyBuilder::addElementType (19 bytes)
Event: 69.030 Thread 0x000002bd6bff8db0 nmethod 4370 0x000002bd57ba6390 code [0x000002bd57ba6580, 0x000002bd57ba6b28]
Event: 69.030 Thread 0x000002bd6bff8db0 4371       3       java.lang.reflect.Proxy$ProxyBuilder::getElementType (19 bytes)
Event: 69.030 Thread 0x000002bd6bff8db0 nmethod 4371 0x000002bd57ba6d10 code [0x000002bd57ba6ee0, 0x000002bd57ba7198]
Event: 69.030 Thread 0x000002bd6bff8db0 4372       3       java.lang.WeakPairMap$Pair$Weak::first (5 bytes)
Event: 69.030 Thread 0x000002bd6bff8db0 nmethod 4372 0x000002bd57ba7310 code [0x000002bd57ba74a0, 0x000002bd57ba7678]
Event: 69.031 Thread 0x000002bd6bff12c0 4373       4       jdk.internal.org.objectweb.asm.SymbolTable::addType (81 bytes)
Event: 69.040 Thread 0x000002bd6bff8db0 4374       3       sun.reflect.generics.parser.SignatureParser::parseTypeVariableSignature (95 bytes)
Event: 69.042 Thread 0x000002bd6bff8db0 nmethod 4374 0x000002bd57ba7710 code [0x000002bd57ba79e0, 0x000002bd57ba84e8]
Event: 69.046 Thread 0x000002bd6bff8db0 4375       3       com.google.common.collect.ImmutableList::asImmutableList (60 bytes)
Event: 69.047 Thread 0x000002bd6bff8db0 nmethod 4375 0x000002bd57ba8990 code [0x000002bd57ba8be0, 0x000002bd57ba9618]
Event: 69.047 Thread 0x000002bd6bff8db0 4376       3       com.google.common.reflect.TypeResolver$TypeVariableKey::hashCode (32 bytes)
Event: 69.047 Thread 0x000002bd6bff8db0 nmethod 4376 0x000002bd57ba9990 code [0x000002bd57ba9b80, 0x000002bd57baa268]
Event: 69.050 Thread 0x000002bd6bff8db0 4377       3       sun.reflect.generics.scope.AbstractScope::lookup (66 bytes)
Event: 69.051 Thread 0x000002bd6bff8db0 nmethod 4377 0x000002bd57baa410 code [0x000002bd57baa620, 0x000002bd57baae28]

GC Heap History (20 events):
Event: 41.211 GC heap before
{Heap before GC invocations=5 (full 0):
 garbage-first heap   total 57344K, used 37899K [0x00000000a0000000, 0x0000000100000000)
  region size 1024K, 22 young (22528K), 2 survivors (2048K)
 Metaspace       used 16644K, committed 16896K, reserved 1114112K
  class space    used 2423K, committed 2560K, reserved 1048576K
}
Event: 41.217 GC heap after
{Heap after GC invocations=6 (full 0):
 garbage-first heap   total 57344K, used 19685K [0x00000000a0000000, 0x0000000100000000)
  region size 1024K, 3 young (3072K), 3 survivors (3072K)
 Metaspace       used 16644K, committed 16896K, reserved 1114112K
  class space    used 2423K, committed 2560K, reserved 1048576K
}
Event: 43.928 GC heap before
{Heap before GC invocations=6 (full 0):
 garbage-first heap   total 57344K, used 40165K [0x00000000a0000000, 0x0000000100000000)
  region size 1024K, 24 young (24576K), 3 survivors (3072K)
 Metaspace       used 19461K, committed 19776K, reserved 1114112K
  class space    used 2894K, committed 3072K, reserved 1048576K
}
Event: 43.942 GC heap after
{Heap after GC invocations=7 (full 0):
 garbage-first heap   total 57344K, used 23059K [0x00000000a0000000, 0x0000000100000000)
  region size 1024K, 3 young (3072K), 3 survivors (3072K)
 Metaspace       used 19461K, committed 19776K, reserved 1114112K
  class space    used 2894K, committed 3072K, reserved 1048576K
}
Event: 46.023 GC heap before
{Heap before GC invocations=7 (full 0):
 garbage-first heap   total 57344K, used 31251K [0x00000000a0000000, 0x0000000100000000)
  region size 1024K, 12 young (12288K), 3 survivors (3072K)
 Metaspace       used 21220K, committed 21504K, reserved 1114112K
  class space    used 3106K, committed 3264K, reserved 1048576K
}
Event: 46.031 GC heap after
{Heap after GC invocations=8 (full 0):
 garbage-first heap   total 57344K, used 24241K [0x00000000a0000000, 0x0000000100000000)
  region size 1024K, 2 young (2048K), 2 survivors (2048K)
 Metaspace       used 21220K, committed 21504K, reserved 1114112K
  class space    used 3106K, committed 3264K, reserved 1048576K
}
Event: 50.415 GC heap before
{Heap before GC invocations=9 (full 0):
 garbage-first heap   total 57344K, used 40625K [0x00000000a0000000, 0x0000000100000000)
  region size 1024K, 18 young (18432K), 2 survivors (2048K)
 Metaspace       used 23492K, committed 23872K, reserved 1114112K
  class space    used 3450K, committed 3648K, reserved 1048576K
}
Event: 50.419 GC heap after
{Heap after GC invocations=10 (full 0):
 garbage-first heap   total 57344K, used 24369K [0x00000000a0000000, 0x0000000100000000)
  region size 1024K, 2 young (2048K), 2 survivors (2048K)
 Metaspace       used 23492K, committed 23872K, reserved 1114112K
  class space    used 3450K, committed 3648K, reserved 1048576K
}
Event: 52.412 GC heap before
{Heap before GC invocations=10 (full 0):
 garbage-first heap   total 57344K, used 40753K [0x00000000a0000000, 0x0000000100000000)
  region size 1024K, 19 young (19456K), 2 survivors (2048K)
 Metaspace       used 25930K, committed 26304K, reserved 1114112K
  class space    used 3847K, committed 4032K, reserved 1048576K
}
Event: 52.416 GC heap after
{Heap after GC invocations=11 (full 0):
 garbage-first heap   total 57344K, used 25016K [0x00000000a0000000, 0x0000000100000000)
  region size 1024K, 3 young (3072K), 3 survivors (3072K)
 Metaspace       used 25930K, committed 26304K, reserved 1114112K
  class space    used 3847K, committed 4032K, reserved 1048576K
}
Event: 56.739 GC heap before
{Heap before GC invocations=11 (full 0):
 garbage-first heap   total 57344K, used 41400K [0x00000000a0000000, 0x0000000100000000)
  region size 1024K, 20 young (20480K), 3 survivors (3072K)
 Metaspace       used 30748K, committed 31168K, reserved 1114112K
  class space    used 4387K, committed 4608K, reserved 1048576K
}
Event: 56.749 GC heap after
{Heap after GC invocations=12 (full 0):
 garbage-first heap   total 57344K, used 27406K [0x00000000a0000000, 0x0000000100000000)
  region size 1024K, 3 young (3072K), 3 survivors (3072K)
 Metaspace       used 30748K, committed 31168K, reserved 1114112K
  class space    used 4387K, committed 4608K, reserved 1048576K
}
Event: 57.789 GC heap before
{Heap before GC invocations=12 (full 0):
 garbage-first heap   total 57344K, used 42766K [0x00000000a0000000, 0x0000000100000000)
  region size 1024K, 19 young (19456K), 3 survivors (3072K)
 Metaspace       used 31801K, committed 32128K, reserved 1114112K
  class space    used 4464K, committed 4608K, reserved 1048576K
}
Event: 57.802 GC heap after
{Heap after GC invocations=13 (full 0):
 garbage-first heap   total 57344K, used 29995K [0x00000000a0000000, 0x0000000100000000)
  region size 1024K, 3 young (3072K), 3 survivors (3072K)
 Metaspace       used 31801K, committed 32128K, reserved 1114112K
  class space    used 4464K, committed 4608K, reserved 1048576K
}
Event: 58.874 GC heap before
{Heap before GC invocations=13 (full 0):
 garbage-first heap   total 57344K, used 38187K [0x00000000a0000000, 0x0000000100000000)
  region size 1024K, 13 young (13312K), 3 survivors (3072K)
 Metaspace       used 32102K, committed 32448K, reserved 1114112K
  class space    used 4498K, committed 4672K, reserved 1048576K
}
Event: 58.882 GC heap after
{Heap after GC invocations=14 (full 0):
 garbage-first heap   total 57344K, used 30547K [0x00000000a0000000, 0x0000000100000000)
  region size 1024K, 2 young (2048K), 2 survivors (2048K)
 Metaspace       used 32102K, committed 32448K, reserved 1114112K
  class space    used 4498K, committed 4672K, reserved 1048576K
}
Event: 61.462 GC heap before
{Heap before GC invocations=15 (full 0):
 garbage-first heap   total 60416K, used 46931K [0x00000000a0000000, 0x0000000100000000)
  region size 1024K, 15 young (15360K), 2 survivors (2048K)
 Metaspace       used 33874K, committed 34304K, reserved 1114112K
  class space    used 4649K, committed 4864K, reserved 1048576K
}
Event: 61.469 GC heap after
{Heap after GC invocations=16 (full 0):
 garbage-first heap   total 60416K, used 31998K [0x00000000a0000000, 0x0000000100000000)
  region size 1024K, 2 young (2048K), 2 survivors (2048K)
 Metaspace       used 33874K, committed 34304K, reserved 1114112K
  class space    used 4649K, committed 4864K, reserved 1048576K
}
Event: 65.643 GC heap before
{Heap before GC invocations=16 (full 0):
 garbage-first heap   total 60416K, used 46334K [0x00000000a0000000, 0x0000000100000000)
  region size 1024K, 16 young (16384K), 2 survivors (2048K)
 Metaspace       used 34785K, committed 35264K, reserved 1114112K
  class space    used 4794K, committed 5056K, reserved 1048576K
}
Event: 65.658 GC heap after
{Heap after GC invocations=17 (full 0):
 garbage-first heap   total 60416K, used 32878K [0x00000000a0000000, 0x0000000100000000)
  region size 1024K, 1 young (1024K), 1 survivors (1024K)
 Metaspace       used 34785K, committed 35264K, reserved 1114112K
  class space    used 4794K, committed 5056K, reserved 1048576K
}

Dll operation events (12 events):
Event: 0.041 Loaded shared library C:\Program Files\Eclipse Adoptium\jdk-17.0.8.101-hotspot\bin\java.dll
Event: 0.110 Loaded shared library C:\Program Files\Eclipse Adoptium\jdk-17.0.8.101-hotspot\bin\jsvml.dll
Event: 0.275 Loaded shared library C:\Program Files\Eclipse Adoptium\jdk-17.0.8.101-hotspot\bin\net.dll
Event: 0.280 Loaded shared library C:\Program Files\Eclipse Adoptium\jdk-17.0.8.101-hotspot\bin\nio.dll
Event: 0.293 Loaded shared library C:\Program Files\Eclipse Adoptium\jdk-17.0.8.101-hotspot\bin\zip.dll
Event: 1.564 Loaded shared library C:\Program Files\Eclipse Adoptium\jdk-17.0.8.101-hotspot\bin\jimage.dll
Event: 2.489 Loaded shared library C:\Program Files\Eclipse Adoptium\jdk-17.0.8.101-hotspot\bin\verify.dll
Event: 3.993 Loaded shared library C:\Users\salin\.gradle\native\e1d6ef7f7dcc3fd88c89a11ec53ec762bb8ba0a96d01ffa2cd45eb1d1d8dd5c5\windows-amd64\native-platform.dll
Event: 4.064 Loaded shared library C:\Users\salin\.gradle\native\0d407fdbe67a94daf76414ababcb853783967236a71b16ec16e742cd7a986fd3\windows-amd64\native-platform-file-events.dll
Event: 18.829 Loaded shared library C:\Program Files\Eclipse Adoptium\jdk-17.0.8.101-hotspot\bin\management.dll
Event: 18.974 Loaded shared library C:\Program Files\Eclipse Adoptium\jdk-17.0.8.101-hotspot\bin\management_ext.dll
Event: 29.184 Loaded shared library C:\Program Files\Eclipse Adoptium\jdk-17.0.8.101-hotspot\bin\sunmscapi.dll

Deoptimization events (20 events):
Event: 61.426 Thread 0x000002bd6c341ac0 Uncommon trap: trap_request=0xffffff45 fr.pc=0x000002bd5ee101c4 relative=0x0000000000000b44
Event: 61.426 Thread 0x000002bd6c341ac0 Uncommon trap: reason=unstable_if action=reinterpret pc=0x000002bd5ee101c4 method=java.util.Properties$LineReader.readLine()I @ 25 c2
Event: 61.426 Thread 0x000002bd6c341ac0 DEOPT PACKING pc=0x000002bd5ee101c4 sp=0x000000e421bf8590
Event: 61.426 Thread 0x000002bd6c341ac0 DEOPT UNPACKING pc=0x000002bd5e7f69a3 sp=0x000000e421bf8540 mode 2
Event: 61.667 Thread 0x000002bd6c341ac0 Uncommon trap: trap_request=0xffffff45 fr.pc=0x000002bd5edcb6fc relative=0x00000000000001dc
Event: 61.667 Thread 0x000002bd6c341ac0 Uncommon trap: reason=unstable_if action=reinterpret pc=0x000002bd5edcb6fc method=java.net.URI.match(CJJ)Z @ 19 c2
Event: 61.667 Thread 0x000002bd6c341ac0 DEOPT PACKING pc=0x000002bd5edcb6fc sp=0x000000e421bf91c0
Event: 61.667 Thread 0x000002bd6c341ac0 DEOPT UNPACKING pc=0x000002bd5e7f69a3 sp=0x000000e421bf90b0 mode 2
Event: 62.550 Thread 0x000002bd6c341ac0 Uncommon trap: trap_request=0xffffffcc fr.pc=0x000002bd5efabef4 relative=0x00000000000013d4
Event: 62.550 Thread 0x000002bd6c341ac0 Uncommon trap: reason=intrinsic_or_type_checked_inlining action=make_not_entrant pc=0x000002bd5efabef4 method=java.util.ArrayList.toArray([Ljava/lang/Object;)[Ljava/lang/Object; @ 36 c2
Event: 62.550 Thread 0x000002bd6c341ac0 DEOPT PACKING pc=0x000002bd5efabef4 sp=0x000000e421bf8900
Event: 62.550 Thread 0x000002bd6c341ac0 DEOPT UNPACKING pc=0x000002bd5e7f69a3 sp=0x000000e421bf8850 mode 2
Event: 64.000 Thread 0x000002bd6c341ac0 Uncommon trap: trap_request=0xffffffde fr.pc=0x000002bd5ef4b170 relative=0x0000000000003010
Event: 64.000 Thread 0x000002bd6c341ac0 Uncommon trap: reason=class_check action=maybe_recompile pc=0x000002bd5ef4b170 method=java.util.regex.Pattern$CharProperty.study(Ljava/util/regex/Pattern$TreeInfo;)Z @ 25 c2
Event: 64.000 Thread 0x000002bd6c341ac0 DEOPT PACKING pc=0x000002bd5ef4b170 sp=0x000000e421bf96d0
Event: 64.003 Thread 0x000002bd6c341ac0 DEOPT UNPACKING pc=0x000002bd5e7f69a3 sp=0x000000e421bf95c8 mode 2
Event: 68.832 Thread 0x000002bd6c341ac0 Uncommon trap: trap_request=0xffffff45 fr.pc=0x000002bd5eeeb8d4 relative=0x0000000000001454
Event: 68.832 Thread 0x000002bd6c341ac0 Uncommon trap: reason=unstable_if action=reinterpret pc=0x000002bd5eeeb8d4 method=java.util.WeakHashMap.matchesKey(Ljava/util/WeakHashMap$Entry;Ljava/lang/Object;)Z @ 5 c2
Event: 68.832 Thread 0x000002bd6c341ac0 DEOPT PACKING pc=0x000002bd5eeeb8d4 sp=0x000000e421bf5760
Event: 68.832 Thread 0x000002bd6c341ac0 DEOPT UNPACKING pc=0x000002bd5e7f69a3 sp=0x000000e421bf56e8 mode 2

Classes unloaded (0 events):
No events

Classes redefined (0 events):
No events

Internal exceptions (20 events):
Event: 61.580 Thread 0x000002bd6c341ac0 Exception <a 'java/lang/ClassNotFoundException'{0x00000000a36341b8}: org/codehaus/groovy/runtime/GStringImplBeanInfo> (0x00000000a36341b8) 
thrown [s\src\hotspot\share\classfile\systemDictionary.cpp, line 256]
Event: 61.597 Thread 0x000002bd6c341ac0 Exception <a 'java/lang/ClassNotFoundException'{0x00000000a34d2340}: org/codehaus/groovy/runtime/GStringImplCustomizer> (0x00000000a34d2340) 
thrown [s\src\hotspot\share\classfile\systemDictionary.cpp, line 256]
Event: 61.651 Thread 0x000002bd6c341ac0 Exception <a 'java/lang/ClassNotFoundException'{0x00000000a33107c8}: org/gradle/api/internal/plugins/DefaultObjectConfigurationActionBeanInfo> (0x00000000a33107c8) 
thrown [s\src\hotspot\share\classfile\systemDictionary.cpp, line 256]
Event: 61.651 Thread 0x000002bd6c341ac0 Exception <a 'java/lang/ClassNotFoundException'{0x00000000a3320c40}: org/gradle/api/internal/plugins/DefaultObjectConfigurationActionCustomizer> (0x00000000a3320c40) 
thrown [s\src\hotspot\share\classfile\systemDictionary.cpp, line 256]
Event: 62.712 Thread 0x000002bd6c341ac0 Exception <a 'java/lang/ClassNotFoundException'{0x00000000a315d880}: app_plugin_loader_barvpf3c4pdmc8ljva57dhuwbBeanInfo> (0x00000000a315d880) 
thrown [s\src\hotspot\share\classfile\systemDictionary.cpp, line 256]
Event: 62.713 Thread 0x000002bd6c341ac0 Exception <a 'java/lang/ClassNotFoundException'{0x00000000a31647d0}: app_plugin_loader_barvpf3c4pdmc8ljva57dhuwbCustomizer> (0x00000000a31647d0) 
thrown [s\src\hotspot\share\classfile\systemDictionary.cpp, line 256]
Event: 66.799 Thread 0x000002bd6c341ac0 Exception <a 'java/lang/ClassNotFoundException'{0x00000000a36158d0}: org/gradle/api/internal/project/DefaultProject_DecoratedBeanInfo> (0x00000000a36158d0) 
thrown [s\src\hotspot\share\classfile\systemDictionary.cpp, line 256]
Event: 66.956 Thread 0x000002bd6c341ac0 Exception <a 'java/lang/ClassNotFoundException'{0x00000000a3622428}: org/gradle/api/internal/project/DefaultProjectBeanInfo> (0x00000000a3622428) 
thrown [s\src\hotspot\share\classfile\systemDictionary.cpp, line 256]
Event: 67.026 Thread 0x000002bd6c341ac0 Exception <a 'java/lang/ClassNotFoundException'{0x00000000a362ef88}: org/gradle/api/internal/project/DefaultProjectCustomizer> (0x00000000a362ef88) 
thrown [s\src\hotspot\share\classfile\systemDictionary.cpp, line 256]
Event: 67.455 Thread 0x000002bd6c341ac0 Exception <a 'java/lang/ClassNotFoundException'{0x00000000a36d7220}: org/gradle/api/internal/project/DefaultProject_DecoratedCustomizer> (0x00000000a36d7220) 
thrown [s\src\hotspot\share\classfile\systemDictionary.cpp, line 256]
Event: 68.290 Thread 0x000002bd6c341ac0 Exception <a 'java/lang/ClassNotFoundException'{0x00000000a3098428}: org/gradle/api/internal/plugins/DefaultPluginContainerBeanInfo> (0x00000000a3098428) 
thrown [s\src\hotspot\share\classfile\systemDictionary.cpp, line 256]
Event: 68.303 Thread 0x000002bd6c341ac0 Exception <a 'java/lang/ClassNotFoundException'{0x00000000a30a5070}: org/gradle/api/internal/plugins/DefaultPluginCollectionBeanInfo> (0x00000000a30a5070) 
thrown [s\src\hotspot\share\classfile\systemDictionary.cpp, line 256]
Event: 68.305 Thread 0x000002bd6c341ac0 Exception <a 'java/lang/ClassNotFoundException'{0x00000000a30b1a58}: org/gradle/api/internal/DefaultDomainObjectSetBeanInfo> (0x00000000a30b1a58) 
thrown [s\src\hotspot\share\classfile\systemDictionary.cpp, line 256]
Event: 68.325 Thread 0x000002bd6c341ac0 Exception <a 'java/lang/ClassNotFoundException'{0x00000000a30be4f0}: org/gradle/api/internal/DefaultDomainObjectCollectionBeanInfo> (0x00000000a30be4f0) 
thrown [s\src\hotspot\share\classfile\systemDictionary.cpp, line 256]
Event: 68.354 Thread 0x000002bd6c341ac0 Exception <a 'java/lang/ClassNotFoundException'{0x00000000a30c5568}: java/util/AbstractCollectionBeanInfo> (0x00000000a30c5568) 
thrown [s\src\hotspot\share\classfile\systemDictionary.cpp, line 256]
Event: 68.372 Thread 0x000002bd6c341ac0 Exception <a 'java/lang/ClassNotFoundException'{0x00000000a30cc5a8}: java/util/AbstractCollectionCustomizer> (0x00000000a30cc5a8) 
thrown [s\src\hotspot\share\classfile\systemDictionary.cpp, line 256]
Event: 68.406 Thread 0x000002bd6c341ac0 Exception <a 'java/lang/ClassNotFoundException'{0x00000000a30e5b38}: org/gradle/api/internal/DefaultDomainObjectCollectionCustomizer> (0x00000000a30e5b38) 
thrown [s\src\hotspot\share\classfile\systemDictionary.cpp, line 256]
Event: 68.768 Thread 0x000002bd6c341ac0 Exception <a 'java/lang/ClassNotFoundException'{0x00000000a2f131c8}: org/gradle/api/internal/DefaultDomainObjectSetCustomizer> (0x00000000a2f131c8) 
thrown [s\src\hotspot\share\classfile\systemDictionary.cpp, line 256]
Event: 68.829 Thread 0x000002bd6c341ac0 Exception <a 'java/lang/ClassNotFoundException'{0x00000000a2f2fa78}: org/gradle/api/internal/plugins/DefaultPluginCollectionCustomizer> (0x00000000a2f2fa78) 
thrown [s\src\hotspot\share\classfile\systemDictionary.cpp, line 256]
Event: 68.857 Thread 0x000002bd6c341ac0 Exception <a 'java/lang/ClassNotFoundException'{0x00000000a2f656b0}: org/gradle/api/internal/plugins/DefaultPluginContainerCustomizer> (0x00000000a2f656b0) 
thrown [s\src\hotspot\share\classfile\systemDictionary.cpp, line 256]

VM Operations (20 events):
Event: 62.472 Executing VM operation: Cleanup
Event: 62.473 Executing VM operation: Cleanup done
Event: 63.477 Executing VM operation: Cleanup
Event: 63.778 Executing VM operation: Cleanup done
Event: 64.787 Executing VM operation: Cleanup
Event: 64.788 Executing VM operation: Cleanup done
Event: 65.643 Executing VM operation: G1CollectForAllocation
Event: 65.660 Executing VM operation: G1CollectForAllocation done
Event: 65.757 Executing VM operation: G1PauseRemark
Event: 65.787 Executing VM operation: G1PauseRemark done
Event: 65.822 Executing VM operation: G1PauseCleanup
Event: 65.823 Executing VM operation: G1PauseCleanup done
Event: 66.833 Executing VM operation: Cleanup
Event: 66.943 Executing VM operation: Cleanup done
Event: 67.945 Executing VM operation: Cleanup
Event: 67.965 Executing VM operation: Cleanup done
Event: 69.038 Executing VM operation: HandshakeAllThreads
Event: 69.038 Executing VM operation: HandshakeAllThreads done
Event: 69.038 Executing VM operation: Cleanup
Event: 69.038 Executing VM operation: Cleanup done

Events (20 events):
Event: 62.996 loading class java/lang/ThreadLocal$SuppliedThreadLocal done
Event: 63.474 Thread 0x000002bd72e39cb0 Thread added: 0x000002bd72e39cb0
Event: 65.573 loading class java/nio/file/AtomicMoveNotSupportedException
Event: 65.573 loading class java/nio/file/AtomicMoveNotSupportedException done
Event: 67.502 loading class org/xml/sax/Locator
Event: 67.503 loading class org/xml/sax/Locator done
Event: 67.503 loading class org/xml/sax/SAXParseException
Event: 67.503 loading class org/xml/sax/SAXParseException done
Event: 67.507 loading class org/xml/sax/Attributes
Event: 67.508 loading class org/xml/sax/Attributes done
Event: 68.351 loading class java/util/AbstractCollectionBeanInfo
Event: 68.351 loading class java/util/AbstractCollectionBeanInfo done
Event: 68.354 loading class java/util/AbstractCollectionBeanInfo
Event: 68.354 loading class java/util/AbstractCollectionBeanInfo done
Event: 68.355 loading class java/util/AbstractCollectionCustomizer
Event: 68.355 loading class java/util/AbstractCollectionCustomizer done
Event: 68.372 loading class java/util/AbstractCollectionCustomizer
Event: 68.372 loading class java/util/AbstractCollectionCustomizer done
Event: 68.384 loading class sun/reflect/generics/reflectiveObjects/GenericArrayTypeImpl
Event: 68.385 loading class sun/reflect/generics/reflectiveObjects/GenericArrayTypeImpl done


Dynamic libraries:
0x00007ff740940000 - 0x00007ff74094e000 	C:\Program Files\Eclipse Adoptium\jdk-17.0.8.101-hotspot\bin\java.exe
0x00007ffb67260000 - 0x00007ffb674c3000 	C:\WINDOWS\SYSTEM32\ntdll.dll
0x00007ffb65bc0000 - 0x00007ffb65c87000 	C:\WINDOWS\System32\KERNEL32.DLL
0x00007ffb64750000 - 0x00007ffb64b17000 	C:\WINDOWS\System32\KERNELBASE.dll
0x00007ffb64d00000 - 0x00007ffb64e4c000 	C:\WINDOWS\System32\ucrtbase.dll
0x00007ffb555e0000 - 0x00007ffb555f9000 	C:\Program Files\Eclipse Adoptium\jdk-17.0.8.101-hotspot\bin\VCRUNTIME140.dll
0x00007ffb55d20000 - 0x00007ffb55d37000 	C:\Program Files\Eclipse Adoptium\jdk-17.0.8.101-hotspot\bin\jli.dll
0x00007ffb659b0000 - 0x00007ffb65b79000 	C:\WINDOWS\System32\USER32.dll
0x00007ffb645d0000 - 0x00007ffb645f7000 	C:\WINDOWS\System32\win32u.dll
0x00007ffb65800000 - 0x00007ffb6582a000 	C:\WINDOWS\System32\GDI32.dll
0x00007ffb64bd0000 - 0x00007ffb64cfb000 	C:\WINDOWS\System32\gdi32full.dll
0x00007ffb64b20000 - 0x00007ffb64bc3000 	C:\WINDOWS\System32\msvcp_win.dll
0x00007ffb4bd40000 - 0x00007ffb4bfd0000 	C:\WINDOWS\WinSxS\amd64_microsoft.windows.common-controls_6595b64144ccf1df_6.0.26100.3037_none_3e09262ce333c378\COMCTL32.dll
0x00007ffb65900000 - 0x00007ffb659a9000 	C:\WINDOWS\System32\msvcrt.dll
0x00007ffb65b80000 - 0x00007ffb65baf000 	C:\WINDOWS\System32\IMM32.DLL
0x00007ffb59430000 - 0x00007ffb5943c000 	C:\Program Files\Eclipse Adoptium\jdk-17.0.8.101-hotspot\bin\vcruntime140_1.dll
0x00007ffb2e020000 - 0x00007ffb2e0b1000 	C:\Program Files\Eclipse Adoptium\jdk-17.0.8.101-hotspot\bin\msvcp140.dll
0x00007ffb06200000 - 0x00007ffb06e4c000 	C:\Program Files\Eclipse Adoptium\jdk-17.0.8.101-hotspot\bin\server\jvm.dll
0x00007ffb650f0000 - 0x00007ffb651a4000 	C:\WINDOWS\System32\ADVAPI32.dll
0x00007ffb66f60000 - 0x00007ffb67006000 	C:\WINDOWS\System32\sechost.dll
0x00007ffb67070000 - 0x00007ffb67186000 	C:\WINDOWS\System32\RPCRT4.dll
0x00007ffb64460000 - 0x00007ffb644ae000 	C:\WINDOWS\SYSTEM32\POWRPROF.dll
0x00007ffb4b9c0000 - 0x00007ffb4b9ca000 	C:\WINDOWS\SYSTEM32\WSOCK32.dll
0x00007ffb66590000 - 0x00007ffb66604000 	C:\WINDOWS\System32\WS2_32.dll
0x00007ffb586e0000 - 0x00007ffb58716000 	C:\WINDOWS\SYSTEM32\WINMM.dll
0x00007ffb5b2c0000 - 0x00007ffb5b2cb000 	C:\WINDOWS\SYSTEM32\VERSION.dll
0x00007ffb64440000 - 0x00007ffb64454000 	C:\WINDOWS\SYSTEM32\UMPDC.dll
0x00007ffb63400000 - 0x00007ffb6341a000 	C:\WINDOWS\SYSTEM32\kernel.appcore.dll
0x00007ffb542a0000 - 0x00007ffb542aa000 	C:\Program Files\Eclipse Adoptium\jdk-17.0.8.101-hotspot\bin\jimage.dll
0x00007ffb5b440000 - 0x00007ffb5b681000 	C:\WINDOWS\SYSTEM32\DBGHELP.DLL
0x00007ffb66730000 - 0x00007ffb66aae000 	C:\WINDOWS\System32\combase.dll
0x00007ffb664a0000 - 0x00007ffb66576000 	C:\WINDOWS\System32\OLEAUT32.dll
0x00007ffb4f080000 - 0x00007ffb4f0b9000 	C:\WINDOWS\SYSTEM32\dbgcore.DLL
0x00007ffb64fd0000 - 0x00007ffb65069000 	C:\WINDOWS\System32\bcryptPrimitives.dll
0x00007ffb45410000 - 0x00007ffb45435000 	C:\Program Files\Eclipse Adoptium\jdk-17.0.8.101-hotspot\bin\java.dll
0x00007ffb2c010000 - 0x00007ffb2c0e6000 	C:\Program Files\Eclipse Adoptium\jdk-17.0.8.101-hotspot\bin\jsvml.dll
0x00007ffb65c90000 - 0x00007ffb66394000 	C:\WINDOWS\System32\SHELL32.dll
0x00007ffb62310000 - 0x00007ffb62b47000 	C:\WINDOWS\SYSTEM32\windows.storage.dll
0x00007ffb663a0000 - 0x00007ffb66489000 	C:\WINDOWS\System32\SHCORE.dll
0x00007ffb67010000 - 0x00007ffb6706d000 	C:\WINDOWS\System32\shlwapi.dll
0x00007ffb644e0000 - 0x00007ffb6450e000 	C:\WINDOWS\SYSTEM32\profapi.dll
0x00007ffb42d60000 - 0x00007ffb42d79000 	C:\Program Files\Eclipse Adoptium\jdk-17.0.8.101-hotspot\bin\net.dll
0x00007ffb5c7d0000 - 0x00007ffb5c8ee000 	C:\WINDOWS\SYSTEM32\WINHTTP.dll
0x00007ffb63910000 - 0x00007ffb6397a000 	C:\WINDOWS\system32\mswsock.dll
0x00007ffb42d40000 - 0x00007ffb42d55000 	C:\Program Files\Eclipse Adoptium\jdk-17.0.8.101-hotspot\bin\nio.dll
0x00007ffb42d20000 - 0x00007ffb42d38000 	C:\Program Files\Eclipse Adoptium\jdk-17.0.8.101-hotspot\bin\zip.dll
0x00007ffb45400000 - 0x00007ffb45410000 	C:\Program Files\Eclipse Adoptium\jdk-17.0.8.101-hotspot\bin\verify.dll
0x00007ffb54390000 - 0x00007ffb543b7000 	C:\Users\salin\.gradle\native\e1d6ef7f7dcc3fd88c89a11ec53ec762bb8ba0a96d01ffa2cd45eb1d1d8dd5c5\windows-amd64\native-platform.dll
0x00007ffb18b10000 - 0x00007ffb18c54000 	C:\Users\salin\.gradle\native\0d407fdbe67a94daf76414ababcb853783967236a71b16ec16e742cd7a986fd3\windows-amd64\native-platform-file-events.dll
0x00007ffb431b0000 - 0x00007ffb431b9000 	C:\Program Files\Eclipse Adoptium\jdk-17.0.8.101-hotspot\bin\management.dll
0x00007ffb42d10000 - 0x00007ffb42d1b000 	C:\Program Files\Eclipse Adoptium\jdk-17.0.8.101-hotspot\bin\management_ext.dll
0x00007ffb66490000 - 0x00007ffb66498000 	C:\WINDOWS\System32\PSAPI.DLL
0x00007ffb63bb0000 - 0x00007ffb63bcc000 	C:\WINDOWS\SYSTEM32\CRYPTSP.dll
0x00007ffb63360000 - 0x00007ffb63398000 	C:\WINDOWS\system32\rsaenh.dll
0x00007ffb639b0000 - 0x00007ffb639db000 	C:\WINDOWS\SYSTEM32\USERENV.dll
0x00007ffb63df0000 - 0x00007ffb63e16000 	C:\WINDOWS\SYSTEM32\bcrypt.dll
0x00007ffb63bd0000 - 0x00007ffb63bdc000 	C:\WINDOWS\SYSTEM32\CRYPTBASE.dll
0x00007ffb62e90000 - 0x00007ffb62ec2000 	C:\WINDOWS\SYSTEM32\IPHLPAPI.DLL
0x00007ffb66f50000 - 0x00007ffb66f5a000 	C:\WINDOWS\System32\NSI.dll
0x00007ffb5c7a0000 - 0x00007ffb5c7bf000 	C:\WINDOWS\SYSTEM32\dhcpcsvc6.DLL
0x00007ffb5c770000 - 0x00007ffb5c795000 	C:\WINDOWS\SYSTEM32\dhcpcsvc.DLL
0x00007ffb62f30000 - 0x00007ffb63055000 	C:\WINDOWS\SYSTEM32\DNSAPI.dll
0x00007ffb42b80000 - 0x00007ffb42b8e000 	C:\Program Files\Eclipse Adoptium\jdk-17.0.8.101-hotspot\bin\sunmscapi.dll
0x00007ffb64e50000 - 0x00007ffb64fc6000 	C:\WINDOWS\System32\CRYPT32.dll
0x00007ffb63db0000 - 0x00007ffb63de0000 	C:\WINDOWS\SYSTEM32\ncrypt.dll
0x00007ffb63d60000 - 0x00007ffb63d9f000 	C:\WINDOWS\SYSTEM32\NTASN1.dll
0x00007ffb549d0000 - 0x00007ffb549d8000 	C:\WINDOWS\system32\wshunix.dll

dbghelp: loaded successfully - version: 4.0.5 - missing functions: none
symbol engine: initialized successfully - sym options: 0x614 - pdb path: .;C:\Program Files\Eclipse Adoptium\jdk-17.0.8.101-hotspot\bin;C:\WINDOWS\SYSTEM32;C:\WINDOWS\WinSxS\amd64_microsoft.windows.common-controls_6595b64144ccf1df_6.0.26100.3037_none_3e09262ce333c378;C:\Program Files\Eclipse Adoptium\jdk-17.0.8.101-hotspot\bin\server;C:\Users\salin\.gradle\native\e1d6ef7f7dcc3fd88c89a11ec53ec762bb8ba0a96d01ffa2cd45eb1d1d8dd5c5\windows-amd64;C:\Users\salin\.gradle\native\0d407fdbe67a94daf76414ababcb853783967236a71b16ec16e742cd7a986fd3\windows-amd64

VM Arguments:
jvm_args: --add-opens=java.base/java.util=ALL-UNNAMED --add-opens=java.base/java.lang=ALL-UNNAMED --add-opens=java.base/java.lang.invoke=ALL-UNNAMED --add-opens=java.base/java.util=ALL-UNNAMED --add-opens=java.prefs/java.util.prefs=ALL-UNNAMED --add-opens=java.prefs/java.util.prefs=ALL-UNNAMED --add-opens=java.base/java.nio.charset=ALL-UNNAMED --add-opens=java.base/java.net=ALL-UNNAMED --add-opens=java.base/java.util.concurrent.atomic=ALL-UNNAMED -Xmx1536M -Dfile.encoding=utf8 -Duser.country=IN -Duser.language=en -Duser.variant 
java_command: org.gradle.launcher.daemon.bootstrap.GradleDaemon 7.5
java_class_path (initial): C:\Users\salin\.gradle\wrapper\dists\gradle-7.5-all\6qsw290k5lz422uaf8jf6m7co\gradle-7.5\lib\gradle-launcher-7.5.jar
Launcher Type: SUN_STANDARD

[Global flags]
     intx CICompilerCount                          = 3                                         {product} {ergonomic}
     uint ConcGCThreads                            = 1                                         {product} {ergonomic}
     uint G1ConcRefinementThreads                  = 4                                         {product} {ergonomic}
   size_t G1HeapRegionSize                         = 1048576                                   {product} {ergonomic}
    uintx GCDrainStackTargetSize                   = 64                                        {product} {ergonomic}
   size_t InitialHeapSize                          = 58720256                                  {product} {ergonomic}
   size_t MarkStackSize                            = 4194304                                   {product} {ergonomic}
   size_t MaxHeapSize                              = 1610612736                                {product} {command line}
   size_t MaxNewSize                               = 965738496                                 {product} {ergonomic}
   size_t MinHeapDeltaBytes                        = 1048576                                   {product} {ergonomic}
   size_t MinHeapSize                              = 8388608                                   {product} {ergonomic}
    uintx NonNMethodCodeHeapSize                   = 5832780                                {pd product} {ergonomic}
    uintx NonProfiledCodeHeapSize                  = 122912730                              {pd product} {ergonomic}
    uintx ProfiledCodeHeapSize                     = 122912730                              {pd product} {ergonomic}
    uintx ReservedCodeCacheSize                    = 251658240                              {pd product} {ergonomic}
     bool SegmentedCodeCache                       = true                                      {product} {ergonomic}
   size_t SoftMaxHeapSize                          = 1610612736                             {manageable} {ergonomic}
     bool UseCompressedClassPointers               = true                           {product lp64_product} {ergonomic}
     bool UseCompressedOops                        = true                           {product lp64_product} {ergonomic}
     bool UseG1GC                                  = true                                      {product} {ergonomic}
     bool UseLargePagesIndividualAllocation        = false                                  {pd product} {ergonomic}

Logging:
Log output configuration:
 #0: stdout all=warning uptime,level,tags
 #1: stderr all=off uptime,level,tags

Environment Variables:
PATH=C:\Program Files\Eclipse Adoptium\jdk-17.0.8.101-hotspot\bin;C:\Program Files\Common Files\Oracle\Java\javapath;C:\Program Files (x86)\Common Files\Oracle\Java\javapath;C:\Program Files\Python310\Scripts\;C:\Program Files\Python310\;C:\WINDOWS\system32;C:\WINDOWS;C:\WINDOWS\System32\Wbem;C:\WINDOWS\System32\OpenSSH\;C:\Program Files (x86)\dotnet\;C:\Program Files\Microsoft SQL Server\120\Tools\Binn\;C:\Users\salin\OneDrive\Desktop\c\mingw64\bin;C:\Program Files\Git\cmd;C:\Users\salin\AppData\Local\nvm;C:\nvm4w\nodejs;C:\WINDOWS\System32\WindowsPowerShell\v1.0\;C:\Program Files\dotnet\;C:\Program Files\CMake\bin;C:\Program Files\MySQL\MySQL Shell 8.0\bin\;C:\Users\salin\AppData\Local\Microsoft\WindowsApps;C:\Users\salin\Downloads\MAK's Android With Flutter Installer\Fluttter BootCamp\flutter\bin;C:\Users\salin\AppData\Local\Programs\Microsoft VS Code\bin;C:\Program Files\JetBrains\PyCharm 2023.2.3\bin;;C:\Users\salin\AppData\Roaming\npm;C:\flutter_windows_3.24.5-stable\flutter\bin;C:\Users\salin\AppData\Local\nvm;C:\nvm4w\nodejs;C:\Users\salin\AppData\Local\Microsoft\WindowsApps;C:\Users\salin\.dotnet\tools
USERNAME=salin
OS=Windows_NT
PROCESSOR_IDENTIFIER=AMD64 Family 23 Model 24 Stepping 1, AuthenticAMD
TMP=C:\Users\salin\AppData\Local\Temp
TEMP=C:\Users\salin\AppData\Local\Temp



---------------  S Y S T E M  ---------------

OS:
 Windows 11 , 64 bit Build 26100 (10.0.26100.3037)
OS uptime: 0 days 16:58 hours

CPU: total 4 (initial active 4) (4 cores per cpu, 2 threads per core) family 23 model 24 stepping 1 microcode 0x8108109, cx8, cmov, fxsr, ht, mmx, 3dnowpref, sse, sse2, sse3, ssse3, sse4a, sse4.1, sse4.2, popcnt, lzcnt, tsc, tscinvbit, avx, avx2, aes, clmul, bmi1, bmi2, adx, sha, fma, vzeroupper, clflush, clflushopt
Processor Information for all 4 processors :
  Max Mhz: 2600, Current Mhz: 2600, Mhz Limit: 2600

Memory: 4k page, system-wide physical 3521M (153M free)
TotalPageFile size 14273M (AvailPageFile size 13M)
current process WorkingSet (physical memory assigned to process): 140M, peak: 151M
current process commit charge ("private bytes"): 214M, peak: 224M

vm_info: OpenJDK 64-Bit Server VM (17.0.8.1+1) for windows-amd64 JRE (17.0.8.1+1), built on Aug 23 2023 15:29:17 by "admin" with MS VC++ 16.7 (VS2019)

END.
